[0.092s] Invoking command in '/home/netweaver/Projects/GSOC/JdeRobot/ros2_challenge_ws/build/turtlebot3_gazebo': CMAKE_PREFIX_PATH=${CMAKE_PREFIX_PATH}:/home/netweaver/Projects/GSOC/JdeRobot/ros2_challenge_ws/install/turtlebot3_teleop:/home/netweaver/Projects/GSOC/JdeRobot/ros2_challenge_ws/install/turtlebot3_example:/home/netweaver/Projects/GSOC/JdeRobot/turtlebot3_ws/install/turtlebot3_teleop:/home/netweaver/Projects/GSOC/JdeRobot/turtlebot3_ws/install/turtlebot3_example:/opt/ros/humble /usr/bin/cmake --build /home/netweaver/Projects/GSOC/JdeRobot/ros2_challenge_ws/build/turtlebot3_gazebo -- -j8 -l8
[0.161s] -- Found ament_cmake: 1.3.11 (/opt/ros/humble/share/ament_cmake/cmake)
[0.604s] -- Override CMake install command with custom implementation using symlinks instead of copying resources
[0.675s] [31mCMake Error at CMakeLists.txt:23 (find_package):
[0.676s]   By not providing "Findgazebo.cmake" in CMAKE_MODULE_PATH this project has
[0.676s]   asked CMake to find a package configuration file provided by "gazebo", but
[0.676s]   CMake did not find one.
[0.676s] 
[0.676s]   Could not find a package configuration file provided by "gazebo" with any
[0.676s]   of the following names:
[0.676s] 
[0.676s]     gazeboConfig.cmake
[0.676s]     gazebo-config.cmake
[0.676s] 
[0.676s]   Add the installation prefix of "gazebo" to CMAKE_PREFIX_PATH or set
[0.676s]   "gazebo_DIR" to a directory containing one of the above files.  If "gazebo"
[0.676s]   provides a separate development package or SDK, be sure it has been
[0.676s]   installed.
[0.677s] 
[0.677s] [0m
[0.677s] -- Configuring incomplete, errors occurred!
[0.677s] See also "/home/netweaver/Projects/GSOC/JdeRobot/ros2_challenge_ws/build/turtlebot3_gazebo/CMakeFiles/CMakeOutput.log".
[0.679s] gmake: *** [Makefile:472: cmake_check_build_system] Error 1
[0.877s] Invoked command in '/home/netweaver/Projects/GSOC/JdeRobot/ros2_challenge_ws/build/turtlebot3_gazebo' returned '2': CMAKE_PREFIX_PATH=${CMAKE_PREFIX_PATH}:/home/netweaver/Projects/GSOC/JdeRobot/ros2_challenge_ws/install/turtlebot3_teleop:/home/netweaver/Projects/GSOC/JdeRobot/ros2_challenge_ws/install/turtlebot3_example:/home/netweaver/Projects/GSOC/JdeRobot/turtlebot3_ws/install/turtlebot3_teleop:/home/netweaver/Projects/GSOC/JdeRobot/turtlebot3_ws/install/turtlebot3_example:/opt/ros/humble /usr/bin/cmake --build /home/netweaver/Projects/GSOC/JdeRobot/ros2_challenge_ws/build/turtlebot3_gazebo -- -j8 -l8
