[10.918s] Invoking command in '/home/netweaver/Projects/GSOC/JdeRobot/ros2_challenge_ws/src/turtlebot3/turtlebot3_teleop': PYTHONPATH=/home/netweaver/Projects/GSOC/JdeRobot/ros2_challenge_ws/build/turtlebot3_teleop/prefix_override:/usr/lib/python3/dist-packages/colcon_core/task/python/colcon_distutils_commands:/home/netweaver/Projects/GSOC/JdeRobot/ros2_challenge_ws/install/turtlebot3_teleop/lib/python3.10/site-packages:${PYTHONPATH} /usr/bin/python3 -W ignore:setup.py install is deprecated -W ignore:easy_install command is deprecated setup.py egg_info --egg-base ../../../build/turtlebot3_teleop build --build-base /home/netweaver/Projects/GSOC/JdeRobot/ros2_challenge_ws/build/turtlebot3_teleop/build install --record /home/netweaver/Projects/GSOC/JdeRobot/ros2_challenge_ws/build/turtlebot3_teleop/install.log --single-version-externally-managed install_data
[13.489s] running egg_info
[13.497s] writing ../../../build/turtlebot3_teleop/turtlebot3_teleop.egg-info/PKG-INFO
[13.509s] writing dependency_links to ../../../build/turtlebot3_teleop/turtlebot3_teleop.egg-info/dependency_links.txt
[13.511s] writing entry points to ../../../build/turtlebot3_teleop/turtlebot3_teleop.egg-info/entry_points.txt
[13.511s] writing requirements to ../../../build/turtlebot3_teleop/turtlebot3_teleop.egg-info/requires.txt
[13.511s] writing top-level names to ../../../build/turtlebot3_teleop/turtlebot3_teleop.egg-info/top_level.txt
[13.528s] reading manifest file '../../../build/turtlebot3_teleop/turtlebot3_teleop.egg-info/SOURCES.txt'
[13.538s] writing manifest file '../../../build/turtlebot3_teleop/turtlebot3_teleop.egg-info/SOURCES.txt'
[13.538s] running build
[13.539s] running build_py
[13.551s] running install
[13.558s] running install_lib
[13.575s] running install_data
[13.581s] running install_egg_info
[13.602s] removing '/home/netweaver/Projects/GSOC/JdeRobot/ros2_challenge_ws/install/turtlebot3_teleop/lib/python3.10/site-packages/turtlebot3_teleop-2.2.5-py3.10.egg-info' (and everything under it)
[13.604s] Copying ../../../build/turtlebot3_teleop/turtlebot3_teleop.egg-info to /home/netweaver/Projects/GSOC/JdeRobot/ros2_challenge_ws/install/turtlebot3_teleop/lib/python3.10/site-packages/turtlebot3_teleop-2.2.5-py3.10.egg-info
[13.608s] running install_scripts
[13.801s] Installing teleop_keyboard script to /home/netweaver/Projects/GSOC/JdeRobot/ros2_challenge_ws/install/turtlebot3_teleop/lib/turtlebot3_teleop
[13.811s] writing list of installed files to '/home/netweaver/Projects/GSOC/JdeRobot/ros2_challenge_ws/build/turtlebot3_teleop/install.log'
[14.842s] Invoked command in '/home/netweaver/Projects/GSOC/JdeRobot/ros2_challenge_ws/src/turtlebot3/turtlebot3_teleop' returned '0': PYTHONPATH=/home/netweaver/Projects/GSOC/JdeRobot/ros2_challenge_ws/build/turtlebot3_teleop/prefix_override:/usr/lib/python3/dist-packages/colcon_core/task/python/colcon_distutils_commands:/home/netweaver/Projects/GSOC/JdeRobot/ros2_challenge_ws/install/turtlebot3_teleop/lib/python3.10/site-packages:${PYTHONPATH} /usr/bin/python3 -W ignore:setup.py install is deprecated -W ignore:easy_install command is deprecated setup.py egg_info --egg-base ../../../build/turtlebot3_teleop build --build-base /home/netweaver/Projects/GSOC/JdeRobot/ros2_challenge_ws/build/turtlebot3_teleop/build install --record /home/netweaver/Projects/GSOC/JdeRobot/ros2_challenge_ws/build/turtlebot3_teleop/install.log --single-version-externally-managed install_data
