[0.087s] Invoking command in '/home/netweaver/Projects/GSOC/JdeRobot/ros2_challenge_ws/build/turtlebot3_cartographer': CMAKE_PREFIX_PATH=${CMAKE_PREFIX_PATH}:/home/netweaver/Projects/GSOC/JdeRobot/turtlebot3_ws/install/turtlebot3_teleop:/home/netweaver/Projects/GSOC/JdeRobot/turtlebot3_ws/install/turtlebot3_example:/opt/ros/humble /usr/bin/cmake /home/netweaver/Projects/GSOC/JdeRobot/ros2_challenge_ws/src/turtlebot3/turtlebot3_cartographer -DAMENT_CMAKE_SYMLINK_INSTALL=1 -DCMAKE_INSTALL_PREFIX=/home/netweaver/Projects/GSOC/JdeRobot/ros2_challenge_ws/install/turtlebot3_cartographer
[0.907s] -- The C compiler identification is GNU 11.4.0
[0.907s] -- The CXX compiler identification is GNU 11.4.0
[0.908s] -- Detecting C compiler ABI info
[0.908s] -- Detecting C compiler ABI info - done
[0.908s] -- Check for working C compiler: /usr/bin/gcc - skipped
[0.908s] -- Detecting C compile features
[0.908s] -- Detecting C compile features - done
[0.908s] -- Detecting CXX compiler ABI info
[0.908s] -- Detecting CXX compiler ABI info - done
[0.909s] -- Check for working CXX compiler: /usr/bin/g++ - skipped
[0.909s] -- Detecting CXX compile features
[0.909s] -- Detecting CXX compile features - done
[0.924s] -- Found ament_cmake: 1.3.11 (/opt/ros/humble/share/ament_cmake/cmake)
[1.413s] -- Found Python3: /usr/bin/python3 (found version "3.10.12") found components: Interpreter 
[1.630s] -- Override CMake install command with custom implementation using symlinks instead of copying resources
[2.052s] -- Configuring done
[2.068s] -- Generating done
[2.076s] -- Build files have been written to: /home/netweaver/Projects/GSOC/JdeRobot/ros2_challenge_ws/build/turtlebot3_cartographer
[2.103s] Invoked command in '/home/netweaver/Projects/GSOC/JdeRobot/ros2_challenge_ws/build/turtlebot3_cartographer' returned '0': CMAKE_PREFIX_PATH=${CMAKE_PREFIX_PATH}:/home/netweaver/Projects/GSOC/JdeRobot/turtlebot3_ws/install/turtlebot3_teleop:/home/netweaver/Projects/GSOC/JdeRobot/turtlebot3_ws/install/turtlebot3_example:/opt/ros/humble /usr/bin/cmake /home/netweaver/Projects/GSOC/JdeRobot/ros2_challenge_ws/src/turtlebot3/turtlebot3_cartographer -DAMENT_CMAKE_SYMLINK_INSTALL=1 -DCMAKE_INSTALL_PREFIX=/home/netweaver/Projects/GSOC/JdeRobot/ros2_challenge_ws/install/turtlebot3_cartographer
[2.105s] Invoking command in '/home/netweaver/Projects/GSOC/JdeRobot/ros2_challenge_ws/build/turtlebot3_cartographer': CMAKE_PREFIX_PATH=${CMAKE_PREFIX_PATH}:/home/netweaver/Projects/GSOC/JdeRobot/turtlebot3_ws/install/turtlebot3_teleop:/home/netweaver/Projects/GSOC/JdeRobot/turtlebot3_ws/install/turtlebot3_example:/opt/ros/humble /usr/bin/cmake --build /home/netweaver/Projects/GSOC/JdeRobot/ros2_challenge_ws/build/turtlebot3_cartographer -- -j8 -l8
[2.275s] Invoked command in '/home/netweaver/Projects/GSOC/JdeRobot/ros2_challenge_ws/build/turtlebot3_cartographer' returned '0': CMAKE_PREFIX_PATH=${CMAKE_PREFIX_PATH}:/home/netweaver/Projects/GSOC/JdeRobot/turtlebot3_ws/install/turtlebot3_teleop:/home/netweaver/Projects/GSOC/JdeRobot/turtlebot3_ws/install/turtlebot3_example:/opt/ros/humble /usr/bin/cmake --build /home/netweaver/Projects/GSOC/JdeRobot/ros2_challenge_ws/build/turtlebot3_cartographer -- -j8 -l8
[2.276s] Invoking command in '/home/netweaver/Projects/GSOC/JdeRobot/ros2_challenge_ws/build/turtlebot3_cartographer': CMAKE_PREFIX_PATH=${CMAKE_PREFIX_PATH}:/home/netweaver/Projects/GSOC/JdeRobot/turtlebot3_ws/install/turtlebot3_teleop:/home/netweaver/Projects/GSOC/JdeRobot/turtlebot3_ws/install/turtlebot3_example:/opt/ros/humble /usr/bin/cmake --install /home/netweaver/Projects/GSOC/JdeRobot/ros2_challenge_ws/build/turtlebot3_cartographer
[3.473s] -- Install configuration: ""
[3.473s] -- Execute custom install script
[3.473s] -- Symlinking: /home/netweaver/Projects/GSOC/JdeRobot/ros2_challenge_ws/install/turtlebot3_cartographer/share/turtlebot3_cartographer/config/turtlebot3_lds_2d.lua
[3.474s] -- Symlinking: /home/netweaver/Projects/GSOC/JdeRobot/ros2_challenge_ws/install/turtlebot3_cartographer/share/turtlebot3_cartographer/launch/cartographer.launch.py
[3.474s] -- Symlinking: /home/netweaver/Projects/GSOC/JdeRobot/ros2_challenge_ws/install/turtlebot3_cartographer/share/turtlebot3_cartographer/launch/occupancy_grid.launch.py
[3.474s] -- Symlinking: /home/netweaver/Projects/GSOC/JdeRobot/ros2_challenge_ws/install/turtlebot3_cartographer/share/turtlebot3_cartographer/rviz/tb3_cartographer.rviz
[3.474s] -- Symlinking: /home/netweaver/Projects/GSOC/JdeRobot/ros2_challenge_ws/install/turtlebot3_cartographer/share/ament_index/resource_index/package_run_dependencies/turtlebot3_cartographer
[3.474s] -- Symlinking: /home/netweaver/Projects/GSOC/JdeRobot/ros2_challenge_ws/install/turtlebot3_cartographer/share/ament_index/resource_index/parent_prefix_path/turtlebot3_cartographer
[3.474s] -- Symlinking: /home/netweaver/Projects/GSOC/JdeRobot/ros2_challenge_ws/install/turtlebot3_cartographer/share/turtlebot3_cartographer/environment/ament_prefix_path.sh
[3.474s] -- Symlinking: /home/netweaver/Projects/GSOC/JdeRobot/ros2_challenge_ws/install/turtlebot3_cartographer/share/turtlebot3_cartographer/environment/ament_prefix_path.dsv
[3.475s] -- Symlinking: /home/netweaver/Projects/GSOC/JdeRobot/ros2_challenge_ws/install/turtlebot3_cartographer/share/turtlebot3_cartographer/environment/path.sh
[3.475s] -- Symlinking: /home/netweaver/Projects/GSOC/JdeRobot/ros2_challenge_ws/install/turtlebot3_cartographer/share/turtlebot3_cartographer/environment/path.dsv
[3.475s] -- Symlinking: /home/netweaver/Projects/GSOC/JdeRobot/ros2_challenge_ws/install/turtlebot3_cartographer/share/turtlebot3_cartographer/local_setup.bash
[3.475s] -- Symlinking: /home/netweaver/Projects/GSOC/JdeRobot/ros2_challenge_ws/install/turtlebot3_cartographer/share/turtlebot3_cartographer/local_setup.sh
[3.475s] -- Symlinking: /home/netweaver/Projects/GSOC/JdeRobot/ros2_challenge_ws/install/turtlebot3_cartographer/share/turtlebot3_cartographer/local_setup.zsh
[3.475s] -- Symlinking: /home/netweaver/Projects/GSOC/JdeRobot/ros2_challenge_ws/install/turtlebot3_cartographer/share/turtlebot3_cartographer/local_setup.dsv
[3.490s] -- Symlinking: /home/netweaver/Projects/GSOC/JdeRobot/ros2_challenge_ws/install/turtlebot3_cartographer/share/turtlebot3_cartographer/package.dsv
[3.490s] -- Symlinking: /home/netweaver/Projects/GSOC/JdeRobot/ros2_challenge_ws/install/turtlebot3_cartographer/share/ament_index/resource_index/packages/turtlebot3_cartographer
[3.490s] -- Symlinking: /home/netweaver/Projects/GSOC/JdeRobot/ros2_challenge_ws/install/turtlebot3_cartographer/share/turtlebot3_cartographer/cmake/turtlebot3_cartographerConfig.cmake
[3.491s] -- Symlinking: /home/netweaver/Projects/GSOC/JdeRobot/ros2_challenge_ws/install/turtlebot3_cartographer/share/turtlebot3_cartographer/cmake/turtlebot3_cartographerConfig-version.cmake
[3.491s] -- Symlinking: /home/netweaver/Projects/GSOC/JdeRobot/ros2_challenge_ws/install/turtlebot3_cartographer/share/turtlebot3_cartographer/package.xml
[3.491s] Invoked command in '/home/netweaver/Projects/GSOC/JdeRobot/ros2_challenge_ws/build/turtlebot3_cartographer' returned '0': CMAKE_PREFIX_PATH=${CMAKE_PREFIX_PATH}:/home/netweaver/Projects/GSOC/JdeRobot/turtlebot3_ws/install/turtlebot3_teleop:/home/netweaver/Projects/GSOC/JdeRobot/turtlebot3_ws/install/turtlebot3_example:/opt/ros/humble /usr/bin/cmake --install /home/netweaver/Projects/GSOC/JdeRobot/ros2_challenge_ws/build/turtlebot3_cartographer
