[0.019s] Invoking command in '/home/netweaver/Projects/GSOC/JdeRobot/ros2_challenge_ws/build/introduction_to_ros2': CMAKE_PREFIX_PATH=${CMAKE_PREFIX_PATH}:/opt/ros/jazzy DEBUGINFOD_URLS=https://debuginfod.ubuntu.com VIRTUAL_ENV_PROMPT=(venv-ardupilot) /usr/bin/cmake --build /home/netweaver/Projects/GSOC/JdeRobot/ros2_challenge_ws/build/introduction_to_ros2 -- -j8 -l8
[0.075s] -- Found ament_cmake: 2.5.3 (/opt/ros/jazzy/share/ament_cmake/cmake)
[0.641s] -- Found rclcpp: 28.1.6 (/opt/ros/jazzy/share/rclcpp/cmake)
[0.868s] -- Found rosidl_generator_c: 4.6.5 (/opt/ros/jazzy/share/rosidl_generator_c/cmake)
[0.908s] -- Found rosidl_generator_cpp: 4.6.5 (/opt/ros/jazzy/share/rosidl_generator_cpp/cmake)
[0.960s] -- Using all available rosidl_typesupport_c: rosidl_typesupport_fastrtps_c;rosidl_typesupport_introspection_c
[1.015s] -- Using all available rosidl_typesupport_cpp: rosidl_typesupport_fastrtps_cpp;rosidl_typesupport_introspection_cpp
[1.234s] -- Found rmw_implementation_cmake: 7.3.1 (/opt/ros/jazzy/share/rmw_implementation_cmake/cmake)
[1.245s] -- Found rmw_fastrtps_cpp: 8.4.1 (/opt/ros/jazzy/share/rmw_fastrtps_cpp/cmake)
[1.497s] -- Found OpenSSL: /usr/lib/x86_64-linux-gnu/libcrypto.so (found version "3.0.13")  
[1.610s] -- Found FastRTPS: /opt/ros/jazzy/include (Required is at least version "2.13") 
[1.663s] -- Using RMW implementation 'rmw_fastrtps_cpp' as default
[1.870s] -- Found std_msgs: 5.3.5 (/opt/ros/jazzy/share/std_msgs/cmake)
[1.907s] -- Found ament_lint_auto: 0.17.1 (/opt/ros/jazzy/share/ament_lint_auto/cmake)
[2.104s] -- Added test 'cppcheck' to perform static code analysis on C / C++ code
[2.104s] -- Configured cppcheck include dirs: $<BUILD_INTERFACE:/home/netweaver/Projects/GSOC/JdeRobot/ros2_challenge_ws/src/introduction_to_ros2/include>
[2.105s] -- Configured cppcheck exclude dirs and/or files: 
[2.108s] -- Added test 'lint_cmake' to check CMake code style
[2.116s] -- Added test 'uncrustify' to check C / C++ code style
[2.116s] -- Configured uncrustify additional arguments: 
[2.118s] -- Added test 'xmllint' to check XML markup files
[2.120s] -- Configuring done (2.1s)
[2.150s] -- Generating done (0.0s)
[2.161s] -- Build files have been written to: /home/netweaver/Projects/GSOC/JdeRobot/ros2_challenge_ws/build/introduction_to_ros2
[2.262s] [ 50%] [32mBuilding CXX object CMakeFiles/introduction_to_ros2.dir/src/introduction_to_ros2.cpp.o[0m
[15.988s] [100%] [32m[1mLinking CXX executable introduction_to_ros2[0m
[16.813s] [100%] Built target introduction_to_ros2
[16.837s] Invoked command in '/home/netweaver/Projects/GSOC/JdeRobot/ros2_challenge_ws/build/introduction_to_ros2' returned '0': CMAKE_PREFIX_PATH=${CMAKE_PREFIX_PATH}:/opt/ros/jazzy DEBUGINFOD_URLS=https://debuginfod.ubuntu.com VIRTUAL_ENV_PROMPT=(venv-ardupilot) /usr/bin/cmake --build /home/netweaver/Projects/GSOC/JdeRobot/ros2_challenge_ws/build/introduction_to_ros2 -- -j8 -l8
[16.859s] Invoking command in '/home/netweaver/Projects/GSOC/JdeRobot/ros2_challenge_ws/build/introduction_to_ros2': CMAKE_PREFIX_PATH=${CMAKE_PREFIX_PATH}:/opt/ros/jazzy DEBUGINFOD_URLS=https://debuginfod.ubuntu.com VIRTUAL_ENV_PROMPT=(venv-ardupilot) /usr/bin/cmake --install /home/netweaver/Projects/GSOC/JdeRobot/ros2_challenge_ws/build/introduction_to_ros2
[16.878s] -- Install configuration: ""
[16.878s] -- Installing: /home/netweaver/Projects/GSOC/JdeRobot/ros2_challenge_ws/install/introduction_to_ros2/lib/introduction_to_ros2/introduction_to_ros2
[16.892s] -- Set non-toolchain portion of runtime path of "/home/netweaver/Projects/GSOC/JdeRobot/ros2_challenge_ws/install/introduction_to_ros2/lib/introduction_to_ros2/introduction_to_ros2" to ""
[16.893s] -- Installing: /home/netweaver/Projects/GSOC/JdeRobot/ros2_challenge_ws/install/introduction_to_ros2/share/ament_index/resource_index/package_run_dependencies/introduction_to_ros2
[16.894s] -- Up-to-date: /home/netweaver/Projects/GSOC/JdeRobot/ros2_challenge_ws/install/introduction_to_ros2/share/ament_index/resource_index/parent_prefix_path/introduction_to_ros2
[16.895s] -- Up-to-date: /home/netweaver/Projects/GSOC/JdeRobot/ros2_challenge_ws/install/introduction_to_ros2/share/introduction_to_ros2/environment/ament_prefix_path.sh
[16.895s] -- Up-to-date: /home/netweaver/Projects/GSOC/JdeRobot/ros2_challenge_ws/install/introduction_to_ros2/share/introduction_to_ros2/environment/ament_prefix_path.dsv
[16.896s] -- Up-to-date: /home/netweaver/Projects/GSOC/JdeRobot/ros2_challenge_ws/install/introduction_to_ros2/share/introduction_to_ros2/environment/path.sh
[16.896s] -- Up-to-date: /home/netweaver/Projects/GSOC/JdeRobot/ros2_challenge_ws/install/introduction_to_ros2/share/introduction_to_ros2/environment/path.dsv
[16.897s] -- Up-to-date: /home/netweaver/Projects/GSOC/JdeRobot/ros2_challenge_ws/install/introduction_to_ros2/share/introduction_to_ros2/local_setup.bash
[16.897s] -- Up-to-date: /home/netweaver/Projects/GSOC/JdeRobot/ros2_challenge_ws/install/introduction_to_ros2/share/introduction_to_ros2/local_setup.sh
[16.897s] -- Up-to-date: /home/netweaver/Projects/GSOC/JdeRobot/ros2_challenge_ws/install/introduction_to_ros2/share/introduction_to_ros2/local_setup.zsh
[16.897s] -- Up-to-date: /home/netweaver/Projects/GSOC/JdeRobot/ros2_challenge_ws/install/introduction_to_ros2/share/introduction_to_ros2/local_setup.dsv
[16.898s] -- Installing: /home/netweaver/Projects/GSOC/JdeRobot/ros2_challenge_ws/install/introduction_to_ros2/share/introduction_to_ros2/package.dsv
[16.898s] -- Up-to-date: /home/netweaver/Projects/GSOC/JdeRobot/ros2_challenge_ws/install/introduction_to_ros2/share/ament_index/resource_index/packages/introduction_to_ros2
[16.898s] -- Up-to-date: /home/netweaver/Projects/GSOC/JdeRobot/ros2_challenge_ws/install/introduction_to_ros2/share/introduction_to_ros2/cmake/introduction_to_ros2Config.cmake
[16.899s] -- Up-to-date: /home/netweaver/Projects/GSOC/JdeRobot/ros2_challenge_ws/install/introduction_to_ros2/share/introduction_to_ros2/cmake/introduction_to_ros2Config-version.cmake
[16.899s] -- Installing: /home/netweaver/Projects/GSOC/JdeRobot/ros2_challenge_ws/install/introduction_to_ros2/share/introduction_to_ros2/package.xml
[16.902s] Invoked command in '/home/netweaver/Projects/GSOC/JdeRobot/ros2_challenge_ws/build/introduction_to_ros2' returned '0': CMAKE_PREFIX_PATH=${CMAKE_PREFIX_PATH}:/opt/ros/jazzy DEBUGINFOD_URLS=https://debuginfod.ubuntu.com VIRTUAL_ENV_PROMPT=(venv-ardupilot) /usr/bin/cmake --install /home/netweaver/Projects/GSOC/JdeRobot/ros2_challenge_ws/build/introduction_to_ros2
