[0.125s] Invoking command in '/home/netweaver/Projects/GSOC/JdeRobot/ros2_challenge_ws/build/turtlebot3_msgs': CMAKE_PREFIX_PATH=${CMAKE_PREFIX_PATH}:/home/netweaver/Projects/GSOC/JdeRobot/ros2_challenge_ws/install/turtlebot3_teleop:/home/netweaver/Projects/GSOC/JdeRobot/ros2_challenge_ws/install/turtlebot3_example:/home/netweaver/Projects/GSOC/JdeRobot/turtlebot3_ws/install/turtlebot3_teleop:/home/netweaver/Projects/GSOC/JdeRobot/turtlebot3_ws/install/turtlebot3_example:/opt/ros/humble /usr/bin/cmake --build /home/netweaver/Projects/GSOC/JdeRobot/ros2_challenge_ws/build/turtlebot3_msgs -- -j8 -l8
[0.312s] [ 11%] Built target turtlebot3_msgs__rosidl_generator_c
[0.313s] [ 12%] Built target turtlebot3_msgs__cpp
[0.345s] [ 12%] Built target ament_cmake_python_symlink_turtlebot3_msgs
[0.424s] [ 23%] Built target turtlebot3_msgs__rosidl_typesupport_introspection_c
[0.459s] [ 35%] Built target turtlebot3_msgs__rosidl_typesupport_c
[0.477s] [ 57%] Built target turtlebot3_msgs__rosidl_typesupport_introspection_cpp
[0.481s] [ 57%] Built target turtlebot3_msgs__rosidl_typesupport_fastrtps_c
[0.482s] [ 69%] Built target turtlebot3_msgs__rosidl_typesupport_cpp
[0.486s] [ 80%] Built target turtlebot3_msgs__rosidl_typesupport_fastrtps_cpp
[0.552s] [ 80%] Built target turtlebot3_msgs
[0.596s] [ 81%] Built target turtlebot3_msgs__py
[0.658s] [ 91%] Built target turtlebot3_msgs__rosidl_generator_py
[0.737s] [ 94%] Built target turtlebot3_msgs__rosidl_typesupport_introspection_c__pyext
[0.739s] [ 97%] Built target turtlebot3_msgs__rosidl_typesupport_fastrtps_c__pyext
[0.764s] [100%] Built target turtlebot3_msgs__rosidl_typesupport_c__pyext
[0.960s] running egg_info
[0.961s] writing turtlebot3_msgs.egg-info/PKG-INFO
[0.961s] writing dependency_links to turtlebot3_msgs.egg-info/dependency_links.txt
[0.961s] writing top-level names to turtlebot3_msgs.egg-info/top_level.txt
[0.967s] reading manifest file 'turtlebot3_msgs.egg-info/SOURCES.txt'
[0.971s] writing manifest file 'turtlebot3_msgs.egg-info/SOURCES.txt'
[1.039s] [100%] Built target ament_cmake_python_build_turtlebot3_msgs_egg
