[0.097s] Invoking command in '/home/netweaver/Projects/GSOC/JdeRobot/ros2_challenge_ws/build/turtlebot3_gazebo': CMAKE_PREFIX_PATH=${CMAKE_PREFIX_PATH}:/home/netweaver/Projects/GSOC/JdeRobot/ros2_challenge_ws/install/turtlebot3_teleop:/home/netweaver/Projects/GSOC/JdeRobot/ros2_challenge_ws/install/turtlebot3_example:/home/netweaver/Projects/GSOC/JdeRobot/turtlebot3_ws/install/turtlebot3_teleop:/home/netweaver/Projects/GSOC/JdeRobot/turtlebot3_ws/install/turtlebot3_example:/opt/ros/humble /usr/bin/cmake --build /home/netweaver/Projects/GSOC/JdeRobot/ros2_challenge_ws/build/turtlebot3_gazebo -- -j8 -l8
[0.199s] -- Found ament_cmake: 1.3.11 (/opt/ros/humble/share/ament_cmake/cmake)
[0.643s] -- Override CMake install command with custom implementation using symlinks instead of copying resources
[0.699s] [31mCMake Error at CMakeLists.txt:23 (find_package):
[0.699s]   By not providing "Findgazebo.cmake" in CMAKE_MODULE_PATH this project has
[0.699s]   asked CMake to find a package configuration file provided by "gazebo", but
[0.699s]   CMake did not find one.
[0.700s] 
[0.700s]   Could not find a package configuration file provided by "gazebo" with any
[0.700s]   of the following names:
[0.700s] 
[0.700s]     gazeboConfig.cmake
[0.700s]     gazebo-config.cmake
[0.700s] 
[0.701s]   Add the installation prefix of "gazebo" to CMAKE_PREFIX_PATH or set
[0.701s]   "gazebo_DIR" to a directory containing one of the above files.  If "gazebo"
[0.701s]   provides a separate development package or SDK, be sure it has been
[0.701s]   installed.
[0.701s] 
[0.701s] [0m
[0.701s] -- Configuring incomplete, errors occurred!
[0.702s] See also "/home/netweaver/Projects/GSOC/JdeRobot/ros2_challenge_ws/build/turtlebot3_gazebo/CMakeFiles/CMakeOutput.log".
[0.703s] gmake: *** [Makefile:472: cmake_check_build_system] Error 1
[0.879s] Invoked command in '/home/netweaver/Projects/GSOC/JdeRobot/ros2_challenge_ws/build/turtlebot3_gazebo' returned '2': CMAKE_PREFIX_PATH=${CMAKE_PREFIX_PATH}:/home/netweaver/Projects/GSOC/JdeRobot/ros2_challenge_ws/install/turtlebot3_teleop:/home/netweaver/Projects/GSOC/JdeRobot/ros2_challenge_ws/install/turtlebot3_example:/home/netweaver/Projects/GSOC/JdeRobot/turtlebot3_ws/install/turtlebot3_teleop:/home/netweaver/Projects/GSOC/JdeRobot/turtlebot3_ws/install/turtlebot3_example:/opt/ros/humble /usr/bin/cmake --build /home/netweaver/Projects/GSOC/JdeRobot/ros2_challenge_ws/build/turtlebot3_gazebo -- -j8 -l8
