-- Found ament_cmake: 1.3.11 (/opt/ros/humble/share/ament_cmake/cmake)
-- Override CMake install command with custom implementation using symlinks instead of copying resources
-- Found ament_lint_auto: 0.12.11 (/opt/ros/humble/share/ament_lint_auto/cmake)
-- Added test 'cppcheck' to perform static code analysis on C / C++ code
-- Configured cppcheck include dirs: $<BUILD_INTERFACE:/home/netweaver/Projects/GSOC/JdeRobot/ros2_challenge_ws/src/ros2_navigation2/include>
-- Configured cppcheck exclude dirs and/or files: 
-- Added test 'flake8' to check Python code syntax and style conventions
-- Added test 'lint_cmake' to check CMake code style
-- Added test 'pep257' to check Python code against some of the docstring style conventions in PEP 257
-- Added test 'uncrustify' to check C / C++ code style
-- Configured uncrustify additional arguments: 
-- Added test 'xmllint' to check XML markup files
-- Configuring done
-- Generating done
-- Build files have been written to: /home/netweaver/Projects/GSOC/JdeRobot/ros2_challenge_ws/build/ros2_navigation2
[35m[1mConsolidate compiler generated dependencies of target ros2_navigation2[0m
[100%] Built target ros2_navigation2
-- Install configuration: ""
-- Execute custom install script
-- Up-to-date symlink: /home/netweaver/Projects/GSOC/JdeRobot/ros2_challenge_ws/install/ros2_navigation2/lib/ros2_navigation2/ros2_navigation2
-- Symlinking: /home/netweaver/Projects/GSOC/JdeRobot/ros2_challenge_ws/install/ros2_navigation2/lib/ros2_navigation2/navigate_waypoints.py
-- Up-to-date symlink: /home/netweaver/Projects/GSOC/JdeRobot/ros2_challenge_ws/install/ros2_navigation2/share/ament_index/resource_index/package_run_dependencies/ros2_navigation2
-- Up-to-date symlink: /home/netweaver/Projects/GSOC/JdeRobot/ros2_challenge_ws/install/ros2_navigation2/share/ament_index/resource_index/parent_prefix_path/ros2_navigation2
-- Up-to-date symlink: /home/netweaver/Projects/GSOC/JdeRobot/ros2_challenge_ws/install/ros2_navigation2/share/ros2_navigation2/environment/ament_prefix_path.sh
-- Up-to-date symlink: /home/netweaver/Projects/GSOC/JdeRobot/ros2_challenge_ws/install/ros2_navigation2/share/ros2_navigation2/environment/ament_prefix_path.dsv
-- Up-to-date symlink: /home/netweaver/Projects/GSOC/JdeRobot/ros2_challenge_ws/install/ros2_navigation2/share/ros2_navigation2/environment/path.sh
-- Up-to-date symlink: /home/netweaver/Projects/GSOC/JdeRobot/ros2_challenge_ws/install/ros2_navigation2/share/ros2_navigation2/environment/path.dsv
-- Up-to-date symlink: /home/netweaver/Projects/GSOC/JdeRobot/ros2_challenge_ws/install/ros2_navigation2/share/ros2_navigation2/local_setup.bash
-- Up-to-date symlink: /home/netweaver/Projects/GSOC/JdeRobot/ros2_challenge_ws/install/ros2_navigation2/share/ros2_navigation2/local_setup.sh
-- Up-to-date symlink: /home/netweaver/Projects/GSOC/JdeRobot/ros2_challenge_ws/install/ros2_navigation2/share/ros2_navigation2/local_setup.zsh
-- Up-to-date symlink: /home/netweaver/Projects/GSOC/JdeRobot/ros2_challenge_ws/install/ros2_navigation2/share/ros2_navigation2/local_setup.dsv
-- Symlinking: /home/netweaver/Projects/GSOC/JdeRobot/ros2_challenge_ws/install/ros2_navigation2/share/ros2_navigation2/package.dsv
-- Up-to-date symlink: /home/netweaver/Projects/GSOC/JdeRobot/ros2_challenge_ws/install/ros2_navigation2/share/ament_index/resource_index/packages/ros2_navigation2
-- Up-to-date symlink: /home/netweaver/Projects/GSOC/JdeRobot/ros2_challenge_ws/install/ros2_navigation2/share/ros2_navigation2/cmake/ros2_navigation2Config.cmake
-- Up-to-date symlink: /home/netweaver/Projects/GSOC/JdeRobot/ros2_challenge_ws/install/ros2_navigation2/share/ros2_navigation2/cmake/ros2_navigation2Config-version.cmake
-- Up-to-date symlink: /home/netweaver/Projects/GSOC/JdeRobot/ros2_challenge_ws/install/ros2_navigation2/share/ros2_navigation2/package.xml
