[0.484s] Invoking command in '/home/netweaver/Projects/GSOC/JdeRobot/ros2_challenge_ws/build/turtlebot3_gazebo': CMAKE_PREFIX_PATH=${CMAKE_PREFIX_PATH}:/home/netweaver/Projects/GSOC/JdeRobot/ros2_challenge_ws/install/turtlebot3_teleop:/home/netweaver/Projects/GSOC/JdeRobot/ros2_challenge_ws/install/turtlebot3_example:/home/netweaver/Projects/GSOC/JdeRobot/turtlebot3_ws/install/turtlebot3_teleop:/home/netweaver/Projects/GSOC/JdeRobot/turtlebot3_ws/install/turtlebot3_example:/opt/ros/humble /usr/bin/cmake --build /home/netweaver/Projects/GSOC/JdeRobot/ros2_challenge_ws/build/turtlebot3_gazebo -- -j8 -l8
[1.274s] [ 16%] Built target turtlebot3_drive
[1.771s] [ 33%] Built target obstacles
[2.215s] [ 50%] Built target obstacle2
[2.605s] [ 66%] Built target obstacle1
[2.975s] [ 83%] Built target traffic_bar_plugin
[3.373s] [100%] Built target traffic_light_plugin
[5.425s] Invoked command in '/home/netweaver/Projects/GSOC/JdeRobot/ros2_challenge_ws/build/turtlebot3_gazebo' returned '0': CMAKE_PREFIX_PATH=${CMAKE_PREFIX_PATH}:/home/netweaver/Projects/GSOC/JdeRobot/ros2_challenge_ws/install/turtlebot3_teleop:/home/netweaver/Projects/GSOC/JdeRobot/ros2_challenge_ws/install/turtlebot3_example:/home/netweaver/Projects/GSOC/JdeRobot/turtlebot3_ws/install/turtlebot3_teleop:/home/netweaver/Projects/GSOC/JdeRobot/turtlebot3_ws/install/turtlebot3_example:/opt/ros/humble /usr/bin/cmake --build /home/netweaver/Projects/GSOC/JdeRobot/ros2_challenge_ws/build/turtlebot3_gazebo -- -j8 -l8
[5.439s] Invoking command in '/home/netweaver/Projects/GSOC/JdeRobot/ros2_challenge_ws/build/turtlebot3_gazebo': CMAKE_PREFIX_PATH=${CMAKE_PREFIX_PATH}:/home/netweaver/Projects/GSOC/JdeRobot/ros2_challenge_ws/install/turtlebot3_teleop:/home/netweaver/Projects/GSOC/JdeRobot/ros2_challenge_ws/install/turtlebot3_example:/home/netweaver/Projects/GSOC/JdeRobot/turtlebot3_ws/install/turtlebot3_teleop:/home/netweaver/Projects/GSOC/JdeRobot/turtlebot3_ws/install/turtlebot3_example:/opt/ros/humble /usr/bin/cmake --install /home/netweaver/Projects/GSOC/JdeRobot/ros2_challenge_ws/build/turtlebot3_gazebo
[5.742s] -- Install configuration: ""
[5.743s] -- Execute custom install script
[5.744s] -- Up-to-date symlink: /home/netweaver/Projects/GSOC/JdeRobot/ros2_challenge_ws/install/turtlebot3_gazebo/lib/turtlebot3_gazebo/turtlebot3_drive
[5.744s] -- Up-to-date symlink: /home/netweaver/Projects/GSOC/JdeRobot/ros2_challenge_ws/install/turtlebot3_gazebo/share/turtlebot3_gazebo//launch/empty_world.launch.py
[5.745s] -- Up-to-date symlink: /home/netweaver/Projects/GSOC/JdeRobot/ros2_challenge_ws/install/turtlebot3_gazebo/share/turtlebot3_gazebo//launch/multi_robot.launch.py
[5.745s] -- Up-to-date symlink: /home/netweaver/Projects/GSOC/JdeRobot/ros2_challenge_ws/install/turtlebot3_gazebo/share/turtlebot3_gazebo//launch/multi_spawn_turtlebot3.launch.py
[5.747s] -- Up-to-date symlink: /home/netweaver/Projects/GSOC/JdeRobot/ros2_challenge_ws/install/turtlebot3_gazebo/share/turtlebot3_gazebo//launch/robot_state_publisher.launch.py
[5.764s] -- Up-to-date symlink: /home/netweaver/Projects/GSOC/JdeRobot/ros2_challenge_ws/install/turtlebot3_gazebo/share/turtlebot3_gazebo//launch/spawn_turtlebot3.launch.py
[5.766s] -- Up-to-date symlink: /home/netweaver/Projects/GSOC/JdeRobot/ros2_challenge_ws/install/turtlebot3_gazebo/share/turtlebot3_gazebo//launch/turtlebot3_autorace_2020.launch.py
[5.768s] -- Up-to-date symlink: /home/netweaver/Projects/GSOC/JdeRobot/ros2_challenge_ws/install/turtlebot3_gazebo/share/turtlebot3_gazebo//launch/turtlebot3_dqn_stage1.launch.py
[5.783s] -- Up-to-date symlink: /home/netweaver/Projects/GSOC/JdeRobot/ros2_challenge_ws/install/turtlebot3_gazebo/share/turtlebot3_gazebo//launch/turtlebot3_dqn_stage2.launch.py
[5.804s] -- Up-to-date symlink: /home/netweaver/Projects/GSOC/JdeRobot/ros2_challenge_ws/install/turtlebot3_gazebo/share/turtlebot3_gazebo//launch/turtlebot3_dqn_stage3.launch.py
[5.808s] -- Up-to-date symlink: /home/netweaver/Projects/GSOC/JdeRobot/ros2_challenge_ws/install/turtlebot3_gazebo/share/turtlebot3_gazebo//launch/turtlebot3_dqn_stage4.launch.py
[5.833s] -- Up-to-date symlink: /home/netweaver/Projects/GSOC/JdeRobot/ros2_challenge_ws/install/turtlebot3_gazebo/share/turtlebot3_gazebo//launch/turtlebot3_house.launch.py
[5.841s] -- Up-to-date symlink: /home/netweaver/Projects/GSOC/JdeRobot/ros2_challenge_ws/install/turtlebot3_gazebo/share/turtlebot3_gazebo//launch/turtlebot3_world.launch.py
[5.901s] -- Up-to-date symlink: /home/netweaver/Projects/GSOC/JdeRobot/ros2_challenge_ws/install/turtlebot3_gazebo/share/turtlebot3_gazebo//models/turtlebot3_autorace_2020/checker/materials/checker.png
[5.902s] -- Up-to-date symlink: /home/netweaver/Projects/GSOC/JdeRobot/ros2_challenge_ws/install/turtlebot3_gazebo/share/turtlebot3_gazebo//models/turtlebot3_autorace_2020/checker/materials/scripts/checker.material
[5.907s] -- Up-to-date symlink: /home/netweaver/Projects/GSOC/JdeRobot/ros2_challenge_ws/install/turtlebot3_gazebo/share/turtlebot3_gazebo//models/turtlebot3_autorace_2020/checker/materials/textures/checker.png
[5.934s] -- Up-to-date symlink: /home/netweaver/Projects/GSOC/JdeRobot/ros2_challenge_ws/install/turtlebot3_gazebo/share/turtlebot3_gazebo//models/turtlebot3_autorace_2020/checker/model.config
[5.935s] -- Up-to-date symlink: /home/netweaver/Projects/GSOC/JdeRobot/ros2_challenge_ws/install/turtlebot3_gazebo/share/turtlebot3_gazebo//models/turtlebot3_autorace_2020/checker/model.sdf
[5.935s] -- Up-to-date symlink: /home/netweaver/Projects/GSOC/JdeRobot/ros2_challenge_ws/install/turtlebot3_gazebo/share/turtlebot3_gazebo//models/turtlebot3_autorace_2020/course/materials/scripts/course.material
[5.936s] -- Up-to-date symlink: /home/netweaver/Projects/GSOC/JdeRobot/ros2_challenge_ws/install/turtlebot3_gazebo/share/turtlebot3_gazebo//models/turtlebot3_autorace_2020/course/materials/textures/course.png
[5.936s] -- Up-to-date symlink: /home/netweaver/Projects/GSOC/JdeRobot/ros2_challenge_ws/install/turtlebot3_gazebo/share/turtlebot3_gazebo//models/turtlebot3_autorace_2020/course/model.config
[5.936s] -- Up-to-date symlink: /home/netweaver/Projects/GSOC/JdeRobot/ros2_challenge_ws/install/turtlebot3_gazebo/share/turtlebot3_gazebo//models/turtlebot3_autorace_2020/course/model.sdf
[5.937s] -- Up-to-date symlink: /home/netweaver/Projects/GSOC/JdeRobot/ros2_challenge_ws/install/turtlebot3_gazebo/share/turtlebot3_gazebo//models/turtlebot3_autorace_2020/traffic_bar/materials/scripts/traffic_bar.material
[5.937s] -- Up-to-date symlink: /home/netweaver/Projects/GSOC/JdeRobot/ros2_challenge_ws/install/turtlebot3_gazebo/share/turtlebot3_gazebo//models/turtlebot3_autorace_2020/traffic_bar/materials/textures/traffic_bar.png
[5.937s] -- Up-to-date symlink: /home/netweaver/Projects/GSOC/JdeRobot/ros2_challenge_ws/install/turtlebot3_gazebo/share/turtlebot3_gazebo//models/turtlebot3_autorace_2020/traffic_bar/model.config
[5.937s] -- Up-to-date symlink: /home/netweaver/Projects/GSOC/JdeRobot/ros2_challenge_ws/install/turtlebot3_gazebo/share/turtlebot3_gazebo//models/turtlebot3_autorace_2020/traffic_bar/model.sdf
[5.940s] -- Up-to-date symlink: /home/netweaver/Projects/GSOC/JdeRobot/ros2_challenge_ws/install/turtlebot3_gazebo/share/turtlebot3_gazebo//models/turtlebot3_autorace_2020/traffic_construction/materials/scripts/traffic_construction.material
[5.942s] -- Up-to-date symlink: /home/netweaver/Projects/GSOC/JdeRobot/ros2_challenge_ws/install/turtlebot3_gazebo/share/turtlebot3_gazebo//models/turtlebot3_autorace_2020/traffic_construction/materials/textures/traffic_construction.png
[5.954s] -- Up-to-date symlink: /home/netweaver/Projects/GSOC/JdeRobot/ros2_challenge_ws/install/turtlebot3_gazebo/share/turtlebot3_gazebo//models/turtlebot3_autorace_2020/traffic_construction/model.config
[5.955s] -- Up-to-date symlink: /home/netweaver/Projects/GSOC/JdeRobot/ros2_challenge_ws/install/turtlebot3_gazebo/share/turtlebot3_gazebo//models/turtlebot3_autorace_2020/traffic_construction/model.sdf
[5.956s] -- Up-to-date symlink: /home/netweaver/Projects/GSOC/JdeRobot/ros2_challenge_ws/install/turtlebot3_gazebo/share/turtlebot3_gazebo//models/turtlebot3_autorace_2020/traffic_intersection/materials/scripts/traffic_intersection.material
[5.978s] -- Up-to-date symlink: /home/netweaver/Projects/GSOC/JdeRobot/ros2_challenge_ws/install/turtlebot3_gazebo/share/turtlebot3_gazebo//models/turtlebot3_autorace_2020/traffic_intersection/materials/textures/traffic_intersection.png
[5.979s] -- Up-to-date symlink: /home/netweaver/Projects/GSOC/JdeRobot/ros2_challenge_ws/install/turtlebot3_gazebo/share/turtlebot3_gazebo//models/turtlebot3_autorace_2020/traffic_intersection/model.config
[5.980s] -- Up-to-date symlink: /home/netweaver/Projects/GSOC/JdeRobot/ros2_challenge_ws/install/turtlebot3_gazebo/share/turtlebot3_gazebo//models/turtlebot3_autorace_2020/traffic_intersection/model.sdf
[5.980s] -- Up-to-date symlink: /home/netweaver/Projects/GSOC/JdeRobot/ros2_challenge_ws/install/turtlebot3_gazebo/share/turtlebot3_gazebo//models/turtlebot3_autorace_2020/traffic_left/materials/scripts/traffic_is_left.material
[5.994s] -- Up-to-date symlink: /home/netweaver/Projects/GSOC/JdeRobot/ros2_challenge_ws/install/turtlebot3_gazebo/share/turtlebot3_gazebo//models/turtlebot3_autorace_2020/traffic_left/materials/textures/traffic_left.png
[5.994s] -- Up-to-date symlink: /home/netweaver/Projects/GSOC/JdeRobot/ros2_challenge_ws/install/turtlebot3_gazebo/share/turtlebot3_gazebo//models/turtlebot3_autorace_2020/traffic_left/model.config
[6.210s] -- Up-to-date symlink: /home/netweaver/Projects/GSOC/JdeRobot/ros2_challenge_ws/install/turtlebot3_gazebo/share/turtlebot3_gazebo//models/turtlebot3_autorace_2020/traffic_left/model.sdf
[6.221s] -- Up-to-date symlink: /home/netweaver/Projects/GSOC/JdeRobot/ros2_challenge_ws/install/turtlebot3_gazebo/share/turtlebot3_gazebo//models/turtlebot3_autorace_2020/traffic_light/materials/scripts/traffic_light.material
[6.222s] -- Up-to-date symlink: /home/netweaver/Projects/GSOC/JdeRobot/ros2_challenge_ws/install/turtlebot3_gazebo/share/turtlebot3_gazebo//models/turtlebot3_autorace_2020/traffic_light/materials/textures/traffic_light.png
[6.234s] -- Up-to-date symlink: /home/netweaver/Projects/GSOC/JdeRobot/ros2_challenge_ws/install/turtlebot3_gazebo/share/turtlebot3_gazebo//models/turtlebot3_autorace_2020/traffic_light/materials/textures/traffic_light_green.png
[6.234s] -- Up-to-date symlink: /home/netweaver/Projects/GSOC/JdeRobot/ros2_challenge_ws/install/turtlebot3_gazebo/share/turtlebot3_gazebo//models/turtlebot3_autorace_2020/traffic_light/materials/textures/traffic_light_red.png
[6.235s] -- Up-to-date symlink: /home/netweaver/Projects/GSOC/JdeRobot/ros2_challenge_ws/install/turtlebot3_gazebo/share/turtlebot3_gazebo//models/turtlebot3_autorace_2020/traffic_light/materials/textures/traffic_light_yellow.png
[6.235s] -- Up-to-date symlink: /home/netweaver/Projects/GSOC/JdeRobot/ros2_challenge_ws/install/turtlebot3_gazebo/share/turtlebot3_gazebo//models/turtlebot3_autorace_2020/traffic_light/model.config
[6.235s] -- Up-to-date symlink: /home/netweaver/Projects/GSOC/JdeRobot/ros2_challenge_ws/install/turtlebot3_gazebo/share/turtlebot3_gazebo//models/turtlebot3_autorace_2020/traffic_light/model.sdf
[6.235s] -- Up-to-date symlink: /home/netweaver/Projects/GSOC/JdeRobot/ros2_challenge_ws/install/turtlebot3_gazebo/share/turtlebot3_gazebo//models/turtlebot3_autorace_2020/traffic_noentry/materials/scripts/traffic_noentry.material
[6.251s] -- Up-to-date symlink: /home/netweaver/Projects/GSOC/JdeRobot/ros2_challenge_ws/install/turtlebot3_gazebo/share/turtlebot3_gazebo//models/turtlebot3_autorace_2020/traffic_noentry/materials/textures/traffic_noentry.png
[6.253s] -- Up-to-date symlink: /home/netweaver/Projects/GSOC/JdeRobot/ros2_challenge_ws/install/turtlebot3_gazebo/share/turtlebot3_gazebo//models/turtlebot3_autorace_2020/traffic_noentry/model.config
[6.254s] -- Up-to-date symlink: /home/netweaver/Projects/GSOC/JdeRobot/ros2_challenge_ws/install/turtlebot3_gazebo/share/turtlebot3_gazebo//models/turtlebot3_autorace_2020/traffic_noentry/model.sdf
[6.268s] -- Up-to-date symlink: /home/netweaver/Projects/GSOC/JdeRobot/ros2_challenge_ws/install/turtlebot3_gazebo/share/turtlebot3_gazebo//models/turtlebot3_autorace_2020/traffic_parking/materials/scripts/traffic_parking.material
[6.270s] -- Up-to-date symlink: /home/netweaver/Projects/GSOC/JdeRobot/ros2_challenge_ws/install/turtlebot3_gazebo/share/turtlebot3_gazebo//models/turtlebot3_autorace_2020/traffic_parking/materials/textures/traffic_parking.png
[6.277s] -- Up-to-date symlink: /home/netweaver/Projects/GSOC/JdeRobot/ros2_challenge_ws/install/turtlebot3_gazebo/share/turtlebot3_gazebo//models/turtlebot3_autorace_2020/traffic_parking/model.config
[6.279s] -- Up-to-date symlink: /home/netweaver/Projects/GSOC/JdeRobot/ros2_challenge_ws/install/turtlebot3_gazebo/share/turtlebot3_gazebo//models/turtlebot3_autorace_2020/traffic_parking/model.sdf
[6.279s] -- Up-to-date symlink: /home/netweaver/Projects/GSOC/JdeRobot/ros2_challenge_ws/install/turtlebot3_gazebo/share/turtlebot3_gazebo//models/turtlebot3_autorace_2020/traffic_pl_left/materials/scripts/traffic_pl_left.material
[6.294s] -- Up-to-date symlink: /home/netweaver/Projects/GSOC/JdeRobot/ros2_challenge_ws/install/turtlebot3_gazebo/share/turtlebot3_gazebo//models/turtlebot3_autorace_2020/traffic_pl_left/materials/textures/traffic_pl_left.png
[6.297s] -- Up-to-date symlink: /home/netweaver/Projects/GSOC/JdeRobot/ros2_challenge_ws/install/turtlebot3_gazebo/share/turtlebot3_gazebo//models/turtlebot3_autorace_2020/traffic_pl_left/model.config
[6.314s] -- Up-to-date symlink: /home/netweaver/Projects/GSOC/JdeRobot/ros2_challenge_ws/install/turtlebot3_gazebo/share/turtlebot3_gazebo//models/turtlebot3_autorace_2020/traffic_pl_left/model.sdf
[6.316s] -- Up-to-date symlink: /home/netweaver/Projects/GSOC/JdeRobot/ros2_challenge_ws/install/turtlebot3_gazebo/share/turtlebot3_gazebo//models/turtlebot3_autorace_2020/traffic_right/materials/scripts/traffic_right.material
[6.325s] -- Up-to-date symlink: /home/netweaver/Projects/GSOC/JdeRobot/ros2_challenge_ws/install/turtlebot3_gazebo/share/turtlebot3_gazebo//models/turtlebot3_autorace_2020/traffic_right/materials/textures/traffic_right.png
[6.325s] -- Up-to-date symlink: /home/netweaver/Projects/GSOC/JdeRobot/ros2_challenge_ws/install/turtlebot3_gazebo/share/turtlebot3_gazebo//models/turtlebot3_autorace_2020/traffic_right/model.config
[6.325s] -- Up-to-date symlink: /home/netweaver/Projects/GSOC/JdeRobot/ros2_challenge_ws/install/turtlebot3_gazebo/share/turtlebot3_gazebo//models/turtlebot3_autorace_2020/traffic_right/model.sdf
[6.326s] -- Up-to-date symlink: /home/netweaver/Projects/GSOC/JdeRobot/ros2_challenge_ws/install/turtlebot3_gazebo/share/turtlebot3_gazebo//models/turtlebot3_autorace_2020/traffic_stop/materials/scripts/traffic_stop.material
[6.326s] -- Up-to-date symlink: /home/netweaver/Projects/GSOC/JdeRobot/ros2_challenge_ws/install/turtlebot3_gazebo/share/turtlebot3_gazebo//models/turtlebot3_autorace_2020/traffic_stop/materials/textures/traffic_stop.png
[6.326s] -- Up-to-date symlink: /home/netweaver/Projects/GSOC/JdeRobot/ros2_challenge_ws/install/turtlebot3_gazebo/share/turtlebot3_gazebo//models/turtlebot3_autorace_2020/traffic_stop/model.config
[6.327s] -- Up-to-date symlink: /home/netweaver/Projects/GSOC/JdeRobot/ros2_challenge_ws/install/turtlebot3_gazebo/share/turtlebot3_gazebo//models/turtlebot3_autorace_2020/traffic_stop/model.sdf
[6.327s] -- Up-to-date symlink: /home/netweaver/Projects/GSOC/JdeRobot/ros2_challenge_ws/install/turtlebot3_gazebo/share/turtlebot3_gazebo//models/turtlebot3_autorace_2020/traffic_tunnel/materials/scripts/tunnel.material
[6.335s] -- Up-to-date symlink: /home/netweaver/Projects/GSOC/JdeRobot/ros2_challenge_ws/install/turtlebot3_gazebo/share/turtlebot3_gazebo//models/turtlebot3_autorace_2020/traffic_tunnel/materials/textures/tunnel.png
[6.337s] -- Up-to-date symlink: /home/netweaver/Projects/GSOC/JdeRobot/ros2_challenge_ws/install/turtlebot3_gazebo/share/turtlebot3_gazebo//models/turtlebot3_autorace_2020/traffic_tunnel/model.config
[6.345s] -- Up-to-date symlink: /home/netweaver/Projects/GSOC/JdeRobot/ros2_challenge_ws/install/turtlebot3_gazebo/share/turtlebot3_gazebo//models/turtlebot3_autorace_2020/traffic_tunnel/model.sdf
[6.346s] -- Up-to-date symlink: /home/netweaver/Projects/GSOC/JdeRobot/ros2_challenge_ws/install/turtlebot3_gazebo/share/turtlebot3_gazebo//models/turtlebot3_burger/model-1_4.sdf
[6.347s] -- Up-to-date symlink: /home/netweaver/Projects/GSOC/JdeRobot/ros2_challenge_ws/install/turtlebot3_gazebo/share/turtlebot3_gazebo//models/turtlebot3_burger/model.config
[6.355s] -- Up-to-date symlink: /home/netweaver/Projects/GSOC/JdeRobot/ros2_challenge_ws/install/turtlebot3_gazebo/share/turtlebot3_gazebo//models/turtlebot3_burger/model.sdf
[6.363s] -- Up-to-date symlink: /home/netweaver/Projects/GSOC/JdeRobot/ros2_challenge_ws/install/turtlebot3_gazebo/share/turtlebot3_gazebo//models/turtlebot3_burger_cam/model-1_4.sdf
[6.398s] -- Up-to-date symlink: /home/netweaver/Projects/GSOC/JdeRobot/ros2_challenge_ws/install/turtlebot3_gazebo/share/turtlebot3_gazebo//models/turtlebot3_burger_cam/model.config
[6.399s] -- Up-to-date symlink: /home/netweaver/Projects/GSOC/JdeRobot/ros2_challenge_ws/install/turtlebot3_gazebo/share/turtlebot3_gazebo//models/turtlebot3_burger_cam/model.sdf
[6.399s] -- Up-to-date symlink: /home/netweaver/Projects/GSOC/JdeRobot/ros2_challenge_ws/install/turtlebot3_gazebo/share/turtlebot3_gazebo//models/turtlebot3_common/meshes/bases/burger_base.stl
[6.399s] -- Up-to-date symlink: /home/netweaver/Projects/GSOC/JdeRobot/ros2_challenge_ws/install/turtlebot3_gazebo/share/turtlebot3_gazebo//models/turtlebot3_common/meshes/bases/waffle_base.stl
[6.399s] -- Up-to-date symlink: /home/netweaver/Projects/GSOC/JdeRobot/ros2_challenge_ws/install/turtlebot3_gazebo/share/turtlebot3_gazebo//models/turtlebot3_common/meshes/bases/waffle_pi_base.stl
[6.400s] -- Up-to-date symlink: /home/netweaver/Projects/GSOC/JdeRobot/ros2_challenge_ws/install/turtlebot3_gazebo/share/turtlebot3_gazebo//models/turtlebot3_common/meshes/burger_base.dae
[6.414s] -- Up-to-date symlink: /home/netweaver/Projects/GSOC/JdeRobot/ros2_challenge_ws/install/turtlebot3_gazebo/share/turtlebot3_gazebo//models/turtlebot3_common/meshes/lds.dae
[6.416s] -- Up-to-date symlink: /home/netweaver/Projects/GSOC/JdeRobot/ros2_challenge_ws/install/turtlebot3_gazebo/share/turtlebot3_gazebo//models/turtlebot3_common/meshes/r200.dae
[6.418s] -- Up-to-date symlink: /home/netweaver/Projects/GSOC/JdeRobot/ros2_challenge_ws/install/turtlebot3_gazebo/share/turtlebot3_gazebo//models/turtlebot3_common/meshes/sensors/astra.dae
[6.427s] -- Up-to-date symlink: /home/netweaver/Projects/GSOC/JdeRobot/ros2_challenge_ws/install/turtlebot3_gazebo/share/turtlebot3_gazebo//models/turtlebot3_common/meshes/sensors/astra.jpg
[6.429s] -- Up-to-date symlink: /home/netweaver/Projects/GSOC/JdeRobot/ros2_challenge_ws/install/turtlebot3_gazebo/share/turtlebot3_gazebo//models/turtlebot3_common/meshes/sensors/lds.stl
[6.430s] -- Up-to-date symlink: /home/netweaver/Projects/GSOC/JdeRobot/ros2_challenge_ws/install/turtlebot3_gazebo/share/turtlebot3_gazebo//models/turtlebot3_common/meshes/sensors/r200.dae
[6.431s] -- Up-to-date symlink: /home/netweaver/Projects/GSOC/JdeRobot/ros2_challenge_ws/install/turtlebot3_gazebo/share/turtlebot3_gazebo//models/turtlebot3_common/meshes/sensors/r200.jpg
[6.431s] -- Up-to-date symlink: /home/netweaver/Projects/GSOC/JdeRobot/ros2_challenge_ws/install/turtlebot3_gazebo/share/turtlebot3_gazebo//models/turtlebot3_common/meshes/tire.dae
[6.432s] -- Up-to-date symlink: /home/netweaver/Projects/GSOC/JdeRobot/ros2_challenge_ws/install/turtlebot3_gazebo/share/turtlebot3_gazebo//models/turtlebot3_common/meshes/waffle_base.dae
[6.433s] -- Up-to-date symlink: /home/netweaver/Projects/GSOC/JdeRobot/ros2_challenge_ws/install/turtlebot3_gazebo/share/turtlebot3_gazebo//models/turtlebot3_common/meshes/waffle_pi_base.dae
[6.433s] -- Up-to-date symlink: /home/netweaver/Projects/GSOC/JdeRobot/ros2_challenge_ws/install/turtlebot3_gazebo/share/turtlebot3_gazebo//models/turtlebot3_common/meshes/wheels/left_tire.stl
[6.442s] -- Up-to-date symlink: /home/netweaver/Projects/GSOC/JdeRobot/ros2_challenge_ws/install/turtlebot3_gazebo/share/turtlebot3_gazebo//models/turtlebot3_common/meshes/wheels/right_tire.stl
[6.443s] -- Up-to-date symlink: /home/netweaver/Projects/GSOC/JdeRobot/ros2_challenge_ws/install/turtlebot3_gazebo/share/turtlebot3_gazebo//models/turtlebot3_common/model.config
[6.450s] -- Up-to-date symlink: /home/netweaver/Projects/GSOC/JdeRobot/ros2_challenge_ws/install/turtlebot3_gazebo/share/turtlebot3_gazebo//models/turtlebot3_dqn_world/goal_box/model.config
[6.451s] -- Up-to-date symlink: /home/netweaver/Projects/GSOC/JdeRobot/ros2_challenge_ws/install/turtlebot3_gazebo/share/turtlebot3_gazebo//models/turtlebot3_dqn_world/goal_box/model.sdf
[6.459s] -- Up-to-date symlink: /home/netweaver/Projects/GSOC/JdeRobot/ros2_challenge_ws/install/turtlebot3_gazebo/share/turtlebot3_gazebo//models/turtlebot3_dqn_world/inner_walls/model.config
[6.460s] -- Up-to-date symlink: /home/netweaver/Projects/GSOC/JdeRobot/ros2_challenge_ws/install/turtlebot3_gazebo/share/turtlebot3_gazebo//models/turtlebot3_dqn_world/inner_walls/model.sdf
[6.460s] -- Up-to-date symlink: /home/netweaver/Projects/GSOC/JdeRobot/ros2_challenge_ws/install/turtlebot3_gazebo/share/turtlebot3_gazebo//models/turtlebot3_dqn_world/model.config
[6.461s] -- Up-to-date symlink: /home/netweaver/Projects/GSOC/JdeRobot/ros2_challenge_ws/install/turtlebot3_gazebo/share/turtlebot3_gazebo//models/turtlebot3_dqn_world/model.sdf
[6.461s] -- Up-to-date symlink: /home/netweaver/Projects/GSOC/JdeRobot/ros2_challenge_ws/install/turtlebot3_gazebo/share/turtlebot3_gazebo//models/turtlebot3_dqn_world/obstacle1/model.config
[6.468s] -- Up-to-date symlink: /home/netweaver/Projects/GSOC/JdeRobot/ros2_challenge_ws/install/turtlebot3_gazebo/share/turtlebot3_gazebo//models/turtlebot3_dqn_world/obstacle1/model.sdf
[6.468s] -- Up-to-date symlink: /home/netweaver/Projects/GSOC/JdeRobot/ros2_challenge_ws/install/turtlebot3_gazebo/share/turtlebot3_gazebo//models/turtlebot3_dqn_world/obstacle2/model.config
[6.468s] -- Up-to-date symlink: /home/netweaver/Projects/GSOC/JdeRobot/ros2_challenge_ws/install/turtlebot3_gazebo/share/turtlebot3_gazebo//models/turtlebot3_dqn_world/obstacle2/model.sdf
[6.469s] -- Up-to-date symlink: /home/netweaver/Projects/GSOC/JdeRobot/ros2_challenge_ws/install/turtlebot3_gazebo/share/turtlebot3_gazebo//models/turtlebot3_dqn_world/obstacles/model.config
[6.469s] -- Up-to-date symlink: /home/netweaver/Projects/GSOC/JdeRobot/ros2_challenge_ws/install/turtlebot3_gazebo/share/turtlebot3_gazebo//models/turtlebot3_dqn_world/obstacles/model.sdf
[6.469s] -- Up-to-date symlink: /home/netweaver/Projects/GSOC/JdeRobot/ros2_challenge_ws/install/turtlebot3_gazebo/share/turtlebot3_gazebo//models/turtlebot3_house/model.config
[6.469s] -- Up-to-date symlink: /home/netweaver/Projects/GSOC/JdeRobot/ros2_challenge_ws/install/turtlebot3_gazebo/share/turtlebot3_gazebo//models/turtlebot3_house/model.sdf
[6.481s] -- Up-to-date symlink: /home/netweaver/Projects/GSOC/JdeRobot/ros2_challenge_ws/install/turtlebot3_gazebo/share/turtlebot3_gazebo//models/turtlebot3_waffle/model-1_4.sdf
[6.490s] -- Up-to-date symlink: /home/netweaver/Projects/GSOC/JdeRobot/ros2_challenge_ws/install/turtlebot3_gazebo/share/turtlebot3_gazebo//models/turtlebot3_waffle/model.config
[6.491s] -- Up-to-date symlink: /home/netweaver/Projects/GSOC/JdeRobot/ros2_challenge_ws/install/turtlebot3_gazebo/share/turtlebot3_gazebo//models/turtlebot3_waffle/model.sdf
[6.497s] -- Up-to-date symlink: /home/netweaver/Projects/GSOC/JdeRobot/ros2_challenge_ws/install/turtlebot3_gazebo/share/turtlebot3_gazebo//models/turtlebot3_waffle_pi/model-1_4_.sdf
[6.498s] -- Up-to-date symlink: /home/netweaver/Projects/GSOC/JdeRobot/ros2_challenge_ws/install/turtlebot3_gazebo/share/turtlebot3_gazebo//models/turtlebot3_waffle_pi/model.config
[6.498s] -- Up-to-date symlink: /home/netweaver/Projects/GSOC/JdeRobot/ros2_challenge_ws/install/turtlebot3_gazebo/share/turtlebot3_gazebo//models/turtlebot3_waffle_pi/model.sdf
[6.498s] -- Up-to-date symlink: /home/netweaver/Projects/GSOC/JdeRobot/ros2_challenge_ws/install/turtlebot3_gazebo/share/turtlebot3_gazebo//models/turtlebot3_world/meshes/hexagon.dae
[6.499s] -- Up-to-date symlink: /home/netweaver/Projects/GSOC/JdeRobot/ros2_challenge_ws/install/turtlebot3_gazebo/share/turtlebot3_gazebo//models/turtlebot3_world/meshes/wall.dae
[6.499s] -- Up-to-date symlink: /home/netweaver/Projects/GSOC/JdeRobot/ros2_challenge_ws/install/turtlebot3_gazebo/share/turtlebot3_gazebo//models/turtlebot3_world/model-1_4.sdf
[6.499s] -- Up-to-date symlink: /home/netweaver/Projects/GSOC/JdeRobot/ros2_challenge_ws/install/turtlebot3_gazebo/share/turtlebot3_gazebo//models/turtlebot3_world/model.config
[6.499s] -- Up-to-date symlink: /home/netweaver/Projects/GSOC/JdeRobot/ros2_challenge_ws/install/turtlebot3_gazebo/share/turtlebot3_gazebo//models/turtlebot3_world/model.sdf
[6.503s] -- Up-to-date symlink: /home/netweaver/Projects/GSOC/JdeRobot/ros2_challenge_ws/install/turtlebot3_gazebo/share/turtlebot3_gazebo//rviz/tb3_gazebo.rviz
[6.505s] -- Up-to-date symlink: /home/netweaver/Projects/GSOC/JdeRobot/ros2_challenge_ws/install/turtlebot3_gazebo/share/turtlebot3_gazebo//urdf/common_properties.urdf
[6.505s] -- Up-to-date symlink: /home/netweaver/Projects/GSOC/JdeRobot/ros2_challenge_ws/install/turtlebot3_gazebo/share/turtlebot3_gazebo//urdf/turtlebot3_burger.urdf
[6.505s] -- Up-to-date symlink: /home/netweaver/Projects/GSOC/JdeRobot/ros2_challenge_ws/install/turtlebot3_gazebo/share/turtlebot3_gazebo//urdf/turtlebot3_burger_cam.urdf
[6.506s] -- Up-to-date symlink: /home/netweaver/Projects/GSOC/JdeRobot/ros2_challenge_ws/install/turtlebot3_gazebo/share/turtlebot3_gazebo//urdf/turtlebot3_waffle.urdf
[6.506s] -- Up-to-date symlink: /home/netweaver/Projects/GSOC/JdeRobot/ros2_challenge_ws/install/turtlebot3_gazebo/share/turtlebot3_gazebo//urdf/turtlebot3_waffle_pi.urdf
[6.506s] -- Up-to-date symlink: /home/netweaver/Projects/GSOC/JdeRobot/ros2_challenge_ws/install/turtlebot3_gazebo/share/turtlebot3_gazebo//worlds/empty_world.world
[6.506s] -- Up-to-date symlink: /home/netweaver/Projects/GSOC/JdeRobot/ros2_challenge_ws/install/turtlebot3_gazebo/share/turtlebot3_gazebo//worlds/turtlebot3_autorace_2020.world
[6.506s] -- Up-to-date symlink: /home/netweaver/Projects/GSOC/JdeRobot/ros2_challenge_ws/install/turtlebot3_gazebo/share/turtlebot3_gazebo//worlds/turtlebot3_dqn_stage1.world
[6.530s] -- Up-to-date symlink: /home/netweaver/Projects/GSOC/JdeRobot/ros2_challenge_ws/install/turtlebot3_gazebo/share/turtlebot3_gazebo//worlds/turtlebot3_dqn_stage2.world
[6.547s] -- Up-to-date symlink: /home/netweaver/Projects/GSOC/JdeRobot/ros2_challenge_ws/install/turtlebot3_gazebo/share/turtlebot3_gazebo//worlds/turtlebot3_dqn_stage3.world
[6.551s] -- Up-to-date symlink: /home/netweaver/Projects/GSOC/JdeRobot/ros2_challenge_ws/install/turtlebot3_gazebo/share/turtlebot3_gazebo//worlds/turtlebot3_dqn_stage4.world
[6.552s] -- Up-to-date symlink: /home/netweaver/Projects/GSOC/JdeRobot/ros2_challenge_ws/install/turtlebot3_gazebo/share/turtlebot3_gazebo//worlds/turtlebot3_house.world
[6.575s] -- Up-to-date symlink: /home/netweaver/Projects/GSOC/JdeRobot/ros2_challenge_ws/install/turtlebot3_gazebo/share/turtlebot3_gazebo//worlds/turtlebot3_world.world
[6.611s] -- Up-to-date symlink: /home/netweaver/Projects/GSOC/JdeRobot/ros2_challenge_ws/install/turtlebot3_gazebo/include//turtlebot3_gazebo/obstacle1.hpp
[6.613s] -- Up-to-date symlink: /home/netweaver/Projects/GSOC/JdeRobot/ros2_challenge_ws/install/turtlebot3_gazebo/include//turtlebot3_gazebo/obstacle2.hpp
[6.614s] -- Up-to-date symlink: /home/netweaver/Projects/GSOC/JdeRobot/ros2_challenge_ws/install/turtlebot3_gazebo/include//turtlebot3_gazebo/obstacles.hpp
[6.634s] -- Up-to-date symlink: /home/netweaver/Projects/GSOC/JdeRobot/ros2_challenge_ws/install/turtlebot3_gazebo/include//turtlebot3_gazebo/traffic_bar_plugin.hpp
[6.649s] -- Up-to-date symlink: /home/netweaver/Projects/GSOC/JdeRobot/ros2_challenge_ws/install/turtlebot3_gazebo/include//turtlebot3_gazebo/traffic_light_plugin.hpp
[6.650s] -- Up-to-date symlink: /home/netweaver/Projects/GSOC/JdeRobot/ros2_challenge_ws/install/turtlebot3_gazebo/include//turtlebot3_gazebo/turtlebot3_drive.hpp
[6.651s] -- Up-to-date symlink: /home/netweaver/Projects/GSOC/JdeRobot/ros2_challenge_ws/install/turtlebot3_gazebo/share/ament_index/resource_index/package_run_dependencies/turtlebot3_gazebo
[6.656s] -- Up-to-date symlink: /home/netweaver/Projects/GSOC/JdeRobot/ros2_challenge_ws/install/turtlebot3_gazebo/share/ament_index/resource_index/parent_prefix_path/turtlebot3_gazebo
[6.658s] -- Up-to-date symlink: /home/netweaver/Projects/GSOC/JdeRobot/ros2_challenge_ws/install/turtlebot3_gazebo/share/turtlebot3_gazebo/environment/ament_prefix_path.sh
[6.664s] -- Up-to-date symlink: /home/netweaver/Projects/GSOC/JdeRobot/ros2_challenge_ws/install/turtlebot3_gazebo/share/turtlebot3_gazebo/environment/ament_prefix_path.dsv
[6.671s] -- Up-to-date symlink: /home/netweaver/Projects/GSOC/JdeRobot/ros2_challenge_ws/install/turtlebot3_gazebo/share/turtlebot3_gazebo/environment/path.sh
[6.672s] -- Up-to-date symlink: /home/netweaver/Projects/GSOC/JdeRobot/ros2_challenge_ws/install/turtlebot3_gazebo/share/turtlebot3_gazebo/environment/path.dsv
[6.673s] -- Up-to-date symlink: /home/netweaver/Projects/GSOC/JdeRobot/ros2_challenge_ws/install/turtlebot3_gazebo/share/turtlebot3_gazebo/local_setup.bash
[6.694s] -- Up-to-date symlink: /home/netweaver/Projects/GSOC/JdeRobot/ros2_challenge_ws/install/turtlebot3_gazebo/share/turtlebot3_gazebo/local_setup.sh
[6.695s] -- Up-to-date symlink: /home/netweaver/Projects/GSOC/JdeRobot/ros2_challenge_ws/install/turtlebot3_gazebo/share/turtlebot3_gazebo/local_setup.zsh
[6.704s] -- Up-to-date symlink: /home/netweaver/Projects/GSOC/JdeRobot/ros2_challenge_ws/install/turtlebot3_gazebo/share/turtlebot3_gazebo/local_setup.dsv
[6.705s] -- Symlinking: /home/netweaver/Projects/GSOC/JdeRobot/ros2_challenge_ws/install/turtlebot3_gazebo/share/turtlebot3_gazebo/package.dsv
[6.706s] -- Up-to-date symlink: /home/netweaver/Projects/GSOC/JdeRobot/ros2_challenge_ws/install/turtlebot3_gazebo/share/ament_index/resource_index/packages/turtlebot3_gazebo
[6.706s] -- Up-to-date symlink: /home/netweaver/Projects/GSOC/JdeRobot/ros2_challenge_ws/install/turtlebot3_gazebo/share/turtlebot3_gazebo/cmake/ament_cmake_export_include_directories-extras.cmake
[6.707s] -- Up-to-date symlink: /home/netweaver/Projects/GSOC/JdeRobot/ros2_challenge_ws/install/turtlebot3_gazebo/share/turtlebot3_gazebo/cmake/ament_cmake_export_dependencies-extras.cmake
[6.707s] -- Up-to-date symlink: /home/netweaver/Projects/GSOC/JdeRobot/ros2_challenge_ws/install/turtlebot3_gazebo/share/turtlebot3_gazebo/cmake/turtlebot3_gazeboConfig.cmake
[6.707s] -- Up-to-date symlink: /home/netweaver/Projects/GSOC/JdeRobot/ros2_challenge_ws/install/turtlebot3_gazebo/share/turtlebot3_gazebo/cmake/turtlebot3_gazeboConfig-version.cmake
[6.707s] -- Up-to-date symlink: /home/netweaver/Projects/GSOC/JdeRobot/ros2_challenge_ws/install/turtlebot3_gazebo/share/turtlebot3_gazebo/package.xml
[6.996s] Invoked command in '/home/netweaver/Projects/GSOC/JdeRobot/ros2_challenge_ws/build/turtlebot3_gazebo' returned '0': CMAKE_PREFIX_PATH=${CMAKE_PREFIX_PATH}:/home/netweaver/Projects/GSOC/JdeRobot/ros2_challenge_ws/install/turtlebot3_teleop:/home/netweaver/Projects/GSOC/JdeRobot/ros2_challenge_ws/install/turtlebot3_example:/home/netweaver/Projects/GSOC/JdeRobot/turtlebot3_ws/install/turtlebot3_teleop:/home/netweaver/Projects/GSOC/JdeRobot/turtlebot3_ws/install/turtlebot3_example:/opt/ros/humble /usr/bin/cmake --install /home/netweaver/Projects/GSOC/JdeRobot/ros2_challenge_ws/build/turtlebot3_gazebo
