[0.089s] Invoking command in '/home/netweaver/Projects/GSOC/JdeRobot/ros2_challenge_ws/build/turtlebot3_gazebo': CMAKE_PREFIX_PATH=${CMAKE_PREFIX_PATH}:/home/netweaver/Projects/GSOC/JdeRobot/ros2_challenge_ws/install/turtlebot3_teleop:/home/netweaver/Projects/GSOC/JdeRobot/ros2_challenge_ws/install/turtlebot3_example:/home/netweaver/Projects/GSOC/JdeRobot/turtlebot3_ws/install/turtlebot3_teleop:/home/netweaver/Projects/GSOC/JdeRobot/turtlebot3_ws/install/turtlebot3_example:/opt/ros/humble /usr/bin/cmake --build /home/netweaver/Projects/GSOC/JdeRobot/ros2_challenge_ws/build/turtlebot3_gazebo -- -j8 -l8
[0.177s] -- Found ament_cmake: 1.3.11 (/opt/ros/humble/share/ament_cmake/cmake)
[0.626s] -- Override CMake install command with custom implementation using symlinks instead of copying resources
[0.683s] [31mCMake Error at CMakeLists.txt:23 (find_package):
[0.684s]   By not providing "Findgz-sim7.cmake" in CMAKE_MODULE_PATH this project has
[0.684s]   asked CMake to find a package configuration file provided by "gz-sim7", but
[0.684s]   CMake did not find one.
[0.684s] 
[0.685s]   Could not find a package configuration file provided by "gz-sim7" with any
[0.685s]   of the following names:
[0.685s] 
[0.685s]     gz-sim7Config.cmake
[0.685s]     gz-sim7-config.cmake
[0.685s] 
[0.685s]   Add the installation prefix of "gz-sim7" to CMAKE_PREFIX_PATH or set
[0.686s]   "gz-sim7_DIR" to a directory containing one of the above files.  If
[0.686s]   "gz-sim7" provides a separate development package or SDK, be sure it has
[0.686s]   been installed.
[0.686s] 
[0.686s] [0m
[0.686s] -- Configuring incomplete, errors occurred!
[0.686s] See also "/home/netweaver/Projects/GSOC/JdeRobot/ros2_challenge_ws/build/turtlebot3_gazebo/CMakeFiles/CMakeOutput.log".
[0.691s] gmake: *** [Makefile:472: cmake_check_build_system] Error 1
[0.887s] Invoked command in '/home/netweaver/Projects/GSOC/JdeRobot/ros2_challenge_ws/build/turtlebot3_gazebo' returned '2': CMAKE_PREFIX_PATH=${CMAKE_PREFIX_PATH}:/home/netweaver/Projects/GSOC/JdeRobot/ros2_challenge_ws/install/turtlebot3_teleop:/home/netweaver/Projects/GSOC/JdeRobot/ros2_challenge_ws/install/turtlebot3_example:/home/netweaver/Projects/GSOC/JdeRobot/turtlebot3_ws/install/turtlebot3_teleop:/home/netweaver/Projects/GSOC/JdeRobot/turtlebot3_ws/install/turtlebot3_example:/opt/ros/humble /usr/bin/cmake --build /home/netweaver/Projects/GSOC/JdeRobot/ros2_challenge_ws/build/turtlebot3_gazebo -- -j8 -l8
