[0.068s] Invoking command in '/home/netweaver/Projects/GSOC/JdeRobot/ros2_challenge_ws/build/dynamixel_sdk_examples': AMENT_PREFIX_PATH=/home/netweaver/Projects/GSOC/JdeRobot/ros2_challenge_ws/install/dynamixel_sdk_custom_interfaces:/home/netweaver/Projects/GSOC/JdeRobot/ros2_challenge_ws/install/dynamixel_sdk:${AMENT_PREFIX_PATH} CMAKE_PREFIX_PATH=/home/netweaver/Projects/GSOC/JdeRobot/ros2_challenge_ws/install/dynamixel_sdk_custom_interfaces:/home/netweaver/Projects/GSOC/JdeRobot/ros2_challenge_ws/install/dynamixel_sdk:/home/netweaver/Projects/GSOC/JdeRobot/turtlebot3_ws/install/turtlebot3:/home/netweaver/Projects/GSOC/JdeRobot/turtlebot3_ws/install/turtlebot3_bringup:/home/netweaver/Projects/GSOC/JdeRobot/turtlebot3_ws/install/turtlebot3_node:/home/netweaver/Projects/GSOC/JdeRobot/turtlebot3_ws/install/turtlebot3_navigation2:/home/netweaver/Projects/GSOC/JdeRobot/turtlebot3_ws/install/turtlebot3_msgs:/home/netweaver/Projects/GSOC/JdeRobot/turtlebot3_ws/install/turtlebot3_description:/home/netweaver/Projects/GSOC/JdeRobot/turtlebot3_ws/install/turtlebot3_cartographer:/home/netweaver/Projects/GSOC/JdeRobot/turtlebot3_ws/install/dynamixel_sdk_examples:/home/netweaver/Projects/GSOC/JdeRobot/turtlebot3_ws/install/dynamixel_sdk_custom_interfaces:/home/netweaver/Projects/GSOC/JdeRobot/turtlebot3_ws/install/dynamixel_sdk:/home/netweaver/Projects/GSOC/JdeRobot/turtlebot3_ws/install/turtlebot3_teleop:/home/netweaver/Projects/GSOC/JdeRobot/turtlebot3_ws/install/turtlebot3_example:/opt/ros/humble LD_LIBRARY_PATH=/home/netweaver/Projects/GSOC/JdeRobot/ros2_challenge_ws/install/dynamixel_sdk_custom_interfaces/lib:/home/netweaver/Projects/GSOC/JdeRobot/ros2_challenge_ws/install/dynamixel_sdk/lib:${LD_LIBRARY_PATH} PYTHONPATH=/home/netweaver/Projects/GSOC/JdeRobot/ros2_challenge_ws/install/dynamixel_sdk_custom_interfaces/local/lib/python3.10/dist-packages:/home/netweaver/Projects/GSOC/JdeRobot/ros2_challenge_ws/install/dynamixel_sdk/local/lib/python3.10/dist-packages:${PYTHONPATH} /usr/bin/cmake /home/netweaver/Projects/GSOC/JdeRobot/ros2_challenge_ws/src/DynamixelSDK/ros/dynamixel_sdk_examples -DAMENT_CMAKE_SYMLINK_INSTALL=1 -DCMAKE_INSTALL_PREFIX=/home/netweaver/Projects/GSOC/JdeRobot/ros2_challenge_ws/install/dynamixel_sdk_examples
[0.322s] -- The C compiler identification is GNU 11.4.0
[0.575s] -- The CXX compiler identification is GNU 11.4.0
[0.595s] -- Detecting C compiler ABI info
[0.823s] -- Detecting C compiler ABI info - done
[0.840s] -- Check for working C compiler: /usr/bin/gcc - skipped
[0.840s] -- Detecting C compile features
[0.841s] -- Detecting C compile features - done
[0.848s] -- Detecting CXX compiler ABI info
[1.013s] -- Detecting CXX compiler ABI info - done
[1.024s] -- Check for working CXX compiler: /usr/bin/g++ - skipped
[1.024s] -- Detecting CXX compile features
[1.025s] -- Detecting CXX compile features - done
[1.030s] -- Found ament_cmake: 1.3.11 (/opt/ros/humble/share/ament_cmake/cmake)
[1.306s] -- Found Python3: /usr/bin/python3 (found version "3.10.12") found components: Interpreter 
[1.430s] -- Override CMake install command with custom implementation using symlinks instead of copying resources
[1.521s] -- Found dynamixel_sdk: 3.8.2 (/home/netweaver/Projects/GSOC/JdeRobot/ros2_challenge_ws/install/dynamixel_sdk/share/dynamixel_sdk/cmake)
[1.524s] -- Found dynamixel_sdk_custom_interfaces: 3.8.2 (/home/netweaver/Projects/GSOC/JdeRobot/ros2_challenge_ws/install/dynamixel_sdk_custom_interfaces/share/dynamixel_sdk_custom_interfaces/cmake)
[1.602s] -- Found rosidl_generator_c: 3.1.6 (/opt/ros/humble/share/rosidl_generator_c/cmake)
[1.614s] -- Found rosidl_adapter: 3.1.6 (/opt/ros/humble/share/rosidl_adapter/cmake)
[1.630s] -- Found rosidl_generator_cpp: 3.1.6 (/opt/ros/humble/share/rosidl_generator_cpp/cmake)
[1.657s] -- Using all available rosidl_typesupport_c: rosidl_typesupport_fastrtps_c;rosidl_typesupport_introspection_c
[1.692s] -- Using all available rosidl_typesupport_cpp: rosidl_typesupport_fastrtps_cpp;rosidl_typesupport_introspection_cpp
[1.739s] -- Found rclcpp: 16.0.11 (/opt/ros/humble/share/rclcpp/cmake)
[1.824s] -- Found rmw_implementation_cmake: 6.1.2 (/opt/ros/humble/share/rmw_implementation_cmake/cmake)
[1.831s] -- Found rmw_fastrtps_cpp: 6.2.7 (/opt/ros/humble/share/rmw_fastrtps_cpp/cmake)
[1.999s] -- Found OpenSSL: /usr/lib/x86_64-linux-gnu/libcrypto.so (found version "3.0.2")  
[2.045s] -- Found FastRTPS: /opt/ros/humble/include  
[2.121s] -- Using RMW implementation 'rmw_fastrtps_cpp' as default
[2.141s] -- Looking for pthread.h
[2.277s] -- Looking for pthread.h - found
[2.277s] -- Performing Test CMAKE_HAVE_LIBC_PTHREAD
[2.407s] -- Performing Test CMAKE_HAVE_LIBC_PTHREAD - Success
[2.409s] -- Found Threads: TRUE  
[2.501s] -- Found rclpy: 3.3.15 (/opt/ros/humble/share/rclpy/cmake)
[2.507s] -- Found ament_lint_auto: 0.12.11 (/opt/ros/humble/share/ament_lint_auto/cmake)
[2.654s] -- Added test 'copyright' to check source files copyright and LICENSE
[2.658s] -- Added test 'cppcheck' to perform static code analysis on C / C++ code
[2.658s] -- Configured cppcheck include dirs: /home/netweaver/Projects/GSOC/JdeRobot/ros2_challenge_ws/src/DynamixelSDK/ros/dynamixel_sdk_examples/include
[2.658s] -- Configured cppcheck exclude dirs and/or files: 
[2.660s] -- Added test 'cpplint' to check C / C++ code against the Google style
[2.660s] -- Configured cpplint exclude dirs and/or files: 
[2.661s] -- Added test 'flake8' to check Python code syntax and style conventions
[2.663s] -- Added test 'lint_cmake' to check CMake code style
[2.664s] -- Added test 'pep257' to check Python code against some of the docstring style conventions in PEP 257
[2.666s] -- Added test 'uncrustify' to check C / C++ code style
[2.666s] -- Configured uncrustify additional arguments: 
[2.667s] -- Added test 'xmllint' to check XML markup files
[2.670s] -- Configuring done
[2.686s] -- Generating done
[2.691s] -- Build files have been written to: /home/netweaver/Projects/GSOC/JdeRobot/ros2_challenge_ws/build/dynamixel_sdk_examples
[2.705s] Invoked command in '/home/netweaver/Projects/GSOC/JdeRobot/ros2_challenge_ws/build/dynamixel_sdk_examples' returned '0': AMENT_PREFIX_PATH=/home/netweaver/Projects/GSOC/JdeRobot/ros2_challenge_ws/install/dynamixel_sdk_custom_interfaces:/home/netweaver/Projects/GSOC/JdeRobot/ros2_challenge_ws/install/dynamixel_sdk:${AMENT_PREFIX_PATH} CMAKE_PREFIX_PATH=/home/netweaver/Projects/GSOC/JdeRobot/ros2_challenge_ws/install/dynamixel_sdk_custom_interfaces:/home/netweaver/Projects/GSOC/JdeRobot/ros2_challenge_ws/install/dynamixel_sdk:/home/netweaver/Projects/GSOC/JdeRobot/turtlebot3_ws/install/turtlebot3:/home/netweaver/Projects/GSOC/JdeRobot/turtlebot3_ws/install/turtlebot3_bringup:/home/netweaver/Projects/GSOC/JdeRobot/turtlebot3_ws/install/turtlebot3_node:/home/netweaver/Projects/GSOC/JdeRobot/turtlebot3_ws/install/turtlebot3_navigation2:/home/netweaver/Projects/GSOC/JdeRobot/turtlebot3_ws/install/turtlebot3_msgs:/home/netweaver/Projects/GSOC/JdeRobot/turtlebot3_ws/install/turtlebot3_description:/home/netweaver/Projects/GSOC/JdeRobot/turtlebot3_ws/install/turtlebot3_cartographer:/home/netweaver/Projects/GSOC/JdeRobot/turtlebot3_ws/install/dynamixel_sdk_examples:/home/netweaver/Projects/GSOC/JdeRobot/turtlebot3_ws/install/dynamixel_sdk_custom_interfaces:/home/netweaver/Projects/GSOC/JdeRobot/turtlebot3_ws/install/dynamixel_sdk:/home/netweaver/Projects/GSOC/JdeRobot/turtlebot3_ws/install/turtlebot3_teleop:/home/netweaver/Projects/GSOC/JdeRobot/turtlebot3_ws/install/turtlebot3_example:/opt/ros/humble LD_LIBRARY_PATH=/home/netweaver/Projects/GSOC/JdeRobot/ros2_challenge_ws/install/dynamixel_sdk_custom_interfaces/lib:/home/netweaver/Projects/GSOC/JdeRobot/ros2_challenge_ws/install/dynamixel_sdk/lib:${LD_LIBRARY_PATH} PYTHONPATH=/home/netweaver/Projects/GSOC/JdeRobot/ros2_challenge_ws/install/dynamixel_sdk_custom_interfaces/local/lib/python3.10/dist-packages:/home/netweaver/Projects/GSOC/JdeRobot/ros2_challenge_ws/install/dynamixel_sdk/local/lib/python3.10/dist-packages:${PYTHONPATH} /usr/bin/cmake /home/netweaver/Projects/GSOC/JdeRobot/ros2_challenge_ws/src/DynamixelSDK/ros/dynamixel_sdk_examples -DAMENT_CMAKE_SYMLINK_INSTALL=1 -DCMAKE_INSTALL_PREFIX=/home/netweaver/Projects/GSOC/JdeRobot/ros2_challenge_ws/install/dynamixel_sdk_examples
[2.708s] Invoking command in '/home/netweaver/Projects/GSOC/JdeRobot/ros2_challenge_ws/build/dynamixel_sdk_examples': AMENT_PREFIX_PATH=/home/netweaver/Projects/GSOC/JdeRobot/ros2_challenge_ws/install/dynamixel_sdk_custom_interfaces:/home/netweaver/Projects/GSOC/JdeRobot/ros2_challenge_ws/install/dynamixel_sdk:${AMENT_PREFIX_PATH} CMAKE_PREFIX_PATH=/home/netweaver/Projects/GSOC/JdeRobot/ros2_challenge_ws/install/dynamixel_sdk_custom_interfaces:/home/netweaver/Projects/GSOC/JdeRobot/ros2_challenge_ws/install/dynamixel_sdk:/home/netweaver/Projects/GSOC/JdeRobot/turtlebot3_ws/install/turtlebot3:/home/netweaver/Projects/GSOC/JdeRobot/turtlebot3_ws/install/turtlebot3_bringup:/home/netweaver/Projects/GSOC/JdeRobot/turtlebot3_ws/install/turtlebot3_node:/home/netweaver/Projects/GSOC/JdeRobot/turtlebot3_ws/install/turtlebot3_navigation2:/home/netweaver/Projects/GSOC/JdeRobot/turtlebot3_ws/install/turtlebot3_msgs:/home/netweaver/Projects/GSOC/JdeRobot/turtlebot3_ws/install/turtlebot3_description:/home/netweaver/Projects/GSOC/JdeRobot/turtlebot3_ws/install/turtlebot3_cartographer:/home/netweaver/Projects/GSOC/JdeRobot/turtlebot3_ws/install/dynamixel_sdk_examples:/home/netweaver/Projects/GSOC/JdeRobot/turtlebot3_ws/install/dynamixel_sdk_custom_interfaces:/home/netweaver/Projects/GSOC/JdeRobot/turtlebot3_ws/install/dynamixel_sdk:/home/netweaver/Projects/GSOC/JdeRobot/turtlebot3_ws/install/turtlebot3_teleop:/home/netweaver/Projects/GSOC/JdeRobot/turtlebot3_ws/install/turtlebot3_example:/opt/ros/humble LD_LIBRARY_PATH=/home/netweaver/Projects/GSOC/JdeRobot/ros2_challenge_ws/install/dynamixel_sdk_custom_interfaces/lib:/home/netweaver/Projects/GSOC/JdeRobot/ros2_challenge_ws/install/dynamixel_sdk/lib:${LD_LIBRARY_PATH} PYTHONPATH=/home/netweaver/Projects/GSOC/JdeRobot/ros2_challenge_ws/install/dynamixel_sdk_custom_interfaces/local/lib/python3.10/dist-packages:/home/netweaver/Projects/GSOC/JdeRobot/ros2_challenge_ws/install/dynamixel_sdk/local/lib/python3.10/dist-packages:${PYTHONPATH} /usr/bin/cmake --build /home/netweaver/Projects/GSOC/JdeRobot/ros2_challenge_ws/build/dynamixel_sdk_examples -- -j8 -l8
[2.786s] [ 50%] [32mBuilding CXX object CMakeFiles/read_write_node.dir/src/read_write_node.cpp.o[0m
[25.307s] [100%] [32m[1mLinking CXX executable read_write_node[0m
[27.132s] [100%] Built target read_write_node
[27.225s] Invoked command in '/home/netweaver/Projects/GSOC/JdeRobot/ros2_challenge_ws/build/dynamixel_sdk_examples' returned '0': AMENT_PREFIX_PATH=/home/netweaver/Projects/GSOC/JdeRobot/ros2_challenge_ws/install/dynamixel_sdk_custom_interfaces:/home/netweaver/Projects/GSOC/JdeRobot/ros2_challenge_ws/install/dynamixel_sdk:${AMENT_PREFIX_PATH} CMAKE_PREFIX_PATH=/home/netweaver/Projects/GSOC/JdeRobot/ros2_challenge_ws/install/dynamixel_sdk_custom_interfaces:/home/netweaver/Projects/GSOC/JdeRobot/ros2_challenge_ws/install/dynamixel_sdk:/home/netweaver/Projects/GSOC/JdeRobot/turtlebot3_ws/install/turtlebot3:/home/netweaver/Projects/GSOC/JdeRobot/turtlebot3_ws/install/turtlebot3_bringup:/home/netweaver/Projects/GSOC/JdeRobot/turtlebot3_ws/install/turtlebot3_node:/home/netweaver/Projects/GSOC/JdeRobot/turtlebot3_ws/install/turtlebot3_navigation2:/home/netweaver/Projects/GSOC/JdeRobot/turtlebot3_ws/install/turtlebot3_msgs:/home/netweaver/Projects/GSOC/JdeRobot/turtlebot3_ws/install/turtlebot3_description:/home/netweaver/Projects/GSOC/JdeRobot/turtlebot3_ws/install/turtlebot3_cartographer:/home/netweaver/Projects/GSOC/JdeRobot/turtlebot3_ws/install/dynamixel_sdk_examples:/home/netweaver/Projects/GSOC/JdeRobot/turtlebot3_ws/install/dynamixel_sdk_custom_interfaces:/home/netweaver/Projects/GSOC/JdeRobot/turtlebot3_ws/install/dynamixel_sdk:/home/netweaver/Projects/GSOC/JdeRobot/turtlebot3_ws/install/turtlebot3_teleop:/home/netweaver/Projects/GSOC/JdeRobot/turtlebot3_ws/install/turtlebot3_example:/opt/ros/humble LD_LIBRARY_PATH=/home/netweaver/Projects/GSOC/JdeRobot/ros2_challenge_ws/install/dynamixel_sdk_custom_interfaces/lib:/home/netweaver/Projects/GSOC/JdeRobot/ros2_challenge_ws/install/dynamixel_sdk/lib:${LD_LIBRARY_PATH} PYTHONPATH=/home/netweaver/Projects/GSOC/JdeRobot/ros2_challenge_ws/install/dynamixel_sdk_custom_interfaces/local/lib/python3.10/dist-packages:/home/netweaver/Projects/GSOC/JdeRobot/ros2_challenge_ws/install/dynamixel_sdk/local/lib/python3.10/dist-packages:${PYTHONPATH} /usr/bin/cmake --build /home/netweaver/Projects/GSOC/JdeRobot/ros2_challenge_ws/build/dynamixel_sdk_examples -- -j8 -l8
[27.240s] Invoking command in '/home/netweaver/Projects/GSOC/JdeRobot/ros2_challenge_ws/build/dynamixel_sdk_examples': AMENT_PREFIX_PATH=/home/netweaver/Projects/GSOC/JdeRobot/ros2_challenge_ws/install/dynamixel_sdk_custom_interfaces:/home/netweaver/Projects/GSOC/JdeRobot/ros2_challenge_ws/install/dynamixel_sdk:${AMENT_PREFIX_PATH} CMAKE_PREFIX_PATH=/home/netweaver/Projects/GSOC/JdeRobot/ros2_challenge_ws/install/dynamixel_sdk_custom_interfaces:/home/netweaver/Projects/GSOC/JdeRobot/ros2_challenge_ws/install/dynamixel_sdk:/home/netweaver/Projects/GSOC/JdeRobot/turtlebot3_ws/install/turtlebot3:/home/netweaver/Projects/GSOC/JdeRobot/turtlebot3_ws/install/turtlebot3_bringup:/home/netweaver/Projects/GSOC/JdeRobot/turtlebot3_ws/install/turtlebot3_node:/home/netweaver/Projects/GSOC/JdeRobot/turtlebot3_ws/install/turtlebot3_navigation2:/home/netweaver/Projects/GSOC/JdeRobot/turtlebot3_ws/install/turtlebot3_msgs:/home/netweaver/Projects/GSOC/JdeRobot/turtlebot3_ws/install/turtlebot3_description:/home/netweaver/Projects/GSOC/JdeRobot/turtlebot3_ws/install/turtlebot3_cartographer:/home/netweaver/Projects/GSOC/JdeRobot/turtlebot3_ws/install/dynamixel_sdk_examples:/home/netweaver/Projects/GSOC/JdeRobot/turtlebot3_ws/install/dynamixel_sdk_custom_interfaces:/home/netweaver/Projects/GSOC/JdeRobot/turtlebot3_ws/install/dynamixel_sdk:/home/netweaver/Projects/GSOC/JdeRobot/turtlebot3_ws/install/turtlebot3_teleop:/home/netweaver/Projects/GSOC/JdeRobot/turtlebot3_ws/install/turtlebot3_example:/opt/ros/humble LD_LIBRARY_PATH=/home/netweaver/Projects/GSOC/JdeRobot/ros2_challenge_ws/install/dynamixel_sdk_custom_interfaces/lib:/home/netweaver/Projects/GSOC/JdeRobot/ros2_challenge_ws/install/dynamixel_sdk/lib:${LD_LIBRARY_PATH} PYTHONPATH=/home/netweaver/Projects/GSOC/JdeRobot/ros2_challenge_ws/install/dynamixel_sdk_custom_interfaces/local/lib/python3.10/dist-packages:/home/netweaver/Projects/GSOC/JdeRobot/ros2_challenge_ws/install/dynamixel_sdk/local/lib/python3.10/dist-packages:${PYTHONPATH} /usr/bin/cmake --install /home/netweaver/Projects/GSOC/JdeRobot/ros2_challenge_ws/build/dynamixel_sdk_examples
[27.261s] -- Install configuration: ""
[27.262s] -- Execute custom install script
[27.264s] -- Symlinking: /home/netweaver/Projects/GSOC/JdeRobot/ros2_challenge_ws/install/dynamixel_sdk_examples/lib/dynamixel_sdk_examples/read_write_node
[27.310s] -- Symlinking: /home/netweaver/Projects/GSOC/JdeRobot/ros2_challenge_ws/install/dynamixel_sdk_examples/lib/dynamixel_sdk_examples/read_write_node.py
[27.345s] -- Symlinking: /home/netweaver/Projects/GSOC/JdeRobot/ros2_challenge_ws/install/dynamixel_sdk_examples/share/ament_index/resource_index/package_run_dependencies/dynamixel_sdk_examples
[27.383s] -- Symlinking: /home/netweaver/Projects/GSOC/JdeRobot/ros2_challenge_ws/install/dynamixel_sdk_examples/share/ament_index/resource_index/parent_prefix_path/dynamixel_sdk_examples
[27.440s] -- Symlinking: /home/netweaver/Projects/GSOC/JdeRobot/ros2_challenge_ws/install/dynamixel_sdk_examples/share/dynamixel_sdk_examples/environment/ament_prefix_path.sh
[27.492s] -- Symlinking: /home/netweaver/Projects/GSOC/JdeRobot/ros2_challenge_ws/install/dynamixel_sdk_examples/share/dynamixel_sdk_examples/environment/ament_prefix_path.dsv
[27.525s] -- Symlinking: /home/netweaver/Projects/GSOC/JdeRobot/ros2_challenge_ws/install/dynamixel_sdk_examples/share/dynamixel_sdk_examples/environment/path.sh
[27.571s] -- Symlinking: /home/netweaver/Projects/GSOC/JdeRobot/ros2_challenge_ws/install/dynamixel_sdk_examples/share/dynamixel_sdk_examples/environment/path.dsv
[27.601s] -- Symlinking: /home/netweaver/Projects/GSOC/JdeRobot/ros2_challenge_ws/install/dynamixel_sdk_examples/share/dynamixel_sdk_examples/local_setup.bash
[27.625s] -- Symlinking: /home/netweaver/Projects/GSOC/JdeRobot/ros2_challenge_ws/install/dynamixel_sdk_examples/share/dynamixel_sdk_examples/local_setup.sh
[27.654s] -- Symlinking: /home/netweaver/Projects/GSOC/JdeRobot/ros2_challenge_ws/install/dynamixel_sdk_examples/share/dynamixel_sdk_examples/local_setup.zsh
[27.678s] -- Symlinking: /home/netweaver/Projects/GSOC/JdeRobot/ros2_challenge_ws/install/dynamixel_sdk_examples/share/dynamixel_sdk_examples/local_setup.dsv
[27.704s] -- Symlinking: /home/netweaver/Projects/GSOC/JdeRobot/ros2_challenge_ws/install/dynamixel_sdk_examples/share/dynamixel_sdk_examples/package.dsv
[27.733s] -- Symlinking: /home/netweaver/Projects/GSOC/JdeRobot/ros2_challenge_ws/install/dynamixel_sdk_examples/share/ament_index/resource_index/packages/dynamixel_sdk_examples
[27.762s] -- Symlinking: /home/netweaver/Projects/GSOC/JdeRobot/ros2_challenge_ws/install/dynamixel_sdk_examples/share/dynamixel_sdk_examples/cmake/dynamixel_sdk_examplesConfig.cmake
[27.791s] -- Symlinking: /home/netweaver/Projects/GSOC/JdeRobot/ros2_challenge_ws/install/dynamixel_sdk_examples/share/dynamixel_sdk_examples/cmake/dynamixel_sdk_examplesConfig-version.cmake
[27.818s] -- Symlinking: /home/netweaver/Projects/GSOC/JdeRobot/ros2_challenge_ws/install/dynamixel_sdk_examples/share/dynamixel_sdk_examples/package.xml
[27.849s] Invoked command in '/home/netweaver/Projects/GSOC/JdeRobot/ros2_challenge_ws/build/dynamixel_sdk_examples' returned '0': AMENT_PREFIX_PATH=/home/netweaver/Projects/GSOC/JdeRobot/ros2_challenge_ws/install/dynamixel_sdk_custom_interfaces:/home/netweaver/Projects/GSOC/JdeRobot/ros2_challenge_ws/install/dynamixel_sdk:${AMENT_PREFIX_PATH} CMAKE_PREFIX_PATH=/home/netweaver/Projects/GSOC/JdeRobot/ros2_challenge_ws/install/dynamixel_sdk_custom_interfaces:/home/netweaver/Projects/GSOC/JdeRobot/ros2_challenge_ws/install/dynamixel_sdk:/home/netweaver/Projects/GSOC/JdeRobot/turtlebot3_ws/install/turtlebot3:/home/netweaver/Projects/GSOC/JdeRobot/turtlebot3_ws/install/turtlebot3_bringup:/home/netweaver/Projects/GSOC/JdeRobot/turtlebot3_ws/install/turtlebot3_node:/home/netweaver/Projects/GSOC/JdeRobot/turtlebot3_ws/install/turtlebot3_navigation2:/home/netweaver/Projects/GSOC/JdeRobot/turtlebot3_ws/install/turtlebot3_msgs:/home/netweaver/Projects/GSOC/JdeRobot/turtlebot3_ws/install/turtlebot3_description:/home/netweaver/Projects/GSOC/JdeRobot/turtlebot3_ws/install/turtlebot3_cartographer:/home/netweaver/Projects/GSOC/JdeRobot/turtlebot3_ws/install/dynamixel_sdk_examples:/home/netweaver/Projects/GSOC/JdeRobot/turtlebot3_ws/install/dynamixel_sdk_custom_interfaces:/home/netweaver/Projects/GSOC/JdeRobot/turtlebot3_ws/install/dynamixel_sdk:/home/netweaver/Projects/GSOC/JdeRobot/turtlebot3_ws/install/turtlebot3_teleop:/home/netweaver/Projects/GSOC/JdeRobot/turtlebot3_ws/install/turtlebot3_example:/opt/ros/humble LD_LIBRARY_PATH=/home/netweaver/Projects/GSOC/JdeRobot/ros2_challenge_ws/install/dynamixel_sdk_custom_interfaces/lib:/home/netweaver/Projects/GSOC/JdeRobot/ros2_challenge_ws/install/dynamixel_sdk/lib:${LD_LIBRARY_PATH} PYTHONPATH=/home/netweaver/Projects/GSOC/JdeRobot/ros2_challenge_ws/install/dynamixel_sdk_custom_interfaces/local/lib/python3.10/dist-packages:/home/netweaver/Projects/GSOC/JdeRobot/ros2_challenge_ws/install/dynamixel_sdk/local/lib/python3.10/dist-packages:${PYTHONPATH} /usr/bin/cmake --install /home/netweaver/Projects/GSOC/JdeRobot/ros2_challenge_ws/build/dynamixel_sdk_examples
