[0.073s] Invoking command in '/home/netweaver/Projects/GSOC/JdeRobot/ros2_challenge_ws/build/turtlebot3_cartographer': CMAKE_PREFIX_PATH=${CMAKE_PREFIX_PATH}:/home/netweaver/Projects/GSOC/JdeRobot/turtlebot3_ws/install/turtlebot3_teleop:/home/netweaver/Projects/GSOC/JdeRobot/turtlebot3_ws/install/turtlebot3_example:/opt/ros/humble /usr/bin/cmake --build /home/netweaver/Projects/GSOC/JdeRobot/ros2_challenge_ws/build/turtlebot3_cartographer -- -j8 -l8
[0.803s] Invoked command in '/home/netweaver/Projects/GSOC/JdeRobot/ros2_challenge_ws/build/turtlebot3_cartographer' returned '0': CMAKE_PREFIX_PATH=${CMAKE_PREFIX_PATH}:/home/netweaver/Projects/GSOC/JdeRobot/turtlebot3_ws/install/turtlebot3_teleop:/home/netweaver/Projects/GSOC/JdeRobot/turtlebot3_ws/install/turtlebot3_example:/opt/ros/humble /usr/bin/cmake --build /home/netweaver/Projects/GSOC/JdeRobot/ros2_challenge_ws/build/turtlebot3_cartographer -- -j8 -l8
[0.807s] Invoking command in '/home/netweaver/Projects/GSOC/JdeRobot/ros2_challenge_ws/build/turtlebot3_cartographer': CMAKE_PREFIX_PATH=${CMAKE_PREFIX_PATH}:/home/netweaver/Projects/GSOC/JdeRobot/turtlebot3_ws/install/turtlebot3_teleop:/home/netweaver/Projects/GSOC/JdeRobot/turtlebot3_ws/install/turtlebot3_example:/opt/ros/humble /usr/bin/cmake --install /home/netweaver/Projects/GSOC/JdeRobot/ros2_challenge_ws/build/turtlebot3_cartographer
[0.829s] -- Install configuration: ""
[0.832s] -- Execute custom install script
[0.835s] -- Up-to-date symlink: /home/netweaver/Projects/GSOC/JdeRobot/ros2_challenge_ws/install/turtlebot3_cartographer/share/turtlebot3_cartographer/config/turtlebot3_lds_2d.lua
[0.842s] -- Up-to-date symlink: /home/netweaver/Projects/GSOC/JdeRobot/ros2_challenge_ws/install/turtlebot3_cartographer/share/turtlebot3_cartographer/launch/cartographer.launch.py
[0.843s] -- Up-to-date symlink: /home/netweaver/Projects/GSOC/JdeRobot/ros2_challenge_ws/install/turtlebot3_cartographer/share/turtlebot3_cartographer/launch/occupancy_grid.launch.py
[0.843s] -- Up-to-date symlink: /home/netweaver/Projects/GSOC/JdeRobot/ros2_challenge_ws/install/turtlebot3_cartographer/share/turtlebot3_cartographer/rviz/tb3_cartographer.rviz
[0.844s] -- Up-to-date symlink: /home/netweaver/Projects/GSOC/JdeRobot/ros2_challenge_ws/install/turtlebot3_cartographer/share/ament_index/resource_index/package_run_dependencies/turtlebot3_cartographer
[0.844s] -- Up-to-date symlink: /home/netweaver/Projects/GSOC/JdeRobot/ros2_challenge_ws/install/turtlebot3_cartographer/share/ament_index/resource_index/parent_prefix_path/turtlebot3_cartographer
[0.844s] -- Up-to-date symlink: /home/netweaver/Projects/GSOC/JdeRobot/ros2_challenge_ws/install/turtlebot3_cartographer/share/turtlebot3_cartographer/environment/ament_prefix_path.sh
[0.844s] -- Up-to-date symlink: /home/netweaver/Projects/GSOC/JdeRobot/ros2_challenge_ws/install/turtlebot3_cartographer/share/turtlebot3_cartographer/environment/ament_prefix_path.dsv
[0.844s] -- Up-to-date symlink: /home/netweaver/Projects/GSOC/JdeRobot/ros2_challenge_ws/install/turtlebot3_cartographer/share/turtlebot3_cartographer/environment/path.sh
[0.845s] -- Up-to-date symlink: /home/netweaver/Projects/GSOC/JdeRobot/ros2_challenge_ws/install/turtlebot3_cartographer/share/turtlebot3_cartographer/environment/path.dsv
[0.845s] -- Up-to-date symlink: /home/netweaver/Projects/GSOC/JdeRobot/ros2_challenge_ws/install/turtlebot3_cartographer/share/turtlebot3_cartographer/local_setup.bash
[0.845s] -- Up-to-date symlink: /home/netweaver/Projects/GSOC/JdeRobot/ros2_challenge_ws/install/turtlebot3_cartographer/share/turtlebot3_cartographer/local_setup.sh
[0.845s] -- Up-to-date symlink: /home/netweaver/Projects/GSOC/JdeRobot/ros2_challenge_ws/install/turtlebot3_cartographer/share/turtlebot3_cartographer/local_setup.zsh
[0.845s] -- Up-to-date symlink: /home/netweaver/Projects/GSOC/JdeRobot/ros2_challenge_ws/install/turtlebot3_cartographer/share/turtlebot3_cartographer/local_setup.dsv
[0.845s] -- Symlinking: /home/netweaver/Projects/GSOC/JdeRobot/ros2_challenge_ws/install/turtlebot3_cartographer/share/turtlebot3_cartographer/package.dsv
[0.889s] -- Up-to-date symlink: /home/netweaver/Projects/GSOC/JdeRobot/ros2_challenge_ws/install/turtlebot3_cartographer/share/ament_index/resource_index/packages/turtlebot3_cartographer
[0.891s] -- Up-to-date symlink: /home/netweaver/Projects/GSOC/JdeRobot/ros2_challenge_ws/install/turtlebot3_cartographer/share/turtlebot3_cartographer/cmake/turtlebot3_cartographerConfig.cmake
[0.891s] -- Up-to-date symlink: /home/netweaver/Projects/GSOC/JdeRobot/ros2_challenge_ws/install/turtlebot3_cartographer/share/turtlebot3_cartographer/cmake/turtlebot3_cartographerConfig-version.cmake
[0.892s] -- Up-to-date symlink: /home/netweaver/Projects/GSOC/JdeRobot/ros2_challenge_ws/install/turtlebot3_cartographer/share/turtlebot3_cartographer/package.xml
[0.991s] Invoked command in '/home/netweaver/Projects/GSOC/JdeRobot/ros2_challenge_ws/build/turtlebot3_cartographer' returned '0': CMAKE_PREFIX_PATH=${CMAKE_PREFIX_PATH}:/home/netweaver/Projects/GSOC/JdeRobot/turtlebot3_ws/install/turtlebot3_teleop:/home/netweaver/Projects/GSOC/JdeRobot/turtlebot3_ws/install/turtlebot3_example:/opt/ros/humble /usr/bin/cmake --install /home/netweaver/Projects/GSOC/JdeRobot/ros2_challenge_ws/build/turtlebot3_cartographer
