[0.095s] Invoking command in '/home/netweaver/Projects/GSOC/JdeRobot/ros2_challenge_ws/build/turtlebot3_gazebo': CMAKE_PREFIX_PATH=${CMAKE_PREFIX_PATH}:/home/netweaver/Projects/GSOC/JdeRobot/turtlebot3_ws/install/turtlebot3_teleop:/home/netweaver/Projects/GSOC/JdeRobot/turtlebot3_ws/install/turtlebot3_example:/opt/ros/humble /usr/bin/cmake /home/netweaver/Projects/GSOC/JdeRobot/ros2_challenge_ws/src/turtlebot3_simulations/turtlebot3_gazebo -DCMAKE_INSTALL_PREFIX=/home/netweaver/Projects/GSOC/JdeRobot/ros2_challenge_ws/install/turtlebot3_gazebo
[0.953s] -- Found ament_cmake: 1.3.11 (/opt/ros/humble/share/ament_cmake/cmake)
[0.954s] -- Override CMake install command with custom implementation using symlinks instead of copying resources
[0.954s] -- Configuring incomplete, errors occurred!
[0.954s] See also "/home/netweaver/Projects/GSOC/JdeRobot/ros2_challenge_ws/build/turtlebot3_gazebo/CMakeFiles/CMakeOutput.log".
[0.954s] [31mCMake Error at CMakeLists.txt:23 (find_package):
[0.954s]   By not providing "Findgazebo.cmake" in CMAKE_MODULE_PATH this project has
[0.954s]   asked CMake to find a package configuration file provided by "gazebo", but
[0.955s]   CMake did not find one.
[0.955s] 
[0.962s]   Could not find a package configuration file provided by "gazebo" with any
[0.963s]   of the following names:
[0.963s] 
[0.963s]     gazeboConfig.cmake
[0.963s]     gazebo-config.cmake
[0.964s] 
[0.964s]   Add the installation prefix of "gazebo" to CMAKE_PREFIX_PATH or set
[0.964s]   "gazebo_DIR" to a directory containing one of the above files.  If "gazebo"
[0.964s]   provides a separate development package or SDK, be sure it has been
[0.964s]   installed.
[0.964s] 
[0.965s] [0m
[0.972s] Invoked command in '/home/netweaver/Projects/GSOC/JdeRobot/ros2_challenge_ws/build/turtlebot3_gazebo' returned '1': CMAKE_PREFIX_PATH=${CMAKE_PREFIX_PATH}:/home/netweaver/Projects/GSOC/JdeRobot/turtlebot3_ws/install/turtlebot3_teleop:/home/netweaver/Projects/GSOC/JdeRobot/turtlebot3_ws/install/turtlebot3_example:/opt/ros/humble /usr/bin/cmake /home/netweaver/Projects/GSOC/JdeRobot/ros2_challenge_ws/src/turtlebot3_simulations/turtlebot3_gazebo -DCMAKE_INSTALL_PREFIX=/home/netweaver/Projects/GSOC/JdeRobot/ros2_challenge_ws/install/turtlebot3_gazebo
