[0.242s] Invoking command in '/home/netweaver/Projects/GSOC/JdeRobot/ros2_challenge_ws/build/turtlebot3_description': CMAKE_PREFIX_PATH=${CMAKE_PREFIX_PATH}:/home/netweaver/Projects/GSOC/JdeRobot/ros2_challenge_ws/install/turtlebot3_teleop:/home/netweaver/Projects/GSOC/JdeRobot/ros2_challenge_ws/install/turtlebot3_example:/home/netweaver/Projects/GSOC/JdeRobot/turtlebot3_ws/install/turtlebot3_teleop:/home/netweaver/Projects/GSOC/JdeRobot/turtlebot3_ws/install/turtlebot3_example:/opt/ros/humble /usr/bin/cmake --build /home/netweaver/Projects/GSOC/JdeRobot/ros2_challenge_ws/build/turtlebot3_description -- -j8 -l8
[2.310s] Invoked command in '/home/netweaver/Projects/GSOC/JdeRobot/ros2_challenge_ws/build/turtlebot3_description' returned '0': CMAKE_PREFIX_PATH=${CMAKE_PREFIX_PATH}:/home/netweaver/Projects/GSOC/JdeRobot/ros2_challenge_ws/install/turtlebot3_teleop:/home/netweaver/Projects/GSOC/JdeRobot/ros2_challenge_ws/install/turtlebot3_example:/home/netweaver/Projects/GSOC/JdeRobot/turtlebot3_ws/install/turtlebot3_teleop:/home/netweaver/Projects/GSOC/JdeRobot/turtlebot3_ws/install/turtlebot3_example:/opt/ros/humble /usr/bin/cmake --build /home/netweaver/Projects/GSOC/JdeRobot/ros2_challenge_ws/build/turtlebot3_description -- -j8 -l8
[2.316s] Invoking command in '/home/netweaver/Projects/GSOC/JdeRobot/ros2_challenge_ws/build/turtlebot3_description': CMAKE_PREFIX_PATH=${CMAKE_PREFIX_PATH}:/home/netweaver/Projects/GSOC/JdeRobot/ros2_challenge_ws/install/turtlebot3_teleop:/home/netweaver/Projects/GSOC/JdeRobot/ros2_challenge_ws/install/turtlebot3_example:/home/netweaver/Projects/GSOC/JdeRobot/turtlebot3_ws/install/turtlebot3_teleop:/home/netweaver/Projects/GSOC/JdeRobot/turtlebot3_ws/install/turtlebot3_example:/opt/ros/humble /usr/bin/cmake --install /home/netweaver/Projects/GSOC/JdeRobot/ros2_challenge_ws/build/turtlebot3_description
[2.374s] -- Install configuration: ""
[2.374s] -- Execute custom install script
[2.381s] -- Up-to-date symlink: /home/netweaver/Projects/GSOC/JdeRobot/ros2_challenge_ws/install/turtlebot3_description/share/turtlebot3_description/meshes/bases/burger_base.stl
[2.382s] -- Up-to-date symlink: /home/netweaver/Projects/GSOC/JdeRobot/ros2_challenge_ws/install/turtlebot3_description/share/turtlebot3_description/meshes/bases/waffle_base.stl
[2.382s] -- Up-to-date symlink: /home/netweaver/Projects/GSOC/JdeRobot/ros2_challenge_ws/install/turtlebot3_description/share/turtlebot3_description/meshes/bases/waffle_pi_base.stl
[2.382s] -- Up-to-date symlink: /home/netweaver/Projects/GSOC/JdeRobot/ros2_challenge_ws/install/turtlebot3_description/share/turtlebot3_description/meshes/sensors/astra.dae
[2.383s] -- Up-to-date symlink: /home/netweaver/Projects/GSOC/JdeRobot/ros2_challenge_ws/install/turtlebot3_description/share/turtlebot3_description/meshes/sensors/astra.jpg
[2.391s] -- Up-to-date symlink: /home/netweaver/Projects/GSOC/JdeRobot/ros2_challenge_ws/install/turtlebot3_description/share/turtlebot3_description/meshes/sensors/lds.stl
[2.392s] -- Up-to-date symlink: /home/netweaver/Projects/GSOC/JdeRobot/ros2_challenge_ws/install/turtlebot3_description/share/turtlebot3_description/meshes/sensors/r200.dae
[2.392s] -- Up-to-date symlink: /home/netweaver/Projects/GSOC/JdeRobot/ros2_challenge_ws/install/turtlebot3_description/share/turtlebot3_description/meshes/sensors/r200.jpg
[2.394s] -- Up-to-date symlink: /home/netweaver/Projects/GSOC/JdeRobot/ros2_challenge_ws/install/turtlebot3_description/share/turtlebot3_description/meshes/wheels/left_tire.stl
[2.395s] -- Up-to-date symlink: /home/netweaver/Projects/GSOC/JdeRobot/ros2_challenge_ws/install/turtlebot3_description/share/turtlebot3_description/meshes/wheels/right_tire.stl
[2.395s] -- Up-to-date symlink: /home/netweaver/Projects/GSOC/JdeRobot/ros2_challenge_ws/install/turtlebot3_description/share/turtlebot3_description/rviz/model.rviz
[2.401s] -- Up-to-date symlink: /home/netweaver/Projects/GSOC/JdeRobot/ros2_challenge_ws/install/turtlebot3_description/share/turtlebot3_description/urdf/common_properties.urdf
[2.401s] -- Up-to-date symlink: /home/netweaver/Projects/GSOC/JdeRobot/ros2_challenge_ws/install/turtlebot3_description/share/turtlebot3_description/urdf/turtlebot3_burger.urdf
[2.401s] -- Up-to-date symlink: /home/netweaver/Projects/GSOC/JdeRobot/ros2_challenge_ws/install/turtlebot3_description/share/turtlebot3_description/urdf/turtlebot3_waffle.urdf
[2.402s] -- Up-to-date symlink: /home/netweaver/Projects/GSOC/JdeRobot/ros2_challenge_ws/install/turtlebot3_description/share/turtlebot3_description/urdf/turtlebot3_waffle_pi.urdf
[2.402s] -- Up-to-date symlink: /home/netweaver/Projects/GSOC/JdeRobot/ros2_challenge_ws/install/turtlebot3_description/share/ament_index/resource_index/package_run_dependencies/turtlebot3_description
[2.402s] -- Up-to-date symlink: /home/netweaver/Projects/GSOC/JdeRobot/ros2_challenge_ws/install/turtlebot3_description/share/ament_index/resource_index/parent_prefix_path/turtlebot3_description
[2.405s] -- Up-to-date symlink: /home/netweaver/Projects/GSOC/JdeRobot/ros2_challenge_ws/install/turtlebot3_description/share/turtlebot3_description/environment/ament_prefix_path.sh
[2.405s] -- Up-to-date symlink: /home/netweaver/Projects/GSOC/JdeRobot/ros2_challenge_ws/install/turtlebot3_description/share/turtlebot3_description/environment/ament_prefix_path.dsv
[2.406s] -- Up-to-date symlink: /home/netweaver/Projects/GSOC/JdeRobot/ros2_challenge_ws/install/turtlebot3_description/share/turtlebot3_description/environment/path.sh
[2.406s] -- Up-to-date symlink: /home/netweaver/Projects/GSOC/JdeRobot/ros2_challenge_ws/install/turtlebot3_description/share/turtlebot3_description/environment/path.dsv
[2.406s] -- Up-to-date symlink: /home/netweaver/Projects/GSOC/JdeRobot/ros2_challenge_ws/install/turtlebot3_description/share/turtlebot3_description/local_setup.bash
[2.406s] -- Up-to-date symlink: /home/netweaver/Projects/GSOC/JdeRobot/ros2_challenge_ws/install/turtlebot3_description/share/turtlebot3_description/local_setup.sh
[2.407s] -- Up-to-date symlink: /home/netweaver/Projects/GSOC/JdeRobot/ros2_challenge_ws/install/turtlebot3_description/share/turtlebot3_description/local_setup.zsh
[2.407s] -- Up-to-date symlink: /home/netweaver/Projects/GSOC/JdeRobot/ros2_challenge_ws/install/turtlebot3_description/share/turtlebot3_description/local_setup.dsv
[2.407s] -- Symlinking: /home/netweaver/Projects/GSOC/JdeRobot/ros2_challenge_ws/install/turtlebot3_description/share/turtlebot3_description/package.dsv
[2.449s] -- Up-to-date symlink: /home/netweaver/Projects/GSOC/JdeRobot/ros2_challenge_ws/install/turtlebot3_description/share/ament_index/resource_index/packages/turtlebot3_description
[2.450s] -- Up-to-date symlink: /home/netweaver/Projects/GSOC/JdeRobot/ros2_challenge_ws/install/turtlebot3_description/share/turtlebot3_description/cmake/turtlebot3_descriptionConfig.cmake
[2.470s] -- Up-to-date symlink: /home/netweaver/Projects/GSOC/JdeRobot/ros2_challenge_ws/install/turtlebot3_description/share/turtlebot3_description/cmake/turtlebot3_descriptionConfig-version.cmake
[2.470s] -- Up-to-date symlink: /home/netweaver/Projects/GSOC/JdeRobot/ros2_challenge_ws/install/turtlebot3_description/share/turtlebot3_description/package.xml
[2.804s] Invoked command in '/home/netweaver/Projects/GSOC/JdeRobot/ros2_challenge_ws/build/turtlebot3_description' returned '0': CMAKE_PREFIX_PATH=${CMAKE_PREFIX_PATH}:/home/netweaver/Projects/GSOC/JdeRobot/ros2_challenge_ws/install/turtlebot3_teleop:/home/netweaver/Projects/GSOC/JdeRobot/ros2_challenge_ws/install/turtlebot3_example:/home/netweaver/Projects/GSOC/JdeRobot/turtlebot3_ws/install/turtlebot3_teleop:/home/netweaver/Projects/GSOC/JdeRobot/turtlebot3_ws/install/turtlebot3_example:/opt/ros/humble /usr/bin/cmake --install /home/netweaver/Projects/GSOC/JdeRobot/ros2_challenge_ws/build/turtlebot3_description
