[0.504s] Invoking command in '/home/netweaver/Projects/GSOC/JdeRobot/ros2_challenge_ws/build/turtlebot3_fake_node': CMAKE_PREFIX_PATH=/home/netweaver/Projects/GSOC/JdeRobot/ros2_challenge_ws/install/turtlebot3_msgs:/home/netweaver/Projects/GSOC/JdeRobot/ros2_challenge_ws/install/turtlebot3:/home/netweaver/Projects/GSOC/JdeRobot/ros2_challenge_ws/install/turtlebot3_bringup:/home/netweaver/Projects/GSOC/JdeRobot/ros2_challenge_ws/install/turtlebot3_node:/home/netweaver/Projects/GSOC/JdeRobot/ros2_challenge_ws/install/turtlebot3_navigation2:/home/netweaver/Projects/GSOC/JdeRobot/ros2_challenge_ws/install/turtlebot3_description:/home/netweaver/Projects/GSOC/JdeRobot/ros2_challenge_ws/install/turtlebot3_cartographer:/home/netweaver/Projects/GSOC/JdeRobot/ros2_challenge_ws/install/ros2_navigation2:/home/netweaver/Projects/GSOC/JdeRobot/ros2_challenge_ws/install/introduction_to_ros2:/home/netweaver/Projects/GSOC/JdeRobot/ros2_challenge_ws/install/dynamixel_sdk_examples:/home/netweaver/Projects/GSOC/JdeRobot/ros2_challenge_ws/install/dynamixel_sdk_custom_interfaces:/home/netweaver/Projects/GSOC/JdeRobot/ros2_challenge_ws/install/dynamixel_sdk:/home/netweaver/Projects/GSOC/JdeRobot/turtlebot3_ws/install/turtlebot3:/home/netweaver/Projects/GSOC/JdeRobot/turtlebot3_ws/install/turtlebot3_bringup:/home/netweaver/Projects/GSOC/JdeRobot/turtlebot3_ws/install/turtlebot3_node:/home/netweaver/Projects/GSOC/JdeRobot/turtlebot3_ws/install/turtlebot3_navigation2:/home/netweaver/Projects/GSOC/JdeRobot/turtlebot3_ws/install/turtlebot3_msgs:/home/netweaver/Projects/GSOC/JdeRobot/turtlebot3_ws/install/turtlebot3_description:/home/netweaver/Projects/GSOC/JdeRobot/turtlebot3_ws/install/turtlebot3_cartographer:/home/netweaver/Projects/GSOC/JdeRobot/turtlebot3_ws/install/dynamixel_sdk_examples:/home/netweaver/Projects/GSOC/JdeRobot/turtlebot3_ws/install/dynamixel_sdk_custom_interfaces:/home/netweaver/Projects/GSOC/JdeRobot/turtlebot3_ws/install/dynamixel_sdk:/home/netweaver/Projects/GSOC/JdeRobot/ros2_challenge_ws/install/turtlebot3_teleop:/home/netweaver/Projects/GSOC/JdeRobot/ros2_challenge_ws/install/turtlebot3_example:/home/netweaver/Projects/GSOC/JdeRobot/turtlebot3_ws/install/turtlebot3_teleop:/home/netweaver/Projects/GSOC/JdeRobot/turtlebot3_ws/install/turtlebot3_example:/opt/ros/humble /usr/bin/cmake /home/netweaver/Projects/GSOC/JdeRobot/ros2_challenge_ws/src/turtlebot3_simulations/turtlebot3_fake_node -DAMENT_CMAKE_SYMLINK_INSTALL=1 -DCMAKE_INSTALL_PREFIX=/home/netweaver/Projects/GSOC/JdeRobot/ros2_challenge_ws/install/turtlebot3_fake_node
[0.640s] -- The C compiler identification is GNU 11.4.0
[0.776s] -- The CXX compiler identification is GNU 11.4.0
[0.790s] -- Detecting C compiler ABI info
[0.919s] -- Detecting C compiler ABI info - done
[0.938s] -- Check for working C compiler: /usr/bin/cc - skipped
[0.939s] -- Detecting C compile features
[0.939s] -- Detecting C compile features - done
[0.946s] -- Detecting CXX compiler ABI info
[1.084s] -- Detecting CXX compiler ABI info - done
[1.095s] -- Check for working CXX compiler: /usr/bin/c++ - skipped
[1.095s] -- Detecting CXX compile features
[1.096s] -- Detecting CXX compile features - done
[1.106s] -- Found ament_cmake: 1.3.11 (/opt/ros/humble/share/ament_cmake/cmake)
[1.402s] -- Found Python3: /usr/bin/python3 (found version "3.10.12") found components: Interpreter 
[1.549s] -- Override CMake install command with custom implementation using symlinks instead of copying resources
[1.728s] -- Found geometry_msgs: 4.2.4 (/opt/ros/humble/share/geometry_msgs/cmake)
[1.845s] -- Found rosidl_generator_c: 3.1.6 (/opt/ros/humble/share/rosidl_generator_c/cmake)
[1.864s] -- Found rosidl_adapter: 3.1.6 (/opt/ros/humble/share/rosidl_adapter/cmake)
[1.885s] -- Found rosidl_generator_cpp: 3.1.6 (/opt/ros/humble/share/rosidl_generator_cpp/cmake)
[1.912s] -- Using all available rosidl_typesupport_c: rosidl_typesupport_fastrtps_c;rosidl_typesupport_introspection_c
[1.947s] -- Using all available rosidl_typesupport_cpp: rosidl_typesupport_fastrtps_cpp;rosidl_typesupport_introspection_cpp
[2.021s] -- Found nav_msgs: 4.2.4 (/opt/ros/humble/share/nav_msgs/cmake)
[2.047s] -- Found rclcpp: 16.0.11 (/opt/ros/humble/share/rclcpp/cmake)
[2.163s] -- Found rmw_implementation_cmake: 6.1.2 (/opt/ros/humble/share/rmw_implementation_cmake/cmake)
[2.174s] -- Found rmw_fastrtps_cpp: 6.2.7 (/opt/ros/humble/share/rmw_fastrtps_cpp/cmake)
[2.366s] -- Found OpenSSL: /usr/lib/x86_64-linux-gnu/libcrypto.so (found version "3.0.2")  
[2.417s] -- Found FastRTPS: /opt/ros/humble/include  
[2.486s] -- Using RMW implementation 'rmw_fastrtps_cpp' as default
[2.510s] -- Looking for pthread.h
[2.617s] -- Looking for pthread.h - found
[2.617s] -- Performing Test CMAKE_HAVE_LIBC_PTHREAD
[2.726s] -- Performing Test CMAKE_HAVE_LIBC_PTHREAD - Success
[2.727s] -- Found Threads: TRUE  
[2.801s] -- Found sensor_msgs: 4.2.4 (/opt/ros/humble/share/sensor_msgs/cmake)
[2.829s] -- Found tf2: 0.25.12 (/opt/ros/humble/share/tf2/cmake)
[2.855s] -- Found tf2_msgs: 0.25.12 (/opt/ros/humble/share/tf2_msgs/cmake)
[2.920s] -- Found turtlebot3_msgs: 2.3.0 (/home/netweaver/Projects/GSOC/JdeRobot/ros2_challenge_ws/install/turtlebot3_msgs/share/turtlebot3_msgs/cmake)
[3.054s] -- Configuring done
[3.079s] -- Generating done
[3.085s] -- Build files have been written to: /home/netweaver/Projects/GSOC/JdeRobot/ros2_challenge_ws/build/turtlebot3_fake_node
[3.101s] Invoked command in '/home/netweaver/Projects/GSOC/JdeRobot/ros2_challenge_ws/build/turtlebot3_fake_node' returned '0': CMAKE_PREFIX_PATH=/home/netweaver/Projects/GSOC/JdeRobot/ros2_challenge_ws/install/turtlebot3_msgs:/home/netweaver/Projects/GSOC/JdeRobot/ros2_challenge_ws/install/turtlebot3:/home/netweaver/Projects/GSOC/JdeRobot/ros2_challenge_ws/install/turtlebot3_bringup:/home/netweaver/Projects/GSOC/JdeRobot/ros2_challenge_ws/install/turtlebot3_node:/home/netweaver/Projects/GSOC/JdeRobot/ros2_challenge_ws/install/turtlebot3_navigation2:/home/netweaver/Projects/GSOC/JdeRobot/ros2_challenge_ws/install/turtlebot3_description:/home/netweaver/Projects/GSOC/JdeRobot/ros2_challenge_ws/install/turtlebot3_cartographer:/home/netweaver/Projects/GSOC/JdeRobot/ros2_challenge_ws/install/ros2_navigation2:/home/netweaver/Projects/GSOC/JdeRobot/ros2_challenge_ws/install/introduction_to_ros2:/home/netweaver/Projects/GSOC/JdeRobot/ros2_challenge_ws/install/dynamixel_sdk_examples:/home/netweaver/Projects/GSOC/JdeRobot/ros2_challenge_ws/install/dynamixel_sdk_custom_interfaces:/home/netweaver/Projects/GSOC/JdeRobot/ros2_challenge_ws/install/dynamixel_sdk:/home/netweaver/Projects/GSOC/JdeRobot/turtlebot3_ws/install/turtlebot3:/home/netweaver/Projects/GSOC/JdeRobot/turtlebot3_ws/install/turtlebot3_bringup:/home/netweaver/Projects/GSOC/JdeRobot/turtlebot3_ws/install/turtlebot3_node:/home/netweaver/Projects/GSOC/JdeRobot/turtlebot3_ws/install/turtlebot3_navigation2:/home/netweaver/Projects/GSOC/JdeRobot/turtlebot3_ws/install/turtlebot3_msgs:/home/netweaver/Projects/GSOC/JdeRobot/turtlebot3_ws/install/turtlebot3_description:/home/netweaver/Projects/GSOC/JdeRobot/turtlebot3_ws/install/turtlebot3_cartographer:/home/netweaver/Projects/GSOC/JdeRobot/turtlebot3_ws/install/dynamixel_sdk_examples:/home/netweaver/Projects/GSOC/JdeRobot/turtlebot3_ws/install/dynamixel_sdk_custom_interfaces:/home/netweaver/Projects/GSOC/JdeRobot/turtlebot3_ws/install/dynamixel_sdk:/home/netweaver/Projects/GSOC/JdeRobot/ros2_challenge_ws/install/turtlebot3_teleop:/home/netweaver/Projects/GSOC/JdeRobot/ros2_challenge_ws/install/turtlebot3_example:/home/netweaver/Projects/GSOC/JdeRobot/turtlebot3_ws/install/turtlebot3_teleop:/home/netweaver/Projects/GSOC/JdeRobot/turtlebot3_ws/install/turtlebot3_example:/opt/ros/humble /usr/bin/cmake /home/netweaver/Projects/GSOC/JdeRobot/ros2_challenge_ws/src/turtlebot3_simulations/turtlebot3_fake_node -DAMENT_CMAKE_SYMLINK_INSTALL=1 -DCMAKE_INSTALL_PREFIX=/home/netweaver/Projects/GSOC/JdeRobot/ros2_challenge_ws/install/turtlebot3_fake_node
[3.105s] Invoking command in '/home/netweaver/Projects/GSOC/JdeRobot/ros2_challenge_ws/build/turtlebot3_fake_node': CMAKE_PREFIX_PATH=/home/netweaver/Projects/GSOC/JdeRobot/ros2_challenge_ws/install/turtlebot3_msgs:/home/netweaver/Projects/GSOC/JdeRobot/ros2_challenge_ws/install/turtlebot3:/home/netweaver/Projects/GSOC/JdeRobot/ros2_challenge_ws/install/turtlebot3_bringup:/home/netweaver/Projects/GSOC/JdeRobot/ros2_challenge_ws/install/turtlebot3_node:/home/netweaver/Projects/GSOC/JdeRobot/ros2_challenge_ws/install/turtlebot3_navigation2:/home/netweaver/Projects/GSOC/JdeRobot/ros2_challenge_ws/install/turtlebot3_description:/home/netweaver/Projects/GSOC/JdeRobot/ros2_challenge_ws/install/turtlebot3_cartographer:/home/netweaver/Projects/GSOC/JdeRobot/ros2_challenge_ws/install/ros2_navigation2:/home/netweaver/Projects/GSOC/JdeRobot/ros2_challenge_ws/install/introduction_to_ros2:/home/netweaver/Projects/GSOC/JdeRobot/ros2_challenge_ws/install/dynamixel_sdk_examples:/home/netweaver/Projects/GSOC/JdeRobot/ros2_challenge_ws/install/dynamixel_sdk_custom_interfaces:/home/netweaver/Projects/GSOC/JdeRobot/ros2_challenge_ws/install/dynamixel_sdk:/home/netweaver/Projects/GSOC/JdeRobot/turtlebot3_ws/install/turtlebot3:/home/netweaver/Projects/GSOC/JdeRobot/turtlebot3_ws/install/turtlebot3_bringup:/home/netweaver/Projects/GSOC/JdeRobot/turtlebot3_ws/install/turtlebot3_node:/home/netweaver/Projects/GSOC/JdeRobot/turtlebot3_ws/install/turtlebot3_navigation2:/home/netweaver/Projects/GSOC/JdeRobot/turtlebot3_ws/install/turtlebot3_msgs:/home/netweaver/Projects/GSOC/JdeRobot/turtlebot3_ws/install/turtlebot3_description:/home/netweaver/Projects/GSOC/JdeRobot/turtlebot3_ws/install/turtlebot3_cartographer:/home/netweaver/Projects/GSOC/JdeRobot/turtlebot3_ws/install/dynamixel_sdk_examples:/home/netweaver/Projects/GSOC/JdeRobot/turtlebot3_ws/install/dynamixel_sdk_custom_interfaces:/home/netweaver/Projects/GSOC/JdeRobot/turtlebot3_ws/install/dynamixel_sdk:/home/netweaver/Projects/GSOC/JdeRobot/ros2_challenge_ws/install/turtlebot3_teleop:/home/netweaver/Projects/GSOC/JdeRobot/ros2_challenge_ws/install/turtlebot3_example:/home/netweaver/Projects/GSOC/JdeRobot/turtlebot3_ws/install/turtlebot3_teleop:/home/netweaver/Projects/GSOC/JdeRobot/turtlebot3_ws/install/turtlebot3_example:/opt/ros/humble /usr/bin/cmake --build /home/netweaver/Projects/GSOC/JdeRobot/ros2_challenge_ws/build/turtlebot3_fake_node -- -j8 -l8
[3.198s] [ 50%] [32mBuilding CXX object CMakeFiles/turtlebot3_fake_node.dir/src/turtlebot3_fake_node.cpp.o[0m
[27.371s] [100%] [32m[1mLinking CXX executable turtlebot3_fake_node[0m
[29.133s] [100%] Built target turtlebot3_fake_node
[29.166s] Invoked command in '/home/netweaver/Projects/GSOC/JdeRobot/ros2_challenge_ws/build/turtlebot3_fake_node' returned '0': CMAKE_PREFIX_PATH=/home/netweaver/Projects/GSOC/JdeRobot/ros2_challenge_ws/install/turtlebot3_msgs:/home/netweaver/Projects/GSOC/JdeRobot/ros2_challenge_ws/install/turtlebot3:/home/netweaver/Projects/GSOC/JdeRobot/ros2_challenge_ws/install/turtlebot3_bringup:/home/netweaver/Projects/GSOC/JdeRobot/ros2_challenge_ws/install/turtlebot3_node:/home/netweaver/Projects/GSOC/JdeRobot/ros2_challenge_ws/install/turtlebot3_navigation2:/home/netweaver/Projects/GSOC/JdeRobot/ros2_challenge_ws/install/turtlebot3_description:/home/netweaver/Projects/GSOC/JdeRobot/ros2_challenge_ws/install/turtlebot3_cartographer:/home/netweaver/Projects/GSOC/JdeRobot/ros2_challenge_ws/install/ros2_navigation2:/home/netweaver/Projects/GSOC/JdeRobot/ros2_challenge_ws/install/introduction_to_ros2:/home/netweaver/Projects/GSOC/JdeRobot/ros2_challenge_ws/install/dynamixel_sdk_examples:/home/netweaver/Projects/GSOC/JdeRobot/ros2_challenge_ws/install/dynamixel_sdk_custom_interfaces:/home/netweaver/Projects/GSOC/JdeRobot/ros2_challenge_ws/install/dynamixel_sdk:/home/netweaver/Projects/GSOC/JdeRobot/turtlebot3_ws/install/turtlebot3:/home/netweaver/Projects/GSOC/JdeRobot/turtlebot3_ws/install/turtlebot3_bringup:/home/netweaver/Projects/GSOC/JdeRobot/turtlebot3_ws/install/turtlebot3_node:/home/netweaver/Projects/GSOC/JdeRobot/turtlebot3_ws/install/turtlebot3_navigation2:/home/netweaver/Projects/GSOC/JdeRobot/turtlebot3_ws/install/turtlebot3_msgs:/home/netweaver/Projects/GSOC/JdeRobot/turtlebot3_ws/install/turtlebot3_description:/home/netweaver/Projects/GSOC/JdeRobot/turtlebot3_ws/install/turtlebot3_cartographer:/home/netweaver/Projects/GSOC/JdeRobot/turtlebot3_ws/install/dynamixel_sdk_examples:/home/netweaver/Projects/GSOC/JdeRobot/turtlebot3_ws/install/dynamixel_sdk_custom_interfaces:/home/netweaver/Projects/GSOC/JdeRobot/turtlebot3_ws/install/dynamixel_sdk:/home/netweaver/Projects/GSOC/JdeRobot/ros2_challenge_ws/install/turtlebot3_teleop:/home/netweaver/Projects/GSOC/JdeRobot/ros2_challenge_ws/install/turtlebot3_example:/home/netweaver/Projects/GSOC/JdeRobot/turtlebot3_ws/install/turtlebot3_teleop:/home/netweaver/Projects/GSOC/JdeRobot/turtlebot3_ws/install/turtlebot3_example:/opt/ros/humble /usr/bin/cmake --build /home/netweaver/Projects/GSOC/JdeRobot/ros2_challenge_ws/build/turtlebot3_fake_node -- -j8 -l8
[29.175s] Invoking command in '/home/netweaver/Projects/GSOC/JdeRobot/ros2_challenge_ws/build/turtlebot3_fake_node': CMAKE_PREFIX_PATH=/home/netweaver/Projects/GSOC/JdeRobot/ros2_challenge_ws/install/turtlebot3_msgs:/home/netweaver/Projects/GSOC/JdeRobot/ros2_challenge_ws/install/turtlebot3:/home/netweaver/Projects/GSOC/JdeRobot/ros2_challenge_ws/install/turtlebot3_bringup:/home/netweaver/Projects/GSOC/JdeRobot/ros2_challenge_ws/install/turtlebot3_node:/home/netweaver/Projects/GSOC/JdeRobot/ros2_challenge_ws/install/turtlebot3_navigation2:/home/netweaver/Projects/GSOC/JdeRobot/ros2_challenge_ws/install/turtlebot3_description:/home/netweaver/Projects/GSOC/JdeRobot/ros2_challenge_ws/install/turtlebot3_cartographer:/home/netweaver/Projects/GSOC/JdeRobot/ros2_challenge_ws/install/ros2_navigation2:/home/netweaver/Projects/GSOC/JdeRobot/ros2_challenge_ws/install/introduction_to_ros2:/home/netweaver/Projects/GSOC/JdeRobot/ros2_challenge_ws/install/dynamixel_sdk_examples:/home/netweaver/Projects/GSOC/JdeRobot/ros2_challenge_ws/install/dynamixel_sdk_custom_interfaces:/home/netweaver/Projects/GSOC/JdeRobot/ros2_challenge_ws/install/dynamixel_sdk:/home/netweaver/Projects/GSOC/JdeRobot/turtlebot3_ws/install/turtlebot3:/home/netweaver/Projects/GSOC/JdeRobot/turtlebot3_ws/install/turtlebot3_bringup:/home/netweaver/Projects/GSOC/JdeRobot/turtlebot3_ws/install/turtlebot3_node:/home/netweaver/Projects/GSOC/JdeRobot/turtlebot3_ws/install/turtlebot3_navigation2:/home/netweaver/Projects/GSOC/JdeRobot/turtlebot3_ws/install/turtlebot3_msgs:/home/netweaver/Projects/GSOC/JdeRobot/turtlebot3_ws/install/turtlebot3_description:/home/netweaver/Projects/GSOC/JdeRobot/turtlebot3_ws/install/turtlebot3_cartographer:/home/netweaver/Projects/GSOC/JdeRobot/turtlebot3_ws/install/dynamixel_sdk_examples:/home/netweaver/Projects/GSOC/JdeRobot/turtlebot3_ws/install/dynamixel_sdk_custom_interfaces:/home/netweaver/Projects/GSOC/JdeRobot/turtlebot3_ws/install/dynamixel_sdk:/home/netweaver/Projects/GSOC/JdeRobot/ros2_challenge_ws/install/turtlebot3_teleop:/home/netweaver/Projects/GSOC/JdeRobot/ros2_challenge_ws/install/turtlebot3_example:/home/netweaver/Projects/GSOC/JdeRobot/turtlebot3_ws/install/turtlebot3_teleop:/home/netweaver/Projects/GSOC/JdeRobot/turtlebot3_ws/install/turtlebot3_example:/opt/ros/humble /usr/bin/cmake --install /home/netweaver/Projects/GSOC/JdeRobot/ros2_challenge_ws/build/turtlebot3_fake_node
[29.201s] -- Install configuration: ""
[29.202s] -- Execute custom install script
[29.202s] -- Symlinking: /home/netweaver/Projects/GSOC/JdeRobot/ros2_challenge_ws/install/turtlebot3_fake_node/lib/turtlebot3_fake_node/turtlebot3_fake_node
[29.228s] -- Symlinking: /home/netweaver/Projects/GSOC/JdeRobot/ros2_challenge_ws/install/turtlebot3_fake_node/share/turtlebot3_fake_node/launch/rviz2.launch.py
[29.251s] -- Symlinking: /home/netweaver/Projects/GSOC/JdeRobot/ros2_challenge_ws/install/turtlebot3_fake_node/share/turtlebot3_fake_node/launch/turtlebot3_fake_node.launch.py
[29.282s] -- Symlinking: /home/netweaver/Projects/GSOC/JdeRobot/ros2_challenge_ws/install/turtlebot3_fake_node/share/turtlebot3_fake_node/param/burger.yaml
[29.307s] -- Symlinking: /home/netweaver/Projects/GSOC/JdeRobot/ros2_challenge_ws/install/turtlebot3_fake_node/share/turtlebot3_fake_node/param/waffle.yaml
[29.333s] -- Symlinking: /home/netweaver/Projects/GSOC/JdeRobot/ros2_challenge_ws/install/turtlebot3_fake_node/share/turtlebot3_fake_node/param/waffle_pi.yaml
[29.364s] -- Symlinking: /home/netweaver/Projects/GSOC/JdeRobot/ros2_challenge_ws/install/turtlebot3_fake_node/include//turtlebot3_fake_node/turtlebot3_fake_node.hpp
[29.388s] -- Symlinking: /home/netweaver/Projects/GSOC/JdeRobot/ros2_challenge_ws/install/turtlebot3_fake_node/share/ament_index/resource_index/package_run_dependencies/turtlebot3_fake_node
[29.413s] -- Symlinking: /home/netweaver/Projects/GSOC/JdeRobot/ros2_challenge_ws/install/turtlebot3_fake_node/share/ament_index/resource_index/parent_prefix_path/turtlebot3_fake_node
[29.441s] -- Symlinking: /home/netweaver/Projects/GSOC/JdeRobot/ros2_challenge_ws/install/turtlebot3_fake_node/share/turtlebot3_fake_node/environment/ament_prefix_path.sh
[29.471s] -- Symlinking: /home/netweaver/Projects/GSOC/JdeRobot/ros2_challenge_ws/install/turtlebot3_fake_node/share/turtlebot3_fake_node/environment/ament_prefix_path.dsv
[29.501s] -- Symlinking: /home/netweaver/Projects/GSOC/JdeRobot/ros2_challenge_ws/install/turtlebot3_fake_node/share/turtlebot3_fake_node/environment/path.sh
[29.531s] -- Symlinking: /home/netweaver/Projects/GSOC/JdeRobot/ros2_challenge_ws/install/turtlebot3_fake_node/share/turtlebot3_fake_node/environment/path.dsv
[29.561s] -- Symlinking: /home/netweaver/Projects/GSOC/JdeRobot/ros2_challenge_ws/install/turtlebot3_fake_node/share/turtlebot3_fake_node/local_setup.bash
[29.591s] -- Symlinking: /home/netweaver/Projects/GSOC/JdeRobot/ros2_challenge_ws/install/turtlebot3_fake_node/share/turtlebot3_fake_node/local_setup.sh
[29.619s] -- Symlinking: /home/netweaver/Projects/GSOC/JdeRobot/ros2_challenge_ws/install/turtlebot3_fake_node/share/turtlebot3_fake_node/local_setup.zsh
[29.648s] -- Symlinking: /home/netweaver/Projects/GSOC/JdeRobot/ros2_challenge_ws/install/turtlebot3_fake_node/share/turtlebot3_fake_node/local_setup.dsv
[29.677s] -- Symlinking: /home/netweaver/Projects/GSOC/JdeRobot/ros2_challenge_ws/install/turtlebot3_fake_node/share/turtlebot3_fake_node/package.dsv
[29.707s] -- Symlinking: /home/netweaver/Projects/GSOC/JdeRobot/ros2_challenge_ws/install/turtlebot3_fake_node/share/ament_index/resource_index/packages/turtlebot3_fake_node
[29.736s] -- Symlinking: /home/netweaver/Projects/GSOC/JdeRobot/ros2_challenge_ws/install/turtlebot3_fake_node/share/turtlebot3_fake_node/cmake/ament_cmake_export_include_directories-extras.cmake
[29.765s] -- Symlinking: /home/netweaver/Projects/GSOC/JdeRobot/ros2_challenge_ws/install/turtlebot3_fake_node/share/turtlebot3_fake_node/cmake/ament_cmake_export_dependencies-extras.cmake
[29.794s] -- Symlinking: /home/netweaver/Projects/GSOC/JdeRobot/ros2_challenge_ws/install/turtlebot3_fake_node/share/turtlebot3_fake_node/cmake/turtlebot3_fake_nodeConfig.cmake
[29.824s] -- Symlinking: /home/netweaver/Projects/GSOC/JdeRobot/ros2_challenge_ws/install/turtlebot3_fake_node/share/turtlebot3_fake_node/cmake/turtlebot3_fake_nodeConfig-version.cmake
[29.852s] -- Symlinking: /home/netweaver/Projects/GSOC/JdeRobot/ros2_challenge_ws/install/turtlebot3_fake_node/share/turtlebot3_fake_node/package.xml
[29.890s] Invoked command in '/home/netweaver/Projects/GSOC/JdeRobot/ros2_challenge_ws/build/turtlebot3_fake_node' returned '0': CMAKE_PREFIX_PATH=/home/netweaver/Projects/GSOC/JdeRobot/ros2_challenge_ws/install/turtlebot3_msgs:/home/netweaver/Projects/GSOC/JdeRobot/ros2_challenge_ws/install/turtlebot3:/home/netweaver/Projects/GSOC/JdeRobot/ros2_challenge_ws/install/turtlebot3_bringup:/home/netweaver/Projects/GSOC/JdeRobot/ros2_challenge_ws/install/turtlebot3_node:/home/netweaver/Projects/GSOC/JdeRobot/ros2_challenge_ws/install/turtlebot3_navigation2:/home/netweaver/Projects/GSOC/JdeRobot/ros2_challenge_ws/install/turtlebot3_description:/home/netweaver/Projects/GSOC/JdeRobot/ros2_challenge_ws/install/turtlebot3_cartographer:/home/netweaver/Projects/GSOC/JdeRobot/ros2_challenge_ws/install/ros2_navigation2:/home/netweaver/Projects/GSOC/JdeRobot/ros2_challenge_ws/install/introduction_to_ros2:/home/netweaver/Projects/GSOC/JdeRobot/ros2_challenge_ws/install/dynamixel_sdk_examples:/home/netweaver/Projects/GSOC/JdeRobot/ros2_challenge_ws/install/dynamixel_sdk_custom_interfaces:/home/netweaver/Projects/GSOC/JdeRobot/ros2_challenge_ws/install/dynamixel_sdk:/home/netweaver/Projects/GSOC/JdeRobot/turtlebot3_ws/install/turtlebot3:/home/netweaver/Projects/GSOC/JdeRobot/turtlebot3_ws/install/turtlebot3_bringup:/home/netweaver/Projects/GSOC/JdeRobot/turtlebot3_ws/install/turtlebot3_node:/home/netweaver/Projects/GSOC/JdeRobot/turtlebot3_ws/install/turtlebot3_navigation2:/home/netweaver/Projects/GSOC/JdeRobot/turtlebot3_ws/install/turtlebot3_msgs:/home/netweaver/Projects/GSOC/JdeRobot/turtlebot3_ws/install/turtlebot3_description:/home/netweaver/Projects/GSOC/JdeRobot/turtlebot3_ws/install/turtlebot3_cartographer:/home/netweaver/Projects/GSOC/JdeRobot/turtlebot3_ws/install/dynamixel_sdk_examples:/home/netweaver/Projects/GSOC/JdeRobot/turtlebot3_ws/install/dynamixel_sdk_custom_interfaces:/home/netweaver/Projects/GSOC/JdeRobot/turtlebot3_ws/install/dynamixel_sdk:/home/netweaver/Projects/GSOC/JdeRobot/ros2_challenge_ws/install/turtlebot3_teleop:/home/netweaver/Projects/GSOC/JdeRobot/ros2_challenge_ws/install/turtlebot3_example:/home/netweaver/Projects/GSOC/JdeRobot/turtlebot3_ws/install/turtlebot3_teleop:/home/netweaver/Projects/GSOC/JdeRobot/turtlebot3_ws/install/turtlebot3_example:/opt/ros/humble /usr/bin/cmake --install /home/netweaver/Projects/GSOC/JdeRobot/ros2_challenge_ws/build/turtlebot3_fake_node
