[0.034s] Invoking command in '/home/netweaver/Projects/GSOC/JdeRobot/ros2_challenge_ws/build/turtlebot3_node': AMENT_PREFIX_PATH=/home/netweaver/Projects/GSOC/JdeRobot/ros2_challenge_ws/install/turtlebot3_msgs:/home/netweaver/Projects/GSOC/JdeRobot/ros2_challenge_ws/install/dynamixel_sdk:${AMENT_PREFIX_PATH} CMAKE_PREFIX_PATH=/home/netweaver/Projects/GSOC/JdeRobot/ros2_challenge_ws/install/turtlebot3_msgs:/home/netweaver/Projects/GSOC/JdeRobot/ros2_challenge_ws/install/dynamixel_sdk:/home/netweaver/Projects/GSOC/JdeRobot/turtlebot3_ws/install/turtlebot3:/home/netweaver/Projects/GSOC/JdeRobot/turtlebot3_ws/install/turtlebot3_bringup:/home/netweaver/Projects/GSOC/JdeRobot/turtlebot3_ws/install/turtlebot3_node:/home/netweaver/Projects/GSOC/JdeRobot/turtlebot3_ws/install/turtlebot3_navigation2:/home/netweaver/Projects/GSOC/JdeRobot/turtlebot3_ws/install/turtlebot3_msgs:/home/netweaver/Projects/GSOC/JdeRobot/turtlebot3_ws/install/turtlebot3_description:/home/netweaver/Projects/GSOC/JdeRobot/turtlebot3_ws/install/turtlebot3_cartographer:/home/netweaver/Projects/GSOC/JdeRobot/turtlebot3_ws/install/dynamixel_sdk_examples:/home/netweaver/Projects/GSOC/JdeRobot/turtlebot3_ws/install/dynamixel_sdk_custom_interfaces:/home/netweaver/Projects/GSOC/JdeRobot/turtlebot3_ws/install/dynamixel_sdk:/home/netweaver/Projects/GSOC/JdeRobot/turtlebot3_ws/install/turtlebot3_teleop:/home/netweaver/Projects/GSOC/JdeRobot/turtlebot3_ws/install/turtlebot3_example:/opt/ros/humble LD_LIBRARY_PATH=/home/netweaver/Projects/GSOC/JdeRobot/ros2_challenge_ws/install/turtlebot3_msgs/lib:/home/netweaver/Projects/GSOC/JdeRobot/ros2_challenge_ws/install/dynamixel_sdk/lib:${LD_LIBRARY_PATH} PYTHONPATH=/home/netweaver/Projects/GSOC/JdeRobot/ros2_challenge_ws/install/turtlebot3_msgs/local/lib/python3.10/dist-packages:/home/netweaver/Projects/GSOC/JdeRobot/ros2_challenge_ws/install/dynamixel_sdk/local/lib/python3.10/dist-packages:${PYTHONPATH} /usr/bin/cmake /home/netweaver/Projects/GSOC/JdeRobot/ros2_challenge_ws/src/turtlebot3/turtlebot3_node -DAMENT_CMAKE_SYMLINK_INSTALL=1 -DCMAKE_INSTALL_PREFIX=/home/netweaver/Projects/GSOC/JdeRobot/ros2_challenge_ws/install/turtlebot3_node
[0.176s] -- The C compiler identification is GNU 11.4.0
[0.291s] -- The CXX compiler identification is GNU 11.4.0
[0.307s] -- Detecting C compiler ABI info
[0.441s] -- Detecting C compiler ABI info - done
[0.455s] -- Check for working C compiler: /usr/bin/gcc - skipped
[0.455s] -- Detecting C compile features
[0.456s] -- Detecting C compile features - done
[0.462s] -- Detecting CXX compiler ABI info
[0.670s] -- Detecting CXX compiler ABI info - done
[0.690s] -- Check for working CXX compiler: /usr/bin/g++ - skipped
[0.692s] -- Detecting CXX compile features
[0.692s] -- Detecting CXX compile features - done
[0.701s] -- Found ament_cmake: 1.3.11 (/opt/ros/humble/share/ament_cmake/cmake)
[1.041s] -- Found Python3: /usr/bin/python3 (found version "3.10.12") found components: Interpreter 
[1.196s] -- Override CMake install command with custom implementation using symlinks instead of copying resources
[1.283s] -- Found dynamixel_sdk: 3.8.2 (/home/netweaver/Projects/GSOC/JdeRobot/ros2_challenge_ws/install/dynamixel_sdk/share/dynamixel_sdk/cmake)
[1.293s] -- Found geometry_msgs: 4.2.4 (/opt/ros/humble/share/geometry_msgs/cmake)
[1.403s] -- Found rosidl_generator_c: 3.1.6 (/opt/ros/humble/share/rosidl_generator_c/cmake)
[1.415s] -- Found rosidl_adapter: 3.1.6 (/opt/ros/humble/share/rosidl_adapter/cmake)
[1.431s] -- Found rosidl_generator_cpp: 3.1.6 (/opt/ros/humble/share/rosidl_generator_cpp/cmake)
[1.461s] -- Using all available rosidl_typesupport_c: rosidl_typesupport_fastrtps_c;rosidl_typesupport_introspection_c
[1.496s] -- Using all available rosidl_typesupport_cpp: rosidl_typesupport_fastrtps_cpp;rosidl_typesupport_introspection_cpp
[1.574s] -- Found message_filters: 4.3.5 (/opt/ros/humble/share/message_filters/cmake)
[1.686s] -- Found rmw_implementation_cmake: 6.1.2 (/opt/ros/humble/share/rmw_implementation_cmake/cmake)
[1.695s] -- Found rmw_fastrtps_cpp: 6.2.7 (/opt/ros/humble/share/rmw_fastrtps_cpp/cmake)
[1.866s] -- Found OpenSSL: /usr/lib/x86_64-linux-gnu/libcrypto.so (found version "3.0.2")  
[1.912s] -- Found FastRTPS: /opt/ros/humble/include  
[1.995s] -- Using RMW implementation 'rmw_fastrtps_cpp' as default
[2.015s] -- Looking for pthread.h
[2.145s] -- Looking for pthread.h - found
[2.146s] -- Performing Test CMAKE_HAVE_LIBC_PTHREAD
[2.275s] -- Performing Test CMAKE_HAVE_LIBC_PTHREAD - Success
[2.277s] -- Found Threads: TRUE  
[2.352s] -- Found nav_msgs: 4.2.4 (/opt/ros/humble/share/nav_msgs/cmake)
[2.390s] -- Found sensor_msgs: 4.2.4 (/opt/ros/humble/share/sensor_msgs/cmake)
[2.422s] -- Found std_srvs: 4.2.4 (/opt/ros/humble/share/std_srvs/cmake)
[2.450s] -- Found tf2: 0.25.12 (/opt/ros/humble/share/tf2/cmake)
[2.476s] -- Found tf2_ros: 0.25.12 (/opt/ros/humble/share/tf2_ros/cmake)
[2.628s] -- Found turtlebot3_msgs: 2.3.0 (/home/netweaver/Projects/GSOC/JdeRobot/ros2_challenge_ws/install/turtlebot3_msgs/share/turtlebot3_msgs/cmake)
[2.775s] -- Configuring done
[2.806s] -- Generating done
[2.814s] -- Build files have been written to: /home/netweaver/Projects/GSOC/JdeRobot/ros2_challenge_ws/build/turtlebot3_node
[2.827s] Invoked command in '/home/netweaver/Projects/GSOC/JdeRobot/ros2_challenge_ws/build/turtlebot3_node' returned '0': AMENT_PREFIX_PATH=/home/netweaver/Projects/GSOC/JdeRobot/ros2_challenge_ws/install/turtlebot3_msgs:/home/netweaver/Projects/GSOC/JdeRobot/ros2_challenge_ws/install/dynamixel_sdk:${AMENT_PREFIX_PATH} CMAKE_PREFIX_PATH=/home/netweaver/Projects/GSOC/JdeRobot/ros2_challenge_ws/install/turtlebot3_msgs:/home/netweaver/Projects/GSOC/JdeRobot/ros2_challenge_ws/install/dynamixel_sdk:/home/netweaver/Projects/GSOC/JdeRobot/turtlebot3_ws/install/turtlebot3:/home/netweaver/Projects/GSOC/JdeRobot/turtlebot3_ws/install/turtlebot3_bringup:/home/netweaver/Projects/GSOC/JdeRobot/turtlebot3_ws/install/turtlebot3_node:/home/netweaver/Projects/GSOC/JdeRobot/turtlebot3_ws/install/turtlebot3_navigation2:/home/netweaver/Projects/GSOC/JdeRobot/turtlebot3_ws/install/turtlebot3_msgs:/home/netweaver/Projects/GSOC/JdeRobot/turtlebot3_ws/install/turtlebot3_description:/home/netweaver/Projects/GSOC/JdeRobot/turtlebot3_ws/install/turtlebot3_cartographer:/home/netweaver/Projects/GSOC/JdeRobot/turtlebot3_ws/install/dynamixel_sdk_examples:/home/netweaver/Projects/GSOC/JdeRobot/turtlebot3_ws/install/dynamixel_sdk_custom_interfaces:/home/netweaver/Projects/GSOC/JdeRobot/turtlebot3_ws/install/dynamixel_sdk:/home/netweaver/Projects/GSOC/JdeRobot/turtlebot3_ws/install/turtlebot3_teleop:/home/netweaver/Projects/GSOC/JdeRobot/turtlebot3_ws/install/turtlebot3_example:/opt/ros/humble LD_LIBRARY_PATH=/home/netweaver/Projects/GSOC/JdeRobot/ros2_challenge_ws/install/turtlebot3_msgs/lib:/home/netweaver/Projects/GSOC/JdeRobot/ros2_challenge_ws/install/dynamixel_sdk/lib:${LD_LIBRARY_PATH} PYTHONPATH=/home/netweaver/Projects/GSOC/JdeRobot/ros2_challenge_ws/install/turtlebot3_msgs/local/lib/python3.10/dist-packages:/home/netweaver/Projects/GSOC/JdeRobot/ros2_challenge_ws/install/dynamixel_sdk/local/lib/python3.10/dist-packages:${PYTHONPATH} /usr/bin/cmake /home/netweaver/Projects/GSOC/JdeRobot/ros2_challenge_ws/src/turtlebot3/turtlebot3_node -DAMENT_CMAKE_SYMLINK_INSTALL=1 -DCMAKE_INSTALL_PREFIX=/home/netweaver/Projects/GSOC/JdeRobot/ros2_challenge_ws/install/turtlebot3_node
[2.830s] Invoking command in '/home/netweaver/Projects/GSOC/JdeRobot/ros2_challenge_ws/build/turtlebot3_node': AMENT_PREFIX_PATH=/home/netweaver/Projects/GSOC/JdeRobot/ros2_challenge_ws/install/turtlebot3_msgs:/home/netweaver/Projects/GSOC/JdeRobot/ros2_challenge_ws/install/dynamixel_sdk:${AMENT_PREFIX_PATH} CMAKE_PREFIX_PATH=/home/netweaver/Projects/GSOC/JdeRobot/ros2_challenge_ws/install/turtlebot3_msgs:/home/netweaver/Projects/GSOC/JdeRobot/ros2_challenge_ws/install/dynamixel_sdk:/home/netweaver/Projects/GSOC/JdeRobot/turtlebot3_ws/install/turtlebot3:/home/netweaver/Projects/GSOC/JdeRobot/turtlebot3_ws/install/turtlebot3_bringup:/home/netweaver/Projects/GSOC/JdeRobot/turtlebot3_ws/install/turtlebot3_node:/home/netweaver/Projects/GSOC/JdeRobot/turtlebot3_ws/install/turtlebot3_navigation2:/home/netweaver/Projects/GSOC/JdeRobot/turtlebot3_ws/install/turtlebot3_msgs:/home/netweaver/Projects/GSOC/JdeRobot/turtlebot3_ws/install/turtlebot3_description:/home/netweaver/Projects/GSOC/JdeRobot/turtlebot3_ws/install/turtlebot3_cartographer:/home/netweaver/Projects/GSOC/JdeRobot/turtlebot3_ws/install/dynamixel_sdk_examples:/home/netweaver/Projects/GSOC/JdeRobot/turtlebot3_ws/install/dynamixel_sdk_custom_interfaces:/home/netweaver/Projects/GSOC/JdeRobot/turtlebot3_ws/install/dynamixel_sdk:/home/netweaver/Projects/GSOC/JdeRobot/turtlebot3_ws/install/turtlebot3_teleop:/home/netweaver/Projects/GSOC/JdeRobot/turtlebot3_ws/install/turtlebot3_example:/opt/ros/humble LD_LIBRARY_PATH=/home/netweaver/Projects/GSOC/JdeRobot/ros2_challenge_ws/install/turtlebot3_msgs/lib:/home/netweaver/Projects/GSOC/JdeRobot/ros2_challenge_ws/install/dynamixel_sdk/lib:${LD_LIBRARY_PATH} PYTHONPATH=/home/netweaver/Projects/GSOC/JdeRobot/ros2_challenge_ws/install/turtlebot3_msgs/local/lib/python3.10/dist-packages:/home/netweaver/Projects/GSOC/JdeRobot/ros2_challenge_ws/install/dynamixel_sdk/local/lib/python3.10/dist-packages:${PYTHONPATH} /usr/bin/cmake --build /home/netweaver/Projects/GSOC/JdeRobot/ros2_challenge_ws/build/turtlebot3_node -- -j8 -l8
[2.918s] [  7%] [32mBuilding CXX object CMakeFiles/turtlebot3_node_lib.dir/src/devices/motor_power.cpp.o[0m
[2.918s] [ 21%] [32mBuilding CXX object CMakeFiles/turtlebot3_node_lib.dir/src/diff_drive_controller.cpp.o[0m
[2.919s] [ 21%] [32mBuilding CXX object CMakeFiles/turtlebot3_node_lib.dir/src/devices/sound.cpp.o[0m
[2.920s] [ 35%] [32mBuilding CXX object CMakeFiles/turtlebot3_node_lib.dir/src/dynamixel_sdk_wrapper.cpp.o[0m
[2.920s] [ 35%] [32mBuilding CXX object CMakeFiles/turtlebot3_node_lib.dir/src/odometry.cpp.o[0m
[2.924s] [ 42%] [32mBuilding CXX object CMakeFiles/turtlebot3_node_lib.dir/src/devices/reset.cpp.o[0m
[2.924s] [ 50%] [32mBuilding CXX object CMakeFiles/turtlebot3_node_lib.dir/src/turtlebot3.cpp.o[0m
[2.932s] [ 57%] [32mBuilding CXX object CMakeFiles/turtlebot3_node_lib.dir/src/sensors/battery_state.cpp.o[0m
[4.798s] [ 64%] [32mBuilding CXX object CMakeFiles/turtlebot3_node_lib.dir/src/sensors/imu.cpp.o[0m
[16.647s] [ 71%] [32mBuilding CXX object CMakeFiles/turtlebot3_node_lib.dir/src/sensors/joint_state.cpp.o[0m
[16.842s] [ 78%] [32mBuilding CXX object CMakeFiles/turtlebot3_node_lib.dir/src/sensors/sensor_state.cpp.o[0m
[39.714s] [ 85%] [32m[1mLinking CXX static library libturtlebot3_node_lib.a[0m
[41.352s] [ 85%] Built target turtlebot3_node_lib
[41.427s] [ 92%] [32mBuilding CXX object CMakeFiles/turtlebot3_ros.dir/src/node_main.cpp.o[0m
[51.956s] [100%] [32m[1mLinking CXX executable turtlebot3_ros[0m
[58.658s] [100%] Built target turtlebot3_ros
[58.681s] Invoked command in '/home/netweaver/Projects/GSOC/JdeRobot/ros2_challenge_ws/build/turtlebot3_node' returned '0': AMENT_PREFIX_PATH=/home/netweaver/Projects/GSOC/JdeRobot/ros2_challenge_ws/install/turtlebot3_msgs:/home/netweaver/Projects/GSOC/JdeRobot/ros2_challenge_ws/install/dynamixel_sdk:${AMENT_PREFIX_PATH} CMAKE_PREFIX_PATH=/home/netweaver/Projects/GSOC/JdeRobot/ros2_challenge_ws/install/turtlebot3_msgs:/home/netweaver/Projects/GSOC/JdeRobot/ros2_challenge_ws/install/dynamixel_sdk:/home/netweaver/Projects/GSOC/JdeRobot/turtlebot3_ws/install/turtlebot3:/home/netweaver/Projects/GSOC/JdeRobot/turtlebot3_ws/install/turtlebot3_bringup:/home/netweaver/Projects/GSOC/JdeRobot/turtlebot3_ws/install/turtlebot3_node:/home/netweaver/Projects/GSOC/JdeRobot/turtlebot3_ws/install/turtlebot3_navigation2:/home/netweaver/Projects/GSOC/JdeRobot/turtlebot3_ws/install/turtlebot3_msgs:/home/netweaver/Projects/GSOC/JdeRobot/turtlebot3_ws/install/turtlebot3_description:/home/netweaver/Projects/GSOC/JdeRobot/turtlebot3_ws/install/turtlebot3_cartographer:/home/netweaver/Projects/GSOC/JdeRobot/turtlebot3_ws/install/dynamixel_sdk_examples:/home/netweaver/Projects/GSOC/JdeRobot/turtlebot3_ws/install/dynamixel_sdk_custom_interfaces:/home/netweaver/Projects/GSOC/JdeRobot/turtlebot3_ws/install/dynamixel_sdk:/home/netweaver/Projects/GSOC/JdeRobot/turtlebot3_ws/install/turtlebot3_teleop:/home/netweaver/Projects/GSOC/JdeRobot/turtlebot3_ws/install/turtlebot3_example:/opt/ros/humble LD_LIBRARY_PATH=/home/netweaver/Projects/GSOC/JdeRobot/ros2_challenge_ws/install/turtlebot3_msgs/lib:/home/netweaver/Projects/GSOC/JdeRobot/ros2_challenge_ws/install/dynamixel_sdk/lib:${LD_LIBRARY_PATH} PYTHONPATH=/home/netweaver/Projects/GSOC/JdeRobot/ros2_challenge_ws/install/turtlebot3_msgs/local/lib/python3.10/dist-packages:/home/netweaver/Projects/GSOC/JdeRobot/ros2_challenge_ws/install/dynamixel_sdk/local/lib/python3.10/dist-packages:${PYTHONPATH} /usr/bin/cmake --build /home/netweaver/Projects/GSOC/JdeRobot/ros2_challenge_ws/build/turtlebot3_node -- -j8 -l8
[58.683s] Invoking command in '/home/netweaver/Projects/GSOC/JdeRobot/ros2_challenge_ws/build/turtlebot3_node': AMENT_PREFIX_PATH=/home/netweaver/Projects/GSOC/JdeRobot/ros2_challenge_ws/install/turtlebot3_msgs:/home/netweaver/Projects/GSOC/JdeRobot/ros2_challenge_ws/install/dynamixel_sdk:${AMENT_PREFIX_PATH} CMAKE_PREFIX_PATH=/home/netweaver/Projects/GSOC/JdeRobot/ros2_challenge_ws/install/turtlebot3_msgs:/home/netweaver/Projects/GSOC/JdeRobot/ros2_challenge_ws/install/dynamixel_sdk:/home/netweaver/Projects/GSOC/JdeRobot/turtlebot3_ws/install/turtlebot3:/home/netweaver/Projects/GSOC/JdeRobot/turtlebot3_ws/install/turtlebot3_bringup:/home/netweaver/Projects/GSOC/JdeRobot/turtlebot3_ws/install/turtlebot3_node:/home/netweaver/Projects/GSOC/JdeRobot/turtlebot3_ws/install/turtlebot3_navigation2:/home/netweaver/Projects/GSOC/JdeRobot/turtlebot3_ws/install/turtlebot3_msgs:/home/netweaver/Projects/GSOC/JdeRobot/turtlebot3_ws/install/turtlebot3_description:/home/netweaver/Projects/GSOC/JdeRobot/turtlebot3_ws/install/turtlebot3_cartographer:/home/netweaver/Projects/GSOC/JdeRobot/turtlebot3_ws/install/dynamixel_sdk_examples:/home/netweaver/Projects/GSOC/JdeRobot/turtlebot3_ws/install/dynamixel_sdk_custom_interfaces:/home/netweaver/Projects/GSOC/JdeRobot/turtlebot3_ws/install/dynamixel_sdk:/home/netweaver/Projects/GSOC/JdeRobot/turtlebot3_ws/install/turtlebot3_teleop:/home/netweaver/Projects/GSOC/JdeRobot/turtlebot3_ws/install/turtlebot3_example:/opt/ros/humble LD_LIBRARY_PATH=/home/netweaver/Projects/GSOC/JdeRobot/ros2_challenge_ws/install/turtlebot3_msgs/lib:/home/netweaver/Projects/GSOC/JdeRobot/ros2_challenge_ws/install/dynamixel_sdk/lib:${LD_LIBRARY_PATH} PYTHONPATH=/home/netweaver/Projects/GSOC/JdeRobot/ros2_challenge_ws/install/turtlebot3_msgs/local/lib/python3.10/dist-packages:/home/netweaver/Projects/GSOC/JdeRobot/ros2_challenge_ws/install/dynamixel_sdk/local/lib/python3.10/dist-packages:${PYTHONPATH} /usr/bin/cmake --install /home/netweaver/Projects/GSOC/JdeRobot/ros2_challenge_ws/build/turtlebot3_node
[58.707s] -- Install configuration: ""
[58.709s] -- Execute custom install script
[58.711s] -- Symlinking: /home/netweaver/Projects/GSOC/JdeRobot/ros2_challenge_ws/install/turtlebot3_node/share/turtlebot3_node/param/burger.yaml
[58.761s] -- Symlinking: /home/netweaver/Projects/GSOC/JdeRobot/ros2_challenge_ws/install/turtlebot3_node/share/turtlebot3_node/param/waffle.yaml
[58.834s] -- Symlinking: /home/netweaver/Projects/GSOC/JdeRobot/ros2_challenge_ws/install/turtlebot3_node/share/turtlebot3_node/param/waffle_pi.yaml
[58.898s] -- Symlinking: /home/netweaver/Projects/GSOC/JdeRobot/ros2_challenge_ws/install/turtlebot3_node/lib/turtlebot3_node/turtlebot3_ros
[58.956s] -- Symlinking: /home/netweaver/Projects/GSOC/JdeRobot/ros2_challenge_ws/install/turtlebot3_node/share/ament_index/resource_index/package_run_dependencies/turtlebot3_node
[59.017s] -- Symlinking: /home/netweaver/Projects/GSOC/JdeRobot/ros2_challenge_ws/install/turtlebot3_node/share/ament_index/resource_index/parent_prefix_path/turtlebot3_node
[59.057s] -- Symlinking: /home/netweaver/Projects/GSOC/JdeRobot/ros2_challenge_ws/install/turtlebot3_node/share/turtlebot3_node/environment/ament_prefix_path.sh
[59.078s] -- Symlinking: /home/netweaver/Projects/GSOC/JdeRobot/ros2_challenge_ws/install/turtlebot3_node/share/turtlebot3_node/environment/ament_prefix_path.dsv
[59.096s] -- Symlinking: /home/netweaver/Projects/GSOC/JdeRobot/ros2_challenge_ws/install/turtlebot3_node/share/turtlebot3_node/environment/path.sh
[59.113s] -- Symlinking: /home/netweaver/Projects/GSOC/JdeRobot/ros2_challenge_ws/install/turtlebot3_node/share/turtlebot3_node/environment/path.dsv
[59.130s] -- Symlinking: /home/netweaver/Projects/GSOC/JdeRobot/ros2_challenge_ws/install/turtlebot3_node/share/turtlebot3_node/local_setup.bash
[59.146s] -- Symlinking: /home/netweaver/Projects/GSOC/JdeRobot/ros2_challenge_ws/install/turtlebot3_node/share/turtlebot3_node/local_setup.sh
[59.171s] -- Symlinking: /home/netweaver/Projects/GSOC/JdeRobot/ros2_challenge_ws/install/turtlebot3_node/share/turtlebot3_node/local_setup.zsh
[59.189s] -- Symlinking: /home/netweaver/Projects/GSOC/JdeRobot/ros2_challenge_ws/install/turtlebot3_node/share/turtlebot3_node/local_setup.dsv
[59.204s] -- Symlinking: /home/netweaver/Projects/GSOC/JdeRobot/ros2_challenge_ws/install/turtlebot3_node/share/turtlebot3_node/package.dsv
[59.219s] -- Symlinking: /home/netweaver/Projects/GSOC/JdeRobot/ros2_challenge_ws/install/turtlebot3_node/share/ament_index/resource_index/packages/turtlebot3_node
[59.232s] -- Symlinking: /home/netweaver/Projects/GSOC/JdeRobot/ros2_challenge_ws/install/turtlebot3_node/share/turtlebot3_node/cmake/ament_cmake_export_include_directories-extras.cmake
[59.246s] -- Symlinking: /home/netweaver/Projects/GSOC/JdeRobot/ros2_challenge_ws/install/turtlebot3_node/share/turtlebot3_node/cmake/turtlebot3_nodeConfig.cmake
[59.261s] -- Symlinking: /home/netweaver/Projects/GSOC/JdeRobot/ros2_challenge_ws/install/turtlebot3_node/share/turtlebot3_node/cmake/turtlebot3_nodeConfig-version.cmake
[59.277s] -- Symlinking: /home/netweaver/Projects/GSOC/JdeRobot/ros2_challenge_ws/install/turtlebot3_node/share/turtlebot3_node/package.xml
[59.294s] Invoked command in '/home/netweaver/Projects/GSOC/JdeRobot/ros2_challenge_ws/build/turtlebot3_node' returned '0': AMENT_PREFIX_PATH=/home/netweaver/Projects/GSOC/JdeRobot/ros2_challenge_ws/install/turtlebot3_msgs:/home/netweaver/Projects/GSOC/JdeRobot/ros2_challenge_ws/install/dynamixel_sdk:${AMENT_PREFIX_PATH} CMAKE_PREFIX_PATH=/home/netweaver/Projects/GSOC/JdeRobot/ros2_challenge_ws/install/turtlebot3_msgs:/home/netweaver/Projects/GSOC/JdeRobot/ros2_challenge_ws/install/dynamixel_sdk:/home/netweaver/Projects/GSOC/JdeRobot/turtlebot3_ws/install/turtlebot3:/home/netweaver/Projects/GSOC/JdeRobot/turtlebot3_ws/install/turtlebot3_bringup:/home/netweaver/Projects/GSOC/JdeRobot/turtlebot3_ws/install/turtlebot3_node:/home/netweaver/Projects/GSOC/JdeRobot/turtlebot3_ws/install/turtlebot3_navigation2:/home/netweaver/Projects/GSOC/JdeRobot/turtlebot3_ws/install/turtlebot3_msgs:/home/netweaver/Projects/GSOC/JdeRobot/turtlebot3_ws/install/turtlebot3_description:/home/netweaver/Projects/GSOC/JdeRobot/turtlebot3_ws/install/turtlebot3_cartographer:/home/netweaver/Projects/GSOC/JdeRobot/turtlebot3_ws/install/dynamixel_sdk_examples:/home/netweaver/Projects/GSOC/JdeRobot/turtlebot3_ws/install/dynamixel_sdk_custom_interfaces:/home/netweaver/Projects/GSOC/JdeRobot/turtlebot3_ws/install/dynamixel_sdk:/home/netweaver/Projects/GSOC/JdeRobot/turtlebot3_ws/install/turtlebot3_teleop:/home/netweaver/Projects/GSOC/JdeRobot/turtlebot3_ws/install/turtlebot3_example:/opt/ros/humble LD_LIBRARY_PATH=/home/netweaver/Projects/GSOC/JdeRobot/ros2_challenge_ws/install/turtlebot3_msgs/lib:/home/netweaver/Projects/GSOC/JdeRobot/ros2_challenge_ws/install/dynamixel_sdk/lib:${LD_LIBRARY_PATH} PYTHONPATH=/home/netweaver/Projects/GSOC/JdeRobot/ros2_challenge_ws/install/turtlebot3_msgs/local/lib/python3.10/dist-packages:/home/netweaver/Projects/GSOC/JdeRobot/ros2_challenge_ws/install/dynamixel_sdk/local/lib/python3.10/dist-packages:${PYTHONPATH} /usr/bin/cmake --install /home/netweaver/Projects/GSOC/JdeRobot/ros2_challenge_ws/build/turtlebot3_node
