[0.092s] Invoking command in '/home/netweaver/Projects/GSOC/JdeRobot/ros2_challenge_ws/build/dynamixel_sdk_custom_interfaces': CMAKE_PREFIX_PATH=${CMAKE_PREFIX_PATH}:/home/netweaver/Projects/GSOC/JdeRobot/ros2_challenge_ws/install/turtlebot3_teleop:/home/netweaver/Projects/GSOC/JdeRobot/ros2_challenge_ws/install/turtlebot3_example:/home/netweaver/Projects/GSOC/JdeRobot/turtlebot3_ws/install/turtlebot3_teleop:/home/netweaver/Projects/GSOC/JdeRobot/turtlebot3_ws/install/turtlebot3_example:/opt/ros/humble /usr/bin/cmake --build /home/netweaver/Projects/GSOC/JdeRobot/ros2_challenge_ws/build/dynamixel_sdk_custom_interfaces -- -j8 -l8
[0.237s] [  2%] Built target dynamixel_sdk_custom_interfaces__cpp
[0.262s] [ 12%] Built target dynamixel_sdk_custom_interfaces__rosidl_generator_c
[0.296s] [ 12%] Built target ament_cmake_python_symlink_dynamixel_sdk_custom_interfaces
[0.327s] [ 23%] Built target dynamixel_sdk_custom_interfaces__rosidl_typesupport_fastrtps_cpp
[0.347s] [ 33%] Built target dynamixel_sdk_custom_interfaces__rosidl_typesupport_cpp
[0.370s] [ 43%] Built target dynamixel_sdk_custom_interfaces__rosidl_typesupport_introspection_cpp
[0.378s] [ 53%] Built target dynamixel_sdk_custom_interfaces__rosidl_typesupport_introspection_c
[0.402s] [ 64%] Built target dynamixel_sdk_custom_interfaces__rosidl_typesupport_c
[0.414s] [ 74%] Built target dynamixel_sdk_custom_interfaces__rosidl_typesupport_fastrtps_c
[0.487s] [ 74%] Built target dynamixel_sdk_custom_interfaces
[0.539s] [ 76%] Built target dynamixel_sdk_custom_interfaces__py
[0.591s] [ 84%] Built target dynamixel_sdk_custom_interfaces__rosidl_generator_py
[0.680s] [ 89%] Built target dynamixel_sdk_custom_interfaces__rosidl_typesupport_fastrtps_c__pyext
[0.708s] [ 94%] Built target dynamixel_sdk_custom_interfaces__rosidl_typesupport_c__pyext
[0.726s] [100%] Built target dynamixel_sdk_custom_interfaces__rosidl_typesupport_introspection_c__pyext
[0.952s] running egg_info
[0.953s] writing dynamixel_sdk_custom_interfaces.egg-info/PKG-INFO
[0.955s] writing dependency_links to dynamixel_sdk_custom_interfaces.egg-info/dependency_links.txt
[0.955s] writing top-level names to dynamixel_sdk_custom_interfaces.egg-info/top_level.txt
[0.960s] reading manifest file 'dynamixel_sdk_custom_interfaces.egg-info/SOURCES.txt'
[0.961s] writing manifest file 'dynamixel_sdk_custom_interfaces.egg-info/SOURCES.txt'
[1.026s] [100%] Built target ament_cmake_python_build_dynamixel_sdk_custom_interfaces_egg
