[0.899s] Invoking command in '/home/netweaver/Projects/GSOC/JdeRobot/ros2_challenge_ws/build/introduction_to_ros2': CMAKE_PREFIX_PATH=${CMAKE_PREFIX_PATH}:/home/netweaver/Projects/GSOC/JdeRobot/turtlebot3_ws/install/turtlebot3_teleop:/home/netweaver/Projects/GSOC/JdeRobot/turtlebot3_ws/install/turtlebot3_example:/opt/ros/humble /usr/bin/cmake --build /home/netweaver/Projects/GSOC/JdeRobot/ros2_challenge_ws/build/introduction_to_ros2 -- -j8 -l8
[1.037s] -- Found ament_cmake: 1.3.11 (/opt/ros/humble/share/ament_cmake/cmake)
[1.384s] -- Override CMake install command with custom implementation using symlinks instead of copying resources
[1.392s] -- Found rclcpp: 16.0.11 (/opt/ros/humble/share/rclcpp/cmake)
[1.453s] -- Found rosidl_generator_c: 3.1.6 (/opt/ros/humble/share/rosidl_generator_c/cmake)
[1.460s] -- Found rosidl_adapter: 3.1.6 (/opt/ros/humble/share/rosidl_adapter/cmake)
[1.477s] -- Found rosidl_generator_cpp: 3.1.6 (/opt/ros/humble/share/rosidl_generator_cpp/cmake)
[1.499s] -- Using all available rosidl_typesupport_c: rosidl_typesupport_fastrtps_c;rosidl_typesupport_introspection_c
[1.517s] -- Using all available rosidl_typesupport_cpp: rosidl_typesupport_fastrtps_cpp;rosidl_typesupport_introspection_cpp
[1.591s] -- Found rmw_implementation_cmake: 6.1.2 (/opt/ros/humble/share/rmw_implementation_cmake/cmake)
[1.594s] -- Found rmw_fastrtps_cpp: 6.2.7 (/opt/ros/humble/share/rmw_fastrtps_cpp/cmake)
[1.798s] -- Using RMW implementation 'rmw_fastrtps_cpp' as default
[1.890s] [31mCMake Error at CMakeLists.txt:12 (find_package):
[1.890s]   By not providing "Findgazebo_ros.cmake" in CMAKE_MODULE_PATH this project
[1.890s]   has asked CMake to find a package configuration file provided by
[1.890s]   "gazebo_ros", but CMake did not find one.
[1.890s] 
[1.890s]   Could not find a package configuration file provided by "gazebo_ros" with
[1.891s]   any of the following names:
[1.891s] 
[1.891s]     gazebo_rosConfig.cmake
[1.891s]     gazebo_ros-config.cmake
[1.891s] 
[1.891s]   Add the installation prefix of "gazebo_ros" to CMAKE_PREFIX_PATH or set
[1.891s]   "gazebo_ros_DIR" to a directory containing one of the above files.  If
[1.892s]   "gazebo_ros" provides a separate development package or SDK, be sure it has
[1.892s]   been installed.
[1.892s] 
[1.892s] [0m
[1.892s] -- Configuring incomplete, errors occurred!
[1.892s] See also "/home/netweaver/Projects/GSOC/JdeRobot/ros2_challenge_ws/build/introduction_to_ros2/CMakeFiles/CMakeOutput.log".
[1.898s] gmake: *** [Makefile:267: cmake_check_build_system] Error 1
[2.054s] Invoked command in '/home/netweaver/Projects/GSOC/JdeRobot/ros2_challenge_ws/build/introduction_to_ros2' returned '2': CMAKE_PREFIX_PATH=${CMAKE_PREFIX_PATH}:/home/netweaver/Projects/GSOC/JdeRobot/turtlebot3_ws/install/turtlebot3_teleop:/home/netweaver/Projects/GSOC/JdeRobot/turtlebot3_ws/install/turtlebot3_example:/opt/ros/humble /usr/bin/cmake --build /home/netweaver/Projects/GSOC/JdeRobot/ros2_challenge_ws/build/introduction_to_ros2 -- -j8 -l8
