-- The C compiler identification is GNU 13.3.0
-- The CXX compiler identification is GNU 13.3.0
-- Detecting C compiler ABI info
-- Detecting C compiler ABI info - done
-- Check for working C compiler: /usr/lib/ccache/cc - skipped
-- Detecting C compile features
-- Detecting C compile features - done
-- Detecting CXX compiler ABI info
-- Detecting CXX compiler ABI info - done
-- Check for working CXX compiler: /usr/lib/ccache/c++ - skipped
-- Detecting CXX compile features
-- Detecting CXX compile features - done
-- Found ament_cmake: 2.5.3 (/opt/ros/jazzy/share/ament_cmake/cmake)
-- Found Python3: /home/netweaver/venv-ardupilot/bin/python3 (found version "3.12.3") found components: Interpreter 
-- Found ament_lint_auto: 0.17.1 (/opt/ros/jazzy/share/ament_lint_auto/cmake)
-- Added test 'cppcheck' to perform static code analysis on C / C++ code
-- Configured cppcheck include dirs: $<BUILD_INTERFACE:/home/netweaver/Projects/GSOC/JdeRobot/ros2_challenge_ws/src/introduction_to_ros2/include>
-- Configured cppcheck exclude dirs and/or files: 
-- Added test 'lint_cmake' to check CMake code style
-- Added test 'uncrustify' to check C / C++ code style
-- Configured uncrustify additional arguments: 
-- Added test 'xmllint' to check XML markup files
-- Configuring done (2.1s)
-- Generating done (0.0s)
-- Build files have been written to: /home/netweaver/Projects/GSOC/JdeRobot/ros2_challenge_ws/build/introduction_to_ros2
[ 50%] [32mBuilding CXX object CMakeFiles/introduction_to_ros2.dir/src/introduction_to_ros2.cpp.o[0m
[100%] [32m[1mLinking CXX executable introduction_to_ros2[0m
[100%] Built target introduction_to_ros2
-- Install configuration: ""
-- Installing: /home/netweaver/Projects/GSOC/JdeRobot/ros2_challenge_ws/install/introduction_to_ros2/lib/introduction_to_ros2/introduction_to_ros2
-- Installing: /home/netweaver/Projects/GSOC/JdeRobot/ros2_challenge_ws/install/introduction_to_ros2/share/ament_index/resource_index/package_run_dependencies/introduction_to_ros2
-- Installing: /home/netweaver/Projects/GSOC/JdeRobot/ros2_challenge_ws/install/introduction_to_ros2/share/ament_index/resource_index/parent_prefix_path/introduction_to_ros2
-- Installing: /home/netweaver/Projects/GSOC/JdeRobot/ros2_challenge_ws/install/introduction_to_ros2/share/introduction_to_ros2/environment/ament_prefix_path.sh
-- Installing: /home/netweaver/Projects/GSOC/JdeRobot/ros2_challenge_ws/install/introduction_to_ros2/share/introduction_to_ros2/environment/ament_prefix_path.dsv
-- Installing: /home/netweaver/Projects/GSOC/JdeRobot/ros2_challenge_ws/install/introduction_to_ros2/share/introduction_to_ros2/environment/path.sh
-- Installing: /home/netweaver/Projects/GSOC/JdeRobot/ros2_challenge_ws/install/introduction_to_ros2/share/introduction_to_ros2/environment/path.dsv
-- Installing: /home/netweaver/Projects/GSOC/JdeRobot/ros2_challenge_ws/install/introduction_to_ros2/share/introduction_to_ros2/local_setup.bash
-- Installing: /home/netweaver/Projects/GSOC/JdeRobot/ros2_challenge_ws/install/introduction_to_ros2/share/introduction_to_ros2/local_setup.sh
-- Installing: /home/netweaver/Projects/GSOC/JdeRobot/ros2_challenge_ws/install/introduction_to_ros2/share/introduction_to_ros2/local_setup.zsh
-- Installing: /home/netweaver/Projects/GSOC/JdeRobot/ros2_challenge_ws/install/introduction_to_ros2/share/introduction_to_ros2/local_setup.dsv
-- Installing: /home/netweaver/Projects/GSOC/JdeRobot/ros2_challenge_ws/install/introduction_to_ros2/share/introduction_to_ros2/package.dsv
-- Installing: /home/netweaver/Projects/GSOC/JdeRobot/ros2_challenge_ws/install/introduction_to_ros2/share/ament_index/resource_index/packages/introduction_to_ros2
-- Installing: /home/netweaver/Projects/GSOC/JdeRobot/ros2_challenge_ws/install/introduction_to_ros2/share/introduction_to_ros2/cmake/introduction_to_ros2Config.cmake
-- Installing: /home/netweaver/Projects/GSOC/JdeRobot/ros2_challenge_ws/install/introduction_to_ros2/share/introduction_to_ros2/cmake/introduction_to_ros2Config-version.cmake
-- Installing: /home/netweaver/Projects/GSOC/JdeRobot/ros2_challenge_ws/install/introduction_to_ros2/share/introduction_to_ros2/package.xml
