[1.182s] Invoking command in '/home/netweaver/Projects/GSOC/JdeRobot/ros2_challenge_ws/build/turtlebot3_example': AMENT_PREFIX_PATH=/home/netweaver/Projects/GSOC/JdeRobot/ros2_challenge_ws/install/turtlebot3_msgs:${AMENT_PREFIX_PATH} CMAKE_PREFIX_PATH=/home/netweaver/Projects/GSOC/JdeRobot/ros2_challenge_ws/install/turtlebot3_msgs:${CMAKE_PREFIX_PATH} LD_LIBRARY_PATH=/home/netweaver/Projects/GSOC/JdeRobot/ros2_challenge_ws/install/turtlebot3_msgs/lib:${LD_LIBRARY_PATH} PYTHONPATH=/home/netweaver/Projects/GSOC/JdeRobot/ros2_challenge_ws/build/turtlebot3_example/prefix_override:/usr/lib/python3/dist-packages/colcon_core/task/python/colcon_distutils_commands:/home/netweaver/Projects/GSOC/JdeRobot/ros2_challenge_ws/install/turtlebot3_example/lib/python3.10/site-packages:/home/netweaver/Projects/GSOC/JdeRobot/ros2_challenge_ws/install/turtlebot3_msgs/local/lib/python3.10/dist-packages:${PYTHONPATH} /usr/bin/python3 -W ignore:setup.py install is deprecated -W ignore:easy_install command is deprecated setup.py develop --editable --build-directory /home/netweaver/Projects/GSOC/JdeRobot/ros2_challenge_ws/build/turtlebot3_example/build --no-deps symlink_data
[1.554s] running develop
[1.780s] running egg_info
[1.780s] writing turtlebot3_example.egg-info/PKG-INFO
[1.781s] writing dependency_links to turtlebot3_example.egg-info/dependency_links.txt
[1.781s] writing entry points to turtlebot3_example.egg-info/entry_points.txt
[1.781s] writing requirements to turtlebot3_example.egg-info/requires.txt
[1.781s] writing top-level names to turtlebot3_example.egg-info/top_level.txt
[1.783s] reading manifest file 'turtlebot3_example.egg-info/SOURCES.txt'
[1.784s] writing manifest file 'turtlebot3_example.egg-info/SOURCES.txt'
[1.785s] running build_ext
[1.786s] Creating /home/netweaver/Projects/GSOC/JdeRobot/ros2_challenge_ws/install/turtlebot3_example/lib/python3.10/site-packages/turtlebot3-example.egg-link (link to .)
[1.787s] Installing turtlebot3_interactive_marker script to /home/netweaver/Projects/GSOC/JdeRobot/ros2_challenge_ws/install/turtlebot3_example/lib/turtlebot3_example
[1.787s] Installing turtlebot3_obstacle_detection script to /home/netweaver/Projects/GSOC/JdeRobot/ros2_challenge_ws/install/turtlebot3_example/lib/turtlebot3_example
[1.787s] Installing turtlebot3_patrol_client script to /home/netweaver/Projects/GSOC/JdeRobot/ros2_challenge_ws/install/turtlebot3_example/lib/turtlebot3_example
[1.787s] Installing turtlebot3_patrol_server script to /home/netweaver/Projects/GSOC/JdeRobot/ros2_challenge_ws/install/turtlebot3_example/lib/turtlebot3_example
[1.787s] Installing turtlebot3_position_control_pointop_key script to /home/netweaver/Projects/GSOC/JdeRobot/ros2_challenge_ws/install/turtlebot3_example/lib/turtlebot3_example
[1.788s] 
[1.788s] Installed /home/netweaver/Projects/GSOC/JdeRobot/ros2_challenge_ws/build/turtlebot3_example
[1.788s] running symlink_data
[1.820s] Invoked command in '/home/netweaver/Projects/GSOC/JdeRobot/ros2_challenge_ws/build/turtlebot3_example' returned '0': AMENT_PREFIX_PATH=/home/netweaver/Projects/GSOC/JdeRobot/ros2_challenge_ws/install/turtlebot3_msgs:${AMENT_PREFIX_PATH} CMAKE_PREFIX_PATH=/home/netweaver/Projects/GSOC/JdeRobot/ros2_challenge_ws/install/turtlebot3_msgs:${CMAKE_PREFIX_PATH} LD_LIBRARY_PATH=/home/netweaver/Projects/GSOC/JdeRobot/ros2_challenge_ws/install/turtlebot3_msgs/lib:${LD_LIBRARY_PATH} PYTHONPATH=/home/netweaver/Projects/GSOC/JdeRobot/ros2_challenge_ws/build/turtlebot3_example/prefix_override:/usr/lib/python3/dist-packages/colcon_core/task/python/colcon_distutils_commands:/home/netweaver/Projects/GSOC/JdeRobot/ros2_challenge_ws/install/turtlebot3_example/lib/python3.10/site-packages:/home/netweaver/Projects/GSOC/JdeRobot/ros2_challenge_ws/install/turtlebot3_msgs/local/lib/python3.10/dist-packages:${PYTHONPATH} /usr/bin/python3 -W ignore:setup.py install is deprecated -W ignore:easy_install command is deprecated setup.py develop --editable --build-directory /home/netweaver/Projects/GSOC/JdeRobot/ros2_challenge_ws/build/turtlebot3_example/build --no-deps symlink_data
