[0.122s] Invoking command in '/home/netweaver/Projects/GSOC/JdeRobot/ros2_challenge_ws/build/turtlebot3_msgs': CMAKE_PREFIX_PATH=${CMAKE_PREFIX_PATH}:/home/netweaver/Projects/GSOC/JdeRobot/ros2_challenge_ws/install/turtlebot3_teleop:/home/netweaver/Projects/GSOC/JdeRobot/ros2_challenge_ws/install/turtlebot3_example:/home/netweaver/Projects/GSOC/JdeRobot/turtlebot3_ws/install/turtlebot3_teleop:/home/netweaver/Projects/GSOC/JdeRobot/turtlebot3_ws/install/turtlebot3_example:/opt/ros/humble /usr/bin/cmake --build /home/netweaver/Projects/GSOC/JdeRobot/ros2_challenge_ws/build/turtlebot3_msgs -- -j8 -l8
[0.345s] [  1%] Built target turtlebot3_msgs__cpp
[0.371s] [ 12%] Built target turtlebot3_msgs__rosidl_generator_c
[0.381s] [ 12%] Built target ament_cmake_python_symlink_turtlebot3_msgs
[0.476s] [ 23%] Built target turtlebot3_msgs__rosidl_typesupport_c
[0.484s] [ 35%] Built target turtlebot3_msgs__rosidl_typesupport_fastrtps_cpp
[0.497s] [ 46%] Built target turtlebot3_msgs__rosidl_typesupport_introspection_cpp
[0.497s] [ 61%] Built target turtlebot3_msgs__rosidl_typesupport_introspection_c
[0.502s] [ 69%] Built target turtlebot3_msgs__rosidl_typesupport_cpp
[0.525s] [ 80%] Built target turtlebot3_msgs__rosidl_typesupport_fastrtps_c
[0.572s] [ 80%] Built target turtlebot3_msgs
[0.628s] [ 81%] Built target turtlebot3_msgs__py
[0.682s] [ 91%] Built target turtlebot3_msgs__rosidl_generator_py
[0.751s] [ 94%] Built target turtlebot3_msgs__rosidl_typesupport_fastrtps_c__pyext
[0.765s] [ 97%] Built target turtlebot3_msgs__rosidl_typesupport_c__pyext
[0.772s] [100%] Built target turtlebot3_msgs__rosidl_typesupport_introspection_c__pyext
[0.965s] running egg_info
[0.967s] writing turtlebot3_msgs.egg-info/PKG-INFO
[0.968s] writing dependency_links to turtlebot3_msgs.egg-info/dependency_links.txt
[0.968s] writing top-level names to turtlebot3_msgs.egg-info/top_level.txt
[0.974s] reading manifest file 'turtlebot3_msgs.egg-info/SOURCES.txt'
[0.976s] writing manifest file 'turtlebot3_msgs.egg-info/SOURCES.txt'
[1.035s] [100%] Built target ament_cmake_python_build_turtlebot3_msgs_egg
