[0.097s] Invoking command in '/home/netweaver/Projects/GSOC/JdeRobot/ros2_challenge_ws/build/turtlebot3_description': CMAKE_PREFIX_PATH=${CMAKE_PREFIX_PATH}:/home/netweaver/Projects/GSOC/JdeRobot/ros2_challenge_ws/install/turtlebot3_teleop:/home/netweaver/Projects/GSOC/JdeRobot/ros2_challenge_ws/install/turtlebot3_example:/home/netweaver/Projects/GSOC/JdeRobot/turtlebot3_ws/install/turtlebot3_teleop:/home/netweaver/Projects/GSOC/JdeRobot/turtlebot3_ws/install/turtlebot3_example:/opt/ros/humble /usr/bin/cmake --build /home/netweaver/Projects/GSOC/JdeRobot/ros2_challenge_ws/build/turtlebot3_description -- -j8 -l8
[1.003s] Invoked command in '/home/netweaver/Projects/GSOC/JdeRobot/ros2_challenge_ws/build/turtlebot3_description' returned '0': CMAKE_PREFIX_PATH=${CMAKE_PREFIX_PATH}:/home/netweaver/Projects/GSOC/JdeRobot/ros2_challenge_ws/install/turtlebot3_teleop:/home/netweaver/Projects/GSOC/JdeRobot/ros2_challenge_ws/install/turtlebot3_example:/home/netweaver/Projects/GSOC/JdeRobot/turtlebot3_ws/install/turtlebot3_teleop:/home/netweaver/Projects/GSOC/JdeRobot/turtlebot3_ws/install/turtlebot3_example:/opt/ros/humble /usr/bin/cmake --build /home/netweaver/Projects/GSOC/JdeRobot/ros2_challenge_ws/build/turtlebot3_description -- -j8 -l8
[1.006s] Invoking command in '/home/netweaver/Projects/GSOC/JdeRobot/ros2_challenge_ws/build/turtlebot3_description': CMAKE_PREFIX_PATH=${CMAKE_PREFIX_PATH}:/home/netweaver/Projects/GSOC/JdeRobot/ros2_challenge_ws/install/turtlebot3_teleop:/home/netweaver/Projects/GSOC/JdeRobot/ros2_challenge_ws/install/turtlebot3_example:/home/netweaver/Projects/GSOC/JdeRobot/turtlebot3_ws/install/turtlebot3_teleop:/home/netweaver/Projects/GSOC/JdeRobot/turtlebot3_ws/install/turtlebot3_example:/opt/ros/humble /usr/bin/cmake --install /home/netweaver/Projects/GSOC/JdeRobot/ros2_challenge_ws/build/turtlebot3_description
[1.042s] -- Install configuration: ""
[1.044s] -- Execute custom install script
[1.044s] -- Up-to-date symlink: /home/netweaver/Projects/GSOC/JdeRobot/ros2_challenge_ws/install/turtlebot3_description/share/turtlebot3_description/meshes/bases/burger_base.stl
[1.046s] -- Up-to-date symlink: /home/netweaver/Projects/GSOC/JdeRobot/ros2_challenge_ws/install/turtlebot3_description/share/turtlebot3_description/meshes/bases/waffle_base.stl
[1.046s] -- Up-to-date symlink: /home/netweaver/Projects/GSOC/JdeRobot/ros2_challenge_ws/install/turtlebot3_description/share/turtlebot3_description/meshes/bases/waffle_pi_base.stl
[1.047s] -- Up-to-date symlink: /home/netweaver/Projects/GSOC/JdeRobot/ros2_challenge_ws/install/turtlebot3_description/share/turtlebot3_description/meshes/sensors/astra.dae
[1.047s] -- Up-to-date symlink: /home/netweaver/Projects/GSOC/JdeRobot/ros2_challenge_ws/install/turtlebot3_description/share/turtlebot3_description/meshes/sensors/astra.jpg
[1.047s] -- Up-to-date symlink: /home/netweaver/Projects/GSOC/JdeRobot/ros2_challenge_ws/install/turtlebot3_description/share/turtlebot3_description/meshes/sensors/lds.stl
[1.047s] -- Up-to-date symlink: /home/netweaver/Projects/GSOC/JdeRobot/ros2_challenge_ws/install/turtlebot3_description/share/turtlebot3_description/meshes/sensors/r200.dae
[1.047s] -- Up-to-date symlink: /home/netweaver/Projects/GSOC/JdeRobot/ros2_challenge_ws/install/turtlebot3_description/share/turtlebot3_description/meshes/sensors/r200.jpg
[1.047s] -- Up-to-date symlink: /home/netweaver/Projects/GSOC/JdeRobot/ros2_challenge_ws/install/turtlebot3_description/share/turtlebot3_description/meshes/wheels/left_tire.stl
[1.048s] -- Up-to-date symlink: /home/netweaver/Projects/GSOC/JdeRobot/ros2_challenge_ws/install/turtlebot3_description/share/turtlebot3_description/meshes/wheels/right_tire.stl
[1.048s] -- Up-to-date symlink: /home/netweaver/Projects/GSOC/JdeRobot/ros2_challenge_ws/install/turtlebot3_description/share/turtlebot3_description/rviz/model.rviz
[1.048s] -- Up-to-date symlink: /home/netweaver/Projects/GSOC/JdeRobot/ros2_challenge_ws/install/turtlebot3_description/share/turtlebot3_description/urdf/common_properties.urdf
[1.048s] -- Up-to-date symlink: /home/netweaver/Projects/GSOC/JdeRobot/ros2_challenge_ws/install/turtlebot3_description/share/turtlebot3_description/urdf/turtlebot3_burger.urdf
[1.048s] -- Up-to-date symlink: /home/netweaver/Projects/GSOC/JdeRobot/ros2_challenge_ws/install/turtlebot3_description/share/turtlebot3_description/urdf/turtlebot3_waffle.urdf
[1.049s] -- Up-to-date symlink: /home/netweaver/Projects/GSOC/JdeRobot/ros2_challenge_ws/install/turtlebot3_description/share/turtlebot3_description/urdf/turtlebot3_waffle_pi.urdf
[1.049s] -- Up-to-date symlink: /home/netweaver/Projects/GSOC/JdeRobot/ros2_challenge_ws/install/turtlebot3_description/share/ament_index/resource_index/package_run_dependencies/turtlebot3_description
[1.049s] -- Up-to-date symlink: /home/netweaver/Projects/GSOC/JdeRobot/ros2_challenge_ws/install/turtlebot3_description/share/ament_index/resource_index/parent_prefix_path/turtlebot3_description
[1.058s] -- Up-to-date symlink: /home/netweaver/Projects/GSOC/JdeRobot/ros2_challenge_ws/install/turtlebot3_description/share/turtlebot3_description/environment/ament_prefix_path.sh
[1.059s] -- Up-to-date symlink: /home/netweaver/Projects/GSOC/JdeRobot/ros2_challenge_ws/install/turtlebot3_description/share/turtlebot3_description/environment/ament_prefix_path.dsv
[1.059s] -- Up-to-date symlink: /home/netweaver/Projects/GSOC/JdeRobot/ros2_challenge_ws/install/turtlebot3_description/share/turtlebot3_description/environment/path.sh
[1.060s] -- Up-to-date symlink: /home/netweaver/Projects/GSOC/JdeRobot/ros2_challenge_ws/install/turtlebot3_description/share/turtlebot3_description/environment/path.dsv
[1.060s] -- Up-to-date symlink: /home/netweaver/Projects/GSOC/JdeRobot/ros2_challenge_ws/install/turtlebot3_description/share/turtlebot3_description/local_setup.bash
[1.061s] -- Up-to-date symlink: /home/netweaver/Projects/GSOC/JdeRobot/ros2_challenge_ws/install/turtlebot3_description/share/turtlebot3_description/local_setup.sh
[1.062s] -- Up-to-date symlink: /home/netweaver/Projects/GSOC/JdeRobot/ros2_challenge_ws/install/turtlebot3_description/share/turtlebot3_description/local_setup.zsh
[1.062s] -- Up-to-date symlink: /home/netweaver/Projects/GSOC/JdeRobot/ros2_challenge_ws/install/turtlebot3_description/share/turtlebot3_description/local_setup.dsv
[1.063s] -- Symlinking: /home/netweaver/Projects/GSOC/JdeRobot/ros2_challenge_ws/install/turtlebot3_description/share/turtlebot3_description/package.dsv
[1.114s] -- Up-to-date symlink: /home/netweaver/Projects/GSOC/JdeRobot/ros2_challenge_ws/install/turtlebot3_description/share/ament_index/resource_index/packages/turtlebot3_description
[1.114s] -- Up-to-date symlink: /home/netweaver/Projects/GSOC/JdeRobot/ros2_challenge_ws/install/turtlebot3_description/share/turtlebot3_description/cmake/turtlebot3_descriptionConfig.cmake
[1.114s] -- Up-to-date symlink: /home/netweaver/Projects/GSOC/JdeRobot/ros2_challenge_ws/install/turtlebot3_description/share/turtlebot3_description/cmake/turtlebot3_descriptionConfig-version.cmake
[1.115s] -- Up-to-date symlink: /home/netweaver/Projects/GSOC/JdeRobot/ros2_challenge_ws/install/turtlebot3_description/share/turtlebot3_description/package.xml
[1.169s] Invoked command in '/home/netweaver/Projects/GSOC/JdeRobot/ros2_challenge_ws/build/turtlebot3_description' returned '0': CMAKE_PREFIX_PATH=${CMAKE_PREFIX_PATH}:/home/netweaver/Projects/GSOC/JdeRobot/ros2_challenge_ws/install/turtlebot3_teleop:/home/netweaver/Projects/GSOC/JdeRobot/ros2_challenge_ws/install/turtlebot3_example:/home/netweaver/Projects/GSOC/JdeRobot/turtlebot3_ws/install/turtlebot3_teleop:/home/netweaver/Projects/GSOC/JdeRobot/turtlebot3_ws/install/turtlebot3_example:/opt/ros/humble /usr/bin/cmake --install /home/netweaver/Projects/GSOC/JdeRobot/ros2_challenge_ws/build/turtlebot3_description
