[0.213s] DEBUG:colcon:Command line arguments: ['/usr/bin/colcon', 'build', '--packages-select', 'introduction_to_ros2']
[0.213s] DEBUG:colcon:Parsed command line arguments: Namespace(log_base=None, log_level=None, verb_name='build', build_base='build', install_base='install', merge_install=False, symlink_install=False, test_result_base=None, continue_on_error=False, executor='parallel', parallel_workers=8, event_handlers=None, ignore_user_meta=False, metas=['./colcon.meta'], base_paths=['.'], packages_ignore=None, packages_ignore_regex=None, paths=None, packages_up_to=None, packages_up_to_regex=None, packages_above=None, packages_above_and_dependencies=None, packages_above_depth=None, packages_select_by_dep=None, packages_skip_by_dep=None, packages_skip_up_to=None, packages_select_build_failed=False, packages_skip_build_finished=False, packages_select_test_failures=False, packages_skip_test_passed=False, packages_select=['introduction_to_ros2'], packages_skip=None, packages_select_regex=None, packages_skip_regex=None, packages_start=None, packages_end=None, allow_overriding=[], cmake_args=None, cmake_target=None, cmake_target_skip_unavailable=False, cmake_clean_cache=False, cmake_clean_first=False, cmake_force_configure=False, ament_cmake_args=None, catkin_cmake_args=None, catkin_skip_building_tests=False, mixin_files=None, mixin=None, verb_parser=<colcon_mixin.mixin.mixin_argument.MixinArgumentDecorator object at 0x7972cddbe810>, verb_extension=<colcon_core.verb.build.BuildVerb object at 0x7972cddbe5a0>, main=<bound method BuildVerb.main of <colcon_core.verb.build.BuildVerb object at 0x7972cddbe5a0>>, mixin_verb=('build',))
[0.276s] Level 1:colcon.colcon_core.package_discovery:discover_packages(colcon_meta) check parameters
[0.276s] Level 1:colcon.colcon_core.package_discovery:discover_packages(recursive) check parameters
[0.276s] Level 1:colcon.colcon_core.package_discovery:discover_packages(ignore) check parameters
[0.276s] Level 1:colcon.colcon_core.package_discovery:discover_packages(path) check parameters
[0.276s] Level 1:colcon.colcon_core.package_discovery:discover_packages(colcon_meta) discover
[0.277s] Level 1:colcon.colcon_core.package_discovery:discover_packages(recursive) discover
[0.277s] INFO:colcon.colcon_core.package_discovery:Crawling recursively for packages in '/home/netweaver/Projects/GSOC/JdeRobot/ros2_challenge_ws/src'
[0.277s] Level 1:colcon.colcon_core.package_identification:_identify(.) by extensions ['ignore', 'ignore_ament_install']
[0.277s] Level 1:colcon.colcon_core.package_identification:_identify(.) by extension 'ignore'
[0.277s] Level 1:colcon.colcon_core.package_identification:_identify(.) by extension 'ignore_ament_install'
[0.277s] Level 1:colcon.colcon_core.package_identification:_identify(.) by extensions ['colcon_pkg']
[0.277s] Level 1:colcon.colcon_core.package_identification:_identify(.) by extension 'colcon_pkg'
[0.277s] Level 1:colcon.colcon_core.package_identification:_identify(.) by extensions ['colcon_meta']
[0.277s] Level 1:colcon.colcon_core.package_identification:_identify(.) by extension 'colcon_meta'
[0.278s] Level 1:colcon.colcon_core.package_identification:_identify(.) by extensions ['ros']
[0.278s] Level 1:colcon.colcon_core.package_identification:_identify(.) by extension 'ros'
[0.318s] Level 1:colcon.colcon_core.package_identification:_identify(.) by extensions ['cmake', 'python']
[0.318s] Level 1:colcon.colcon_core.package_identification:_identify(.) by extension 'cmake'
[0.319s] Level 1:colcon.colcon_core.package_identification:_identify(.) by extension 'python'
[0.319s] Level 1:colcon.colcon_core.package_identification:_identify(.) by extensions ['python_setup_py']
[0.319s] Level 1:colcon.colcon_core.package_identification:_identify(.) by extension 'python_setup_py'
[0.319s] Level 1:colcon.colcon_core.package_identification:_identify(build) by extensions ['ignore', 'ignore_ament_install']
[0.319s] Level 1:colcon.colcon_core.package_identification:_identify(build) by extension 'ignore'
[0.319s] Level 1:colcon.colcon_core.package_identification:_identify(build) ignored
[0.319s] Level 1:colcon.colcon_core.package_identification:_identify(install) by extensions ['ignore', 'ignore_ament_install']
[0.319s] Level 1:colcon.colcon_core.package_identification:_identify(install) by extension 'ignore'
[0.319s] Level 1:colcon.colcon_core.package_identification:_identify(install) ignored
[0.320s] Level 1:colcon.colcon_core.package_identification:_identify(introduction_to_ros2) by extensions ['ignore', 'ignore_ament_install']
[0.320s] Level 1:colcon.colcon_core.package_identification:_identify(introduction_to_ros2) by extension 'ignore'
[0.320s] Level 1:colcon.colcon_core.package_identification:_identify(introduction_to_ros2) by extension 'ignore_ament_install'
[0.320s] Level 1:colcon.colcon_core.package_identification:_identify(introduction_to_ros2) by extensions ['colcon_pkg']
[0.320s] Level 1:colcon.colcon_core.package_identification:_identify(introduction_to_ros2) by extension 'colcon_pkg'
[0.320s] Level 1:colcon.colcon_core.package_identification:_identify(introduction_to_ros2) by extensions ['colcon_meta']
[0.320s] Level 1:colcon.colcon_core.package_identification:_identify(introduction_to_ros2) by extension 'colcon_meta'
[0.320s] Level 1:colcon.colcon_core.package_identification:_identify(introduction_to_ros2) by extensions ['ros']
[0.320s] Level 1:colcon.colcon_core.package_identification:_identify(introduction_to_ros2) by extension 'ros'
[0.323s] DEBUG:colcon.colcon_core.package_identification:Package 'introduction_to_ros2' with type 'ros.ament_cmake' and name 'introduction_to_ros2'
[0.323s] Level 1:colcon.colcon_core.package_identification:_identify(log) by extensions ['ignore', 'ignore_ament_install']
[0.324s] Level 1:colcon.colcon_core.package_identification:_identify(log) by extension 'ignore'
[0.324s] Level 1:colcon.colcon_core.package_identification:_identify(log) ignored
[0.324s] Level 1:colcon.colcon_core.package_identification:_identify(ros2_navigation2) by extensions ['ignore', 'ignore_ament_install']
[0.324s] Level 1:colcon.colcon_core.package_identification:_identify(ros2_navigation2) by extension 'ignore'
[0.324s] Level 1:colcon.colcon_core.package_identification:_identify(ros2_navigation2) by extension 'ignore_ament_install'
[0.324s] Level 1:colcon.colcon_core.package_identification:_identify(ros2_navigation2) by extensions ['colcon_pkg']
[0.324s] Level 1:colcon.colcon_core.package_identification:_identify(ros2_navigation2) by extension 'colcon_pkg'
[0.324s] Level 1:colcon.colcon_core.package_identification:_identify(ros2_navigation2) by extensions ['colcon_meta']
[0.324s] Level 1:colcon.colcon_core.package_identification:_identify(ros2_navigation2) by extension 'colcon_meta'
[0.324s] Level 1:colcon.colcon_core.package_identification:_identify(ros2_navigation2) by extensions ['ros']
[0.324s] Level 1:colcon.colcon_core.package_identification:_identify(ros2_navigation2) by extension 'ros'
[0.325s] DEBUG:colcon.colcon_core.package_identification:Package 'ros2_navigation2' with type 'ros.ament_cmake' and name 'ros2_navigation2'
[0.325s] Level 1:colcon.colcon_core.package_discovery:discover_packages(recursive) using defaults
[0.325s] Level 1:colcon.colcon_core.package_discovery:discover_packages(ignore) discover
[0.325s] Level 1:colcon.colcon_core.package_discovery:discover_packages(ignore) using defaults
[0.325s] Level 1:colcon.colcon_core.package_discovery:discover_packages(path) discover
[0.325s] Level 1:colcon.colcon_core.package_discovery:discover_packages(path) using defaults
[0.351s] INFO:colcon.colcon_core.package_selection:Skipping not selected package 'ros2_navigation2' in 'ros2_navigation2'
[0.351s] Level 1:colcon.colcon_core.package_discovery:discover_packages(prefix_path) check parameters
[0.351s] Level 1:colcon.colcon_core.package_discovery:discover_packages(prefix_path) discover
[0.355s] DEBUG:colcon.colcon_installed_package_information.package_discovery:Found 0 installed packages in /home/netweaver/Projects/GSOC/JdeRobot/ros2_challenge_ws/install
[0.359s] DEBUG:colcon.colcon_installed_package_information.package_discovery:Found 431 installed packages in /opt/ros/jazzy
[0.362s] Level 1:colcon.colcon_core.package_discovery:discover_packages(prefix_path) using defaults
[0.456s] Level 5:colcon.colcon_core.verb:set package 'introduction_to_ros2' build argument 'cmake_args' from command line to 'None'
[0.456s] Level 5:colcon.colcon_core.verb:set package 'introduction_to_ros2' build argument 'cmake_target' from command line to 'None'
[0.456s] Level 5:colcon.colcon_core.verb:set package 'introduction_to_ros2' build argument 'cmake_target_skip_unavailable' from command line to 'False'
[0.456s] Level 5:colcon.colcon_core.verb:set package 'introduction_to_ros2' build argument 'cmake_clean_cache' from command line to 'False'
[0.456s] Level 5:colcon.colcon_core.verb:set package 'introduction_to_ros2' build argument 'cmake_clean_first' from command line to 'False'
[0.456s] Level 5:colcon.colcon_core.verb:set package 'introduction_to_ros2' build argument 'cmake_force_configure' from command line to 'False'
[0.456s] Level 5:colcon.colcon_core.verb:set package 'introduction_to_ros2' build argument 'ament_cmake_args' from command line to 'None'
[0.456s] Level 5:colcon.colcon_core.verb:set package 'introduction_to_ros2' build argument 'catkin_cmake_args' from command line to 'None'
[0.456s] Level 5:colcon.colcon_core.verb:set package 'introduction_to_ros2' build argument 'catkin_skip_building_tests' from command line to 'False'
[0.456s] DEBUG:colcon.colcon_core.verb:Building package 'introduction_to_ros2' with the following arguments: {'ament_cmake_args': None, 'build_base': '/home/netweaver/Projects/GSOC/JdeRobot/ros2_challenge_ws/src/build/introduction_to_ros2', 'catkin_cmake_args': None, 'catkin_skip_building_tests': False, 'cmake_args': None, 'cmake_clean_cache': False, 'cmake_clean_first': False, 'cmake_force_configure': False, 'cmake_target': None, 'cmake_target_skip_unavailable': False, 'install_base': '/home/netweaver/Projects/GSOC/JdeRobot/ros2_challenge_ws/src/install/introduction_to_ros2', 'merge_install': False, 'path': '/home/netweaver/Projects/GSOC/JdeRobot/ros2_challenge_ws/src/introduction_to_ros2', 'symlink_install': False, 'test_result_base': None}
[0.456s] INFO:colcon.colcon_core.executor:Executing jobs using 'parallel' executor
[0.457s] DEBUG:colcon.colcon_parallel_executor.executor.parallel:run_until_complete
[0.458s] INFO:colcon.colcon_ros.task.ament_cmake.build:Building ROS package in '/home/netweaver/Projects/GSOC/JdeRobot/ros2_challenge_ws/src/introduction_to_ros2' with build type 'ament_cmake'
[0.458s] INFO:colcon.colcon_cmake.task.cmake.build:Building CMake package in '/home/netweaver/Projects/GSOC/JdeRobot/ros2_challenge_ws/src/introduction_to_ros2'
[0.461s] INFO:colcon.colcon_core.plugin_system:Skipping extension 'colcon_core.shell.bat': Not used on non-Windows systems
[0.461s] INFO:colcon.colcon_core.shell:Skip shell extension 'powershell' for command environment: Not usable outside of PowerShell
[0.461s] DEBUG:colcon.colcon_core.shell:Skip shell extension 'dsv' for command environment
[0.474s] DEBUG:colcon.colcon_core.event_handler.log_command:Invoking command in '/home/netweaver/Projects/GSOC/JdeRobot/ros2_challenge_ws/src/build/introduction_to_ros2': CMAKE_PREFIX_PATH=${CMAKE_PREFIX_PATH}:/opt/ros/jazzy DEBUGINFOD_URLS=https://debuginfod.ubuntu.com VIRTUAL_ENV_PROMPT=(venv-ardupilot) /usr/bin/cmake --build /home/netweaver/Projects/GSOC/JdeRobot/ros2_challenge_ws/src/build/introduction_to_ros2 -- -j8 -l8
[1.061s] DEBUG:colcon.colcon_core.event_handler.log_command:Invoked command in '/home/netweaver/Projects/GSOC/JdeRobot/ros2_challenge_ws/src/build/introduction_to_ros2' returned '0': CMAKE_PREFIX_PATH=${CMAKE_PREFIX_PATH}:/opt/ros/jazzy DEBUGINFOD_URLS=https://debuginfod.ubuntu.com VIRTUAL_ENV_PROMPT=(venv-ardupilot) /usr/bin/cmake --build /home/netweaver/Projects/GSOC/JdeRobot/ros2_challenge_ws/src/build/introduction_to_ros2 -- -j8 -l8
[1.098s] DEBUG:colcon.colcon_core.event_handler.log_command:Invoking command in '/home/netweaver/Projects/GSOC/JdeRobot/ros2_challenge_ws/src/build/introduction_to_ros2': CMAKE_PREFIX_PATH=${CMAKE_PREFIX_PATH}:/opt/ros/jazzy DEBUGINFOD_URLS=https://debuginfod.ubuntu.com VIRTUAL_ENV_PROMPT=(venv-ardupilot) /usr/bin/cmake --install /home/netweaver/Projects/GSOC/JdeRobot/ros2_challenge_ws/src/build/introduction_to_ros2
[1.144s] Level 1:colcon.colcon_core.environment:create_environment_scripts_only(introduction_to_ros2)
[1.146s] DEBUG:colcon.colcon_core.event_handler.log_command:Invoked command in '/home/netweaver/Projects/GSOC/JdeRobot/ros2_challenge_ws/src/build/introduction_to_ros2' returned '0': CMAKE_PREFIX_PATH=${CMAKE_PREFIX_PATH}:/opt/ros/jazzy DEBUGINFOD_URLS=https://debuginfod.ubuntu.com VIRTUAL_ENV_PROMPT=(venv-ardupilot) /usr/bin/cmake --install /home/netweaver/Projects/GSOC/JdeRobot/ros2_challenge_ws/src/build/introduction_to_ros2
[1.153s] Level 1:colcon.colcon_core.environment:checking '/home/netweaver/Projects/GSOC/JdeRobot/ros2_challenge_ws/src/install/introduction_to_ros2' for CMake module files
[1.155s] Level 1:colcon.colcon_core.environment:checking '/home/netweaver/Projects/GSOC/JdeRobot/ros2_challenge_ws/src/install/introduction_to_ros2' for CMake config files
[1.156s] Level 1:colcon.colcon_core.shell:create_environment_hook('introduction_to_ros2', 'cmake_prefix_path')
[1.157s] INFO:colcon.colcon_core.shell:Creating environment hook '/home/netweaver/Projects/GSOC/JdeRobot/ros2_challenge_ws/src/install/introduction_to_ros2/share/introduction_to_ros2/hook/cmake_prefix_path.ps1'
[1.158s] INFO:colcon.colcon_core.shell:Creating environment descriptor '/home/netweaver/Projects/GSOC/JdeRobot/ros2_challenge_ws/src/install/introduction_to_ros2/share/introduction_to_ros2/hook/cmake_prefix_path.dsv'
[1.160s] INFO:colcon.colcon_core.shell:Creating environment hook '/home/netweaver/Projects/GSOC/JdeRobot/ros2_challenge_ws/src/install/introduction_to_ros2/share/introduction_to_ros2/hook/cmake_prefix_path.sh'
[1.163s] Level 1:colcon.colcon_core.environment:checking '/home/netweaver/Projects/GSOC/JdeRobot/ros2_challenge_ws/src/install/introduction_to_ros2/lib'
[1.164s] Level 1:colcon.colcon_core.environment:checking '/home/netweaver/Projects/GSOC/JdeRobot/ros2_challenge_ws/src/install/introduction_to_ros2/bin'
[1.164s] Level 1:colcon.colcon_core.environment:checking '/home/netweaver/Projects/GSOC/JdeRobot/ros2_challenge_ws/src/install/introduction_to_ros2/lib/pkgconfig/introduction_to_ros2.pc'
[1.165s] Level 1:colcon.colcon_core.environment:checking '/home/netweaver/Projects/GSOC/JdeRobot/ros2_challenge_ws/src/install/introduction_to_ros2/lib/python3.12/site-packages'
[1.166s] Level 1:colcon.colcon_core.environment:checking '/home/netweaver/Projects/GSOC/JdeRobot/ros2_challenge_ws/src/install/introduction_to_ros2/bin'
[1.167s] INFO:colcon.colcon_core.shell:Creating package script '/home/netweaver/Projects/GSOC/JdeRobot/ros2_challenge_ws/src/install/introduction_to_ros2/share/introduction_to_ros2/package.ps1'
[1.169s] INFO:colcon.colcon_core.shell:Creating package descriptor '/home/netweaver/Projects/GSOC/JdeRobot/ros2_challenge_ws/src/install/introduction_to_ros2/share/introduction_to_ros2/package.dsv'
[1.170s] INFO:colcon.colcon_core.shell:Creating package script '/home/netweaver/Projects/GSOC/JdeRobot/ros2_challenge_ws/src/install/introduction_to_ros2/share/introduction_to_ros2/package.sh'
[1.172s] INFO:colcon.colcon_core.shell:Creating package script '/home/netweaver/Projects/GSOC/JdeRobot/ros2_challenge_ws/src/install/introduction_to_ros2/share/introduction_to_ros2/package.bash'
[1.174s] INFO:colcon.colcon_core.shell:Creating package script '/home/netweaver/Projects/GSOC/JdeRobot/ros2_challenge_ws/src/install/introduction_to_ros2/share/introduction_to_ros2/package.zsh'
[1.176s] Level 1:colcon.colcon_core.environment:create_file_with_runtime_dependencies(/home/netweaver/Projects/GSOC/JdeRobot/ros2_challenge_ws/src/install/introduction_to_ros2/share/colcon-core/packages/introduction_to_ros2)
[1.178s] Level 1:colcon.colcon_core.environment:create_environment_scripts_only(introduction_to_ros2)
[1.178s] Level 1:colcon.colcon_core.environment:checking '/home/netweaver/Projects/GSOC/JdeRobot/ros2_challenge_ws/src/install/introduction_to_ros2' for CMake module files
[1.180s] Level 1:colcon.colcon_core.environment:checking '/home/netweaver/Projects/GSOC/JdeRobot/ros2_challenge_ws/src/install/introduction_to_ros2' for CMake config files
[1.181s] Level 1:colcon.colcon_core.shell:create_environment_hook('introduction_to_ros2', 'cmake_prefix_path')
[1.181s] INFO:colcon.colcon_core.shell:Creating environment hook '/home/netweaver/Projects/GSOC/JdeRobot/ros2_challenge_ws/src/install/introduction_to_ros2/share/introduction_to_ros2/hook/cmake_prefix_path.ps1'
[1.183s] INFO:colcon.colcon_core.shell:Creating environment descriptor '/home/netweaver/Projects/GSOC/JdeRobot/ros2_challenge_ws/src/install/introduction_to_ros2/share/introduction_to_ros2/hook/cmake_prefix_path.dsv'
[1.184s] INFO:colcon.colcon_core.shell:Creating environment hook '/home/netweaver/Projects/GSOC/JdeRobot/ros2_challenge_ws/src/install/introduction_to_ros2/share/introduction_to_ros2/hook/cmake_prefix_path.sh'
[1.186s] Level 1:colcon.colcon_core.environment:checking '/home/netweaver/Projects/GSOC/JdeRobot/ros2_challenge_ws/src/install/introduction_to_ros2/lib'
[1.186s] Level 1:colcon.colcon_core.environment:checking '/home/netweaver/Projects/GSOC/JdeRobot/ros2_challenge_ws/src/install/introduction_to_ros2/bin'
[1.187s] Level 1:colcon.colcon_core.environment:checking '/home/netweaver/Projects/GSOC/JdeRobot/ros2_challenge_ws/src/install/introduction_to_ros2/lib/pkgconfig/introduction_to_ros2.pc'
[1.188s] Level 1:colcon.colcon_core.environment:checking '/home/netweaver/Projects/GSOC/JdeRobot/ros2_challenge_ws/src/install/introduction_to_ros2/lib/python3.12/site-packages'
[1.188s] Level 1:colcon.colcon_core.environment:checking '/home/netweaver/Projects/GSOC/JdeRobot/ros2_challenge_ws/src/install/introduction_to_ros2/bin'
[1.190s] INFO:colcon.colcon_core.shell:Creating package script '/home/netweaver/Projects/GSOC/JdeRobot/ros2_challenge_ws/src/install/introduction_to_ros2/share/introduction_to_ros2/package.ps1'
[1.192s] INFO:colcon.colcon_core.shell:Creating package descriptor '/home/netweaver/Projects/GSOC/JdeRobot/ros2_challenge_ws/src/install/introduction_to_ros2/share/introduction_to_ros2/package.dsv'
[1.193s] INFO:colcon.colcon_core.shell:Creating package script '/home/netweaver/Projects/GSOC/JdeRobot/ros2_challenge_ws/src/install/introduction_to_ros2/share/introduction_to_ros2/package.sh'
[1.195s] INFO:colcon.colcon_core.shell:Creating package script '/home/netweaver/Projects/GSOC/JdeRobot/ros2_challenge_ws/src/install/introduction_to_ros2/share/introduction_to_ros2/package.bash'
[1.196s] INFO:colcon.colcon_core.shell:Creating package script '/home/netweaver/Projects/GSOC/JdeRobot/ros2_challenge_ws/src/install/introduction_to_ros2/share/introduction_to_ros2/package.zsh'
[1.198s] Level 1:colcon.colcon_core.environment:create_file_with_runtime_dependencies(/home/netweaver/Projects/GSOC/JdeRobot/ros2_challenge_ws/src/install/introduction_to_ros2/share/colcon-core/packages/introduction_to_ros2)
[1.199s] DEBUG:colcon.colcon_parallel_executor.executor.parallel:closing loop
[1.200s] DEBUG:colcon.colcon_parallel_executor.executor.parallel:loop closed
[1.200s] DEBUG:colcon.colcon_parallel_executor.executor.parallel:run_until_complete finished with '0'
[1.200s] DEBUG:colcon.colcon_core.event_reactor:joining thread
[1.224s] INFO:colcon.colcon_core.plugin_system:Skipping extension 'colcon_notification.desktop_notification.terminal_notifier': Not used on non-Darwin systems
[1.224s] INFO:colcon.colcon_core.plugin_system:Skipping extension 'colcon_notification.desktop_notification.win32': Not used on non-Windows systems
[1.225s] INFO:colcon.colcon_notification.desktop_notification:Sending desktop notification using 'notify2'
[1.276s] DEBUG:colcon.colcon_core.event_reactor:joined thread
[1.277s] INFO:colcon.colcon_core.shell:Creating prefix script '/home/netweaver/Projects/GSOC/JdeRobot/ros2_challenge_ws/src/install/local_setup.ps1'
[1.280s] INFO:colcon.colcon_core.shell:Creating prefix util module '/home/netweaver/Projects/GSOC/JdeRobot/ros2_challenge_ws/src/install/_local_setup_util_ps1.py'
[1.284s] INFO:colcon.colcon_core.shell:Creating prefix chain script '/home/netweaver/Projects/GSOC/JdeRobot/ros2_challenge_ws/src/install/setup.ps1'
[1.289s] INFO:colcon.colcon_core.shell:Creating prefix script '/home/netweaver/Projects/GSOC/JdeRobot/ros2_challenge_ws/src/install/local_setup.sh'
[1.291s] INFO:colcon.colcon_core.shell:Creating prefix util module '/home/netweaver/Projects/GSOC/JdeRobot/ros2_challenge_ws/src/install/_local_setup_util_sh.py'
[1.293s] INFO:colcon.colcon_core.shell:Creating prefix chain script '/home/netweaver/Projects/GSOC/JdeRobot/ros2_challenge_ws/src/install/setup.sh'
[1.297s] INFO:colcon.colcon_core.shell:Creating prefix script '/home/netweaver/Projects/GSOC/JdeRobot/ros2_challenge_ws/src/install/local_setup.bash'
[1.299s] INFO:colcon.colcon_core.shell:Creating prefix chain script '/home/netweaver/Projects/GSOC/JdeRobot/ros2_challenge_ws/src/install/setup.bash'
[1.303s] INFO:colcon.colcon_core.shell:Creating prefix script '/home/netweaver/Projects/GSOC/JdeRobot/ros2_challenge_ws/src/install/local_setup.zsh'
[1.305s] INFO:colcon.colcon_core.shell:Creating prefix chain script '/home/netweaver/Projects/GSOC/JdeRobot/ros2_challenge_ws/src/install/setup.zsh'
