[1.683s] Invoking command in '/home/netweaver/Projects/GSOC/JdeRobot/ros2_challenge_ws/build/turtlebot3_example': AMENT_PREFIX_PATH=/home/netweaver/Projects/GSOC/JdeRobot/ros2_challenge_ws/install/turtlebot3_msgs:${AMENT_PREFIX_PATH} CMAKE_PREFIX_PATH=/home/netweaver/Projects/GSOC/JdeRobot/ros2_challenge_ws/install/turtlebot3_msgs:${CMAKE_PREFIX_PATH} LD_LIBRARY_PATH=/home/netweaver/Projects/GSOC/JdeRobot/ros2_challenge_ws/install/turtlebot3_msgs/lib:/home/netweaver/Projects/GSOC/JdeRobot/turtlebot3_ws/install/turtlebot3_msgs/lib:/home/netweaver/Projects/GSOC/JdeRobot/turtlebot3_ws/install/dynamixel_sdk_custom_interfaces/lib:/home/netweaver/Projects/GSOC/JdeRobot/turtlebot3_ws/install/dynamixel_sdk/lib:/usr/lib/x86_64-linux-gnu/gazebo-11/plugins:/opt/ros/humble/opt/rviz_ogre_vendor/lib:/opt/ros/humble/lib/x86_64-linux-gnu:/opt/ros/humble/lib:/usr/lib/x86_64-linux-gnu/gazebo-11/plugins PYTHONPATH=/home/netweaver/Projects/GSOC/JdeRobot/ros2_challenge_ws/build/turtlebot3_example/prefix_override:/usr/lib/python3/dist-packages/colcon_core/task/python/colcon_distutils_commands:/home/netweaver/Projects/GSOC/JdeRobot/ros2_challenge_ws/install/turtlebot3_example/lib/python3.10/site-packages:/home/netweaver/Projects/GSOC/JdeRobot/ros2_challenge_ws/install/turtlebot3_msgs/local/lib/python3.10/dist-packages:${PYTHONPATH} /usr/bin/python3 -W ignore:setup.py install is deprecated -W ignore:easy_install command is deprecated setup.py develop --editable --build-directory /home/netweaver/Projects/GSOC/JdeRobot/ros2_challenge_ws/build/turtlebot3_example/build --no-deps symlink_data
[2.225s] running develop
[2.522s] running egg_info
[2.522s] writing turtlebot3_example.egg-info/PKG-INFO
[2.523s] writing dependency_links to turtlebot3_example.egg-info/dependency_links.txt
[2.523s] writing entry points to turtlebot3_example.egg-info/entry_points.txt
[2.523s] writing requirements to turtlebot3_example.egg-info/requires.txt
[2.523s] writing top-level names to turtlebot3_example.egg-info/top_level.txt
[2.527s] reading manifest file 'turtlebot3_example.egg-info/SOURCES.txt'
[2.529s] writing manifest file 'turtlebot3_example.egg-info/SOURCES.txt'
[2.530s] running build_ext
[2.531s] Creating /home/netweaver/Projects/GSOC/JdeRobot/ros2_challenge_ws/install/turtlebot3_example/lib/python3.10/site-packages/turtlebot3-example.egg-link (link to .)
[2.532s] Installing turtlebot3_interactive_marker script to /home/netweaver/Projects/GSOC/JdeRobot/ros2_challenge_ws/install/turtlebot3_example/lib/turtlebot3_example
[2.532s] Installing turtlebot3_obstacle_detection script to /home/netweaver/Projects/GSOC/JdeRobot/ros2_challenge_ws/install/turtlebot3_example/lib/turtlebot3_example
[2.532s] Installing turtlebot3_patrol_client script to /home/netweaver/Projects/GSOC/JdeRobot/ros2_challenge_ws/install/turtlebot3_example/lib/turtlebot3_example
[2.532s] Installing turtlebot3_patrol_server script to /home/netweaver/Projects/GSOC/JdeRobot/ros2_challenge_ws/install/turtlebot3_example/lib/turtlebot3_example
[2.532s] Installing turtlebot3_position_control_pointop_key script to /home/netweaver/Projects/GSOC/JdeRobot/ros2_challenge_ws/install/turtlebot3_example/lib/turtlebot3_example
[2.533s] 
[2.533s] Installed /home/netweaver/Projects/GSOC/JdeRobot/ros2_challenge_ws/build/turtlebot3_example
[2.533s] running symlink_data
[2.580s] Invoked command in '/home/netweaver/Projects/GSOC/JdeRobot/ros2_challenge_ws/build/turtlebot3_example' returned '0': AMENT_PREFIX_PATH=/home/netweaver/Projects/GSOC/JdeRobot/ros2_challenge_ws/install/turtlebot3_msgs:${AMENT_PREFIX_PATH} CMAKE_PREFIX_PATH=/home/netweaver/Projects/GSOC/JdeRobot/ros2_challenge_ws/install/turtlebot3_msgs:${CMAKE_PREFIX_PATH} LD_LIBRARY_PATH=/home/netweaver/Projects/GSOC/JdeRobot/ros2_challenge_ws/install/turtlebot3_msgs/lib:/home/netweaver/Projects/GSOC/JdeRobot/turtlebot3_ws/install/turtlebot3_msgs/lib:/home/netweaver/Projects/GSOC/JdeRobot/turtlebot3_ws/install/dynamixel_sdk_custom_interfaces/lib:/home/netweaver/Projects/GSOC/JdeRobot/turtlebot3_ws/install/dynamixel_sdk/lib:/usr/lib/x86_64-linux-gnu/gazebo-11/plugins:/opt/ros/humble/opt/rviz_ogre_vendor/lib:/opt/ros/humble/lib/x86_64-linux-gnu:/opt/ros/humble/lib:/usr/lib/x86_64-linux-gnu/gazebo-11/plugins PYTHONPATH=/home/netweaver/Projects/GSOC/JdeRobot/ros2_challenge_ws/build/turtlebot3_example/prefix_override:/usr/lib/python3/dist-packages/colcon_core/task/python/colcon_distutils_commands:/home/netweaver/Projects/GSOC/JdeRobot/ros2_challenge_ws/install/turtlebot3_example/lib/python3.10/site-packages:/home/netweaver/Projects/GSOC/JdeRobot/ros2_challenge_ws/install/turtlebot3_msgs/local/lib/python3.10/dist-packages:${PYTHONPATH} /usr/bin/python3 -W ignore:setup.py install is deprecated -W ignore:easy_install command is deprecated setup.py develop --editable --build-directory /home/netweaver/Projects/GSOC/JdeRobot/ros2_challenge_ws/build/turtlebot3_example/build --no-deps symlink_data
