[ 50%] [32mBuilding CXX object CMakeFiles/introduction_to_ros2.dir/src/introduction_to_ros2.cpp.o[0m
[100%] [32m[1mLinking CXX executable introduction_to_ros2[0m
[100%] Built target introduction_to_ros2
-- Install configuration: ""
-- Installing: /home/netweaver/Projects/GSOC/JdeRobot/ros2_challenge_ws/src/install/introduction_to_ros2/lib/introduction_to_ros2/introduction_to_ros2
-- Up-to-date: /home/netweaver/Projects/GSOC/JdeRobot/ros2_challenge_ws/src/install/introduction_to_ros2/share/ament_index/resource_index/package_run_dependencies/introduction_to_ros2
-- Up-to-date: /home/netweaver/Projects/GSOC/JdeRobot/ros2_challenge_ws/src/install/introduction_to_ros2/share/ament_index/resource_index/parent_prefix_path/introduction_to_ros2
-- Up-to-date: /home/netweaver/Projects/GSOC/JdeRobot/ros2_challenge_ws/src/install/introduction_to_ros2/share/introduction_to_ros2/environment/ament_prefix_path.sh
-- Up-to-date: /home/netweaver/Projects/GSOC/JdeRobot/ros2_challenge_ws/src/install/introduction_to_ros2/share/introduction_to_ros2/environment/ament_prefix_path.dsv
-- Up-to-date: /home/netweaver/Projects/GSOC/JdeRobot/ros2_challenge_ws/src/install/introduction_to_ros2/share/introduction_to_ros2/environment/path.sh
-- Up-to-date: /home/netweaver/Projects/GSOC/JdeRobot/ros2_challenge_ws/src/install/introduction_to_ros2/share/introduction_to_ros2/environment/path.dsv
-- Up-to-date: /home/netweaver/Projects/GSOC/JdeRobot/ros2_challenge_ws/src/install/introduction_to_ros2/share/introduction_to_ros2/local_setup.bash
-- Up-to-date: /home/netweaver/Projects/GSOC/JdeRobot/ros2_challenge_ws/src/install/introduction_to_ros2/share/introduction_to_ros2/local_setup.sh
-- Up-to-date: /home/netweaver/Projects/GSOC/JdeRobot/ros2_challenge_ws/src/install/introduction_to_ros2/share/introduction_to_ros2/local_setup.zsh
-- Up-to-date: /home/netweaver/Projects/GSOC/JdeRobot/ros2_challenge_ws/src/install/introduction_to_ros2/share/introduction_to_ros2/local_setup.dsv
-- Up-to-date: /home/netweaver/Projects/GSOC/JdeRobot/ros2_challenge_ws/src/install/introduction_to_ros2/share/introduction_to_ros2/package.dsv
-- Up-to-date: /home/netweaver/Projects/GSOC/JdeRobot/ros2_challenge_ws/src/install/introduction_to_ros2/share/ament_index/resource_index/packages/introduction_to_ros2
-- Up-to-date: /home/netweaver/Projects/GSOC/JdeRobot/ros2_challenge_ws/src/install/introduction_to_ros2/share/introduction_to_ros2/cmake/introduction_to_ros2Config.cmake
-- Up-to-date: /home/netweaver/Projects/GSOC/JdeRobot/ros2_challenge_ws/src/install/introduction_to_ros2/share/introduction_to_ros2/cmake/introduction_to_ros2Config-version.cmake
-- Up-to-date: /home/netweaver/Projects/GSOC/JdeRobot/ros2_challenge_ws/src/install/introduction_to_ros2/share/introduction_to_ros2/package.xml
