[1.810s] Invoking command in '/home/netweaver/Projects/GSOC/JdeRobot/ros2_challenge_ws/build/turtlebot3_teleop': PYTHONPATH=/home/netweaver/Projects/GSOC/JdeRobot/ros2_challenge_ws/build/turtlebot3_teleop/prefix_override:/usr/lib/python3/dist-packages/colcon_core/task/python/colcon_distutils_commands:/home/netweaver/Projects/GSOC/JdeRobot/ros2_challenge_ws/install/turtlebot3_teleop/lib/python3.10/site-packages:${PYTHONPATH} /usr/bin/python3 -W ignore:setup.py install is deprecated -W ignore:easy_install command is deprecated setup.py develop --editable --build-directory /home/netweaver/Projects/GSOC/JdeRobot/ros2_challenge_ws/build/turtlebot3_teleop/build --no-deps symlink_data
[2.681s] running develop
[3.958s] running egg_info
[3.959s] creating turtlebot3_teleop.egg-info
[3.959s] writing turtlebot3_teleop.egg-info/PKG-INFO
[3.966s] writing dependency_links to turtlebot3_teleop.egg-info/dependency_links.txt
[3.966s] writing entry points to turtlebot3_teleop.egg-info/entry_points.txt
[3.966s] writing requirements to turtlebot3_teleop.egg-info/requires.txt
[3.966s] writing top-level names to turtlebot3_teleop.egg-info/top_level.txt
[3.966s] writing manifest file 'turtlebot3_teleop.egg-info/SOURCES.txt'
[3.967s] reading manifest file 'turtlebot3_teleop.egg-info/SOURCES.txt'
[3.970s] writing manifest file 'turtlebot3_teleop.egg-info/SOURCES.txt'
[3.974s] running build_ext
[3.975s] Creating /home/netweaver/Projects/GSOC/JdeRobot/ros2_challenge_ws/install/turtlebot3_teleop/lib/python3.10/site-packages/turtlebot3-teleop.egg-link (link to .)
[3.978s] Installing teleop_keyboard script to /home/netweaver/Projects/GSOC/JdeRobot/ros2_challenge_ws/install/turtlebot3_teleop/lib/turtlebot3_teleop
[3.979s] 
[3.979s] Installed /home/netweaver/Projects/GSOC/JdeRobot/ros2_challenge_ws/build/turtlebot3_teleop
[3.985s] running symlink_data
[3.988s] creating /home/netweaver/Projects/GSOC/JdeRobot/ros2_challenge_ws/install/turtlebot3_teleop/share/ament_index
[3.988s] creating /home/netweaver/Projects/GSOC/JdeRobot/ros2_challenge_ws/install/turtlebot3_teleop/share/ament_index/resource_index
[3.988s] creating /home/netweaver/Projects/GSOC/JdeRobot/ros2_challenge_ws/install/turtlebot3_teleop/share/ament_index/resource_index/packages
[3.988s] symbolically linking /home/netweaver/Projects/GSOC/JdeRobot/ros2_challenge_ws/build/turtlebot3_teleop/resource/turtlebot3_teleop -> /home/netweaver/Projects/GSOC/JdeRobot/ros2_challenge_ws/install/turtlebot3_teleop/share/ament_index/resource_index/packages
[3.989s] symbolically linking /home/netweaver/Projects/GSOC/JdeRobot/ros2_challenge_ws/build/turtlebot3_teleop/package.xml -> /home/netweaver/Projects/GSOC/JdeRobot/ros2_challenge_ws/install/turtlebot3_teleop/share/turtlebot3_teleop
[4.179s] Invoked command in '/home/netweaver/Projects/GSOC/JdeRobot/ros2_challenge_ws/build/turtlebot3_teleop' returned '0': PYTHONPATH=/home/netweaver/Projects/GSOC/JdeRobot/ros2_challenge_ws/build/turtlebot3_teleop/prefix_override:/usr/lib/python3/dist-packages/colcon_core/task/python/colcon_distutils_commands:/home/netweaver/Projects/GSOC/JdeRobot/ros2_challenge_ws/install/turtlebot3_teleop/lib/python3.10/site-packages:${PYTHONPATH} /usr/bin/python3 -W ignore:setup.py install is deprecated -W ignore:easy_install command is deprecated setup.py develop --editable --build-directory /home/netweaver/Projects/GSOC/JdeRobot/ros2_challenge_ws/build/turtlebot3_teleop/build --no-deps symlink_data
