[0.750s] Invoking command in '/home/netweaver/Projects/GSOC/JdeRobot/ros2_challenge_ws/build/introduction_to_ros2': CMAKE_PREFIX_PATH=${CMAKE_PREFIX_PATH}:/home/netweaver/Projects/GSOC/JdeRobot/turtlebot3_ws/install/turtlebot3_teleop:/home/netweaver/Projects/GSOC/JdeRobot/turtlebot3_ws/install/turtlebot3_example:/opt/ros/humble /usr/bin/cmake --build /home/netweaver/Projects/GSOC/JdeRobot/ros2_challenge_ws/build/introduction_to_ros2 -- -j8 -l8
[0.811s] -- Found ament_cmake: 1.3.11 (/opt/ros/humble/share/ament_cmake/cmake)
[1.112s] -- Override CMake install command with custom implementation using symlinks instead of copying resources
[1.114s] -- Found rclcpp: 16.0.11 (/opt/ros/humble/share/rclcpp/cmake)
[1.184s] -- Found rosidl_generator_c: 3.1.6 (/opt/ros/humble/share/rosidl_generator_c/cmake)
[1.191s] -- Found rosidl_adapter: 3.1.6 (/opt/ros/humble/share/rosidl_adapter/cmake)
[1.202s] -- Found rosidl_generator_cpp: 3.1.6 (/opt/ros/humble/share/rosidl_generator_cpp/cmake)
[1.227s] -- Using all available rosidl_typesupport_c: rosidl_typesupport_fastrtps_c;rosidl_typesupport_introspection_c
[1.263s] -- Using all available rosidl_typesupport_cpp: rosidl_typesupport_fastrtps_cpp;rosidl_typesupport_introspection_cpp
[1.337s] -- Found rmw_implementation_cmake: 6.1.2 (/opt/ros/humble/share/rmw_implementation_cmake/cmake)
[1.341s] -- Found rmw_fastrtps_cpp: 6.2.7 (/opt/ros/humble/share/rmw_fastrtps_cpp/cmake)
[1.536s] -- Using RMW implementation 'rmw_fastrtps_cpp' as default
[1.614s] -- Found gazebo_ros: 3.9.0 (/opt/ros/humble/share/gazebo_ros/cmake)
[1.631s] -- Found PkgConfig: /usr/bin/pkg-config (found version "0.29.2") 
[1.632s] -- Checking for module 'bullet>=2.82'
[1.661s] --   Found bullet, version 3.05
[1.829s] -- Found fcl: /usr/include (found suitable version "0.7.0", minimum required is "0.5.0") 
[1.934s] -- Found assimp: /usr/include (found version "5.2.0") 
[2.005s] -- Found DART: /usr/include (Required is at least version "6.6") found components: dart 
[2.081s] -- Found Boost: /usr/lib/x86_64-linux-gnu/cmake/Boost-1.74.0/BoostConfig.cmake (found suitable version "1.74.0", minimum required is "1.40.0") found components: thread system filesystem program_options regex iostreams date_time 
[2.126s] -- Found Protobuf: /usr/lib/x86_64-linux-gnu/libprotobuf.so (found version "3.12.4") 
[2.139s] -- Looking for ignition-math6 -- found version 6.15.1
[2.159s] -- Searching for dependencies of ignition-math6
[2.162s] -- Looking for OGRE...
[2.163s] -- OGRE_PREFIX_WATCH changed.
[2.171s] -- Checking for module 'OGRE'
[2.192s] --   Found OGRE, version 1.9.0
[2.235s] -- Found Ogre Ghadamon (1.9.0)
[2.247s] -- Found OGRE: optimized;/usr/lib/x86_64-linux-gnu/libOgreMain.so;debug;/usr/lib/x86_64-linux-gnu/libOgreMain.so
[2.259s] -- Looking for OGRE_Paging...
[2.267s] -- Found OGRE_Paging: optimized;/usr/lib/x86_64-linux-gnu/libOgrePaging.so;debug;/usr/lib/x86_64-linux-gnu/libOgrePaging.so
[2.267s] -- Looking for OGRE_Terrain...
[2.275s] -- Found OGRE_Terrain: optimized;/usr/lib/x86_64-linux-gnu/libOgreTerrain.so;debug;/usr/lib/x86_64-linux-gnu/libOgreTerrain.so
[2.275s] -- Looking for OGRE_Property...
[2.283s] -- Found OGRE_Property: optimized;/usr/lib/x86_64-linux-gnu/libOgreProperty.so;debug;/usr/lib/x86_64-linux-gnu/libOgreProperty.so
[2.283s] -- Looking for OGRE_RTShaderSystem...
[2.291s] -- Found OGRE_RTShaderSystem: optimized;/usr/lib/x86_64-linux-gnu/libOgreRTShaderSystem.so;debug;/usr/lib/x86_64-linux-gnu/libOgreRTShaderSystem.so
[2.291s] -- Looking for OGRE_Volume...
[2.301s] -- Found OGRE_Volume: optimized;/usr/lib/x86_64-linux-gnu/libOgreVolume.so;debug;/usr/lib/x86_64-linux-gnu/libOgreVolume.so
[2.301s] -- Looking for OGRE_Overlay...
[2.309s] -- Found OGRE_Overlay: optimized;/usr/lib/x86_64-linux-gnu/libOgreOverlay.so;debug;/usr/lib/x86_64-linux-gnu/libOgreOverlay.so
[2.553s] -- Looking for ignition-math6 -- found version 6.15.1
[2.558s] -- Looking for ignition-transport8 -- found version 8.2.1
[2.559s] -- Searching for dependencies of ignition-transport8
[2.584s] -- Found Protobuf: /usr/lib/x86_64-linux-gnu/libprotobuf.so (found suitable version "3.12.4", minimum required is "3") 
[2.599s] -- Config-file not installed for ZeroMQ -- checking for pkg-config
[2.606s] -- Checking for module 'libzmq >= 4'
[2.629s] --   Found libzmq , version 4.3.4
[2.700s] -- Found ZeroMQ: TRUE (Required is at least version "4") 
[2.710s] -- Checking for module 'uuid'
[2.728s] --   Found uuid, version 2.37.2
[2.775s] -- Found UUID: TRUE  
[2.779s] -- Looking for ignition-msgs5 -- found version 5.8.1
[2.780s] -- Searching for dependencies of ignition-msgs5
[2.805s] -- Looking for ignition-math6 -- found version 6.15.1
[2.812s] -- Checking for module 'tinyxml2'
[2.828s] --   Found tinyxml2, version 9.0.0
[2.884s] -- Looking for ignition-msgs5 -- found version 5.8.1
[2.889s] -- Looking for ignition-common3 -- found version 3.14.0
[2.890s] -- Searching for dependencies of ignition-common3
[2.891s] -- Looking for dlfcn.h - found
[2.892s] -- Looking for libdl - found
[2.895s] -- Found DL: TRUE  
[2.912s] -- Found tinyobjloader: /usr/lib/x86_64-linux-gnu/cmake/tinyobjloader/tinyobjloader-config.cmake (found version "2.0.0") 
[2.913s] -- Searching for <ignition-common3> component [graphics]
[2.917s] -- Looking for ignition-common3-graphics -- found version 3.14.0
[2.917s] -- Searching for dependencies of ignition-common3-graphics
[2.918s] -- Looking for ignition-math6 -- found version 6.15.1
[2.923s] -- Looking for ignition-fuel_tools4 -- found version 4.4.0
[2.923s] -- Searching for dependencies of ignition-fuel_tools4
[3.033s] -- Found CURL: /usr/lib/x86_64-linux-gnu/libcurl.so (found version "7.81.0")  
[3.048s] -- Checking for module 'jsoncpp'
[3.070s] --   Found jsoncpp, version 1.9.5
[3.113s] -- Found JSONCPP: TRUE  
[3.121s] -- Checking for module 'libzip'
[3.143s] --   Found libzip, version 1.7.3
[3.205s] -- Found ZIP: TRUE  
[3.206s] -- Looking for ignition-common3 -- found version 3.14.0
[3.206s] -- Looking for ignition-math6 -- found version 6.15.1
[3.207s] -- Looking for ignition-msgs5 -- found version 5.8.1
[3.215s] -- Gazebo version: 11.10
[3.215s] -- Checking for module 'tbb'
[3.237s] --   Found tbb, version 2021.5.0
[3.294s] -- Found robot_state_publisher: 3.0.3 (/opt/ros/humble/share/robot_state_publisher/cmake)
[3.346s] -- Found eigen3_cmake_module: 0.1.1 (/opt/ros/humble/share/eigen3_cmake_module/cmake)
[3.349s] -- Found Eigen3: TRUE (found version "3.4.0") 
[3.349s] -- Ensuring Eigen3 include directory is part of orocos-kdl CMake target
[3.583s] -- Found turtlebot3_description: 2.2.5 (/home/netweaver/Projects/GSOC/JdeRobot/turtlebot3_ws/install/turtlebot3_description/share/turtlebot3_description/cmake)
[3.585s] -- Found ament_lint_auto: 0.12.11 (/opt/ros/humble/share/ament_lint_auto/cmake)
[3.685s] -- Added test 'cppcheck' to perform static code analysis on C / C++ code
[3.685s] -- Configured cppcheck include dirs: $<BUILD_INTERFACE:/home/netweaver/Projects/GSOC/JdeRobot/ros2_challenge_ws/src/introduction_to_ros2/include>
[3.686s] -- Configured cppcheck exclude dirs and/or files: 
[3.686s] -- Added test 'flake8' to check Python code syntax and style conventions
[3.688s] -- Added test 'lint_cmake' to check CMake code style
[3.689s] -- Added test 'pep257' to check Python code against some of the docstring style conventions in PEP 257
[3.694s] -- Added test 'uncrustify' to check C / C++ code style
[3.694s] -- Configured uncrustify additional arguments: 
[3.695s] -- Added test 'xmllint' to check XML markup files
[3.696s] -- Configuring done
[3.710s] -- Generating done
[3.716s] -- Build files have been written to: /home/netweaver/Projects/GSOC/JdeRobot/ros2_challenge_ws/build/introduction_to_ros2
[3.755s] [35m[1mConsolidate compiler generated dependencies of target introduction_to_ros2[0m
[3.781s] [ 50%] [32mBuilding CXX object CMakeFiles/introduction_to_ros2.dir/src/introduction_to_ros2.cpp.o[0m
[14.342s] [100%] [32m[1mLinking CXX executable introduction_to_ros2[0m
[14.937s] [100%] Built target introduction_to_ros2
[14.955s] Invoked command in '/home/netweaver/Projects/GSOC/JdeRobot/ros2_challenge_ws/build/introduction_to_ros2' returned '0': CMAKE_PREFIX_PATH=${CMAKE_PREFIX_PATH}:/home/netweaver/Projects/GSOC/JdeRobot/turtlebot3_ws/install/turtlebot3_teleop:/home/netweaver/Projects/GSOC/JdeRobot/turtlebot3_ws/install/turtlebot3_example:/opt/ros/humble /usr/bin/cmake --build /home/netweaver/Projects/GSOC/JdeRobot/ros2_challenge_ws/build/introduction_to_ros2 -- -j8 -l8
[14.957s] Invoking command in '/home/netweaver/Projects/GSOC/JdeRobot/ros2_challenge_ws/build/introduction_to_ros2': CMAKE_PREFIX_PATH=${CMAKE_PREFIX_PATH}:/home/netweaver/Projects/GSOC/JdeRobot/turtlebot3_ws/install/turtlebot3_teleop:/home/netweaver/Projects/GSOC/JdeRobot/turtlebot3_ws/install/turtlebot3_example:/opt/ros/humble /usr/bin/cmake --install /home/netweaver/Projects/GSOC/JdeRobot/ros2_challenge_ws/build/introduction_to_ros2
[14.969s] -- Install configuration: ""
[14.970s] -- Execute custom install script
[14.971s] -- Up-to-date symlink: /home/netweaver/Projects/GSOC/JdeRobot/ros2_challenge_ws/install/introduction_to_ros2/lib/introduction_to_ros2/introduction_to_ros2
[14.971s] -- Symlinking: /home/netweaver/Projects/GSOC/JdeRobot/ros2_challenge_ws/install/introduction_to_ros2/share/introduction_to_ros2/launch/turtlebot3_gazebo_rviz.launch.py
[14.984s] -- Up-to-date symlink: /home/netweaver/Projects/GSOC/JdeRobot/ros2_challenge_ws/install/introduction_to_ros2/share/introduction_to_ros2//launch/turtlebot3_gazebo_rviz.launch.py
[14.985s] -- Symlinking: /home/netweaver/Projects/GSOC/JdeRobot/ros2_challenge_ws/install/introduction_to_ros2/share/introduction_to_ros2//rviz/turtlebot3_mode.rviz
[15.000s] -- Up-to-date symlink: /home/netweaver/Projects/GSOC/JdeRobot/ros2_challenge_ws/install/introduction_to_ros2/share/ament_index/resource_index/package_run_dependencies/introduction_to_ros2
[15.000s] -- Up-to-date symlink: /home/netweaver/Projects/GSOC/JdeRobot/ros2_challenge_ws/install/introduction_to_ros2/share/ament_index/resource_index/parent_prefix_path/introduction_to_ros2
[15.000s] -- Up-to-date symlink: /home/netweaver/Projects/GSOC/JdeRobot/ros2_challenge_ws/install/introduction_to_ros2/share/introduction_to_ros2/environment/ament_prefix_path.sh
[15.001s] -- Up-to-date symlink: /home/netweaver/Projects/GSOC/JdeRobot/ros2_challenge_ws/install/introduction_to_ros2/share/introduction_to_ros2/environment/ament_prefix_path.dsv
[15.001s] -- Up-to-date symlink: /home/netweaver/Projects/GSOC/JdeRobot/ros2_challenge_ws/install/introduction_to_ros2/share/introduction_to_ros2/environment/path.sh
[15.001s] -- Up-to-date symlink: /home/netweaver/Projects/GSOC/JdeRobot/ros2_challenge_ws/install/introduction_to_ros2/share/introduction_to_ros2/environment/path.dsv
[15.002s] -- Up-to-date symlink: /home/netweaver/Projects/GSOC/JdeRobot/ros2_challenge_ws/install/introduction_to_ros2/share/introduction_to_ros2/local_setup.bash
[15.002s] -- Up-to-date symlink: /home/netweaver/Projects/GSOC/JdeRobot/ros2_challenge_ws/install/introduction_to_ros2/share/introduction_to_ros2/local_setup.sh
[15.002s] -- Up-to-date symlink: /home/netweaver/Projects/GSOC/JdeRobot/ros2_challenge_ws/install/introduction_to_ros2/share/introduction_to_ros2/local_setup.zsh
[15.003s] -- Up-to-date symlink: /home/netweaver/Projects/GSOC/JdeRobot/ros2_challenge_ws/install/introduction_to_ros2/share/introduction_to_ros2/local_setup.dsv
[15.003s] -- Symlinking: /home/netweaver/Projects/GSOC/JdeRobot/ros2_challenge_ws/install/introduction_to_ros2/share/introduction_to_ros2/package.dsv
[15.017s] -- Up-to-date symlink: /home/netweaver/Projects/GSOC/JdeRobot/ros2_challenge_ws/install/introduction_to_ros2/share/ament_index/resource_index/packages/introduction_to_ros2
[15.017s] -- Up-to-date symlink: /home/netweaver/Projects/GSOC/JdeRobot/ros2_challenge_ws/install/introduction_to_ros2/share/introduction_to_ros2/cmake/introduction_to_ros2Config.cmake
[15.018s] -- Up-to-date symlink: /home/netweaver/Projects/GSOC/JdeRobot/ros2_challenge_ws/install/introduction_to_ros2/share/introduction_to_ros2/cmake/introduction_to_ros2Config-version.cmake
[15.018s] -- Up-to-date symlink: /home/netweaver/Projects/GSOC/JdeRobot/ros2_challenge_ws/install/introduction_to_ros2/share/introduction_to_ros2/package.xml
[15.021s] Invoked command in '/home/netweaver/Projects/GSOC/JdeRobot/ros2_challenge_ws/build/introduction_to_ros2' returned '0': CMAKE_PREFIX_PATH=${CMAKE_PREFIX_PATH}:/home/netweaver/Projects/GSOC/JdeRobot/turtlebot3_ws/install/turtlebot3_teleop:/home/netweaver/Projects/GSOC/JdeRobot/turtlebot3_ws/install/turtlebot3_example:/opt/ros/humble /usr/bin/cmake --install /home/netweaver/Projects/GSOC/JdeRobot/ros2_challenge_ws/build/introduction_to_ros2
