[0.035s] Invoking command in '/home/netweaver/Projects/GSOC/JdeRobot/ros2_challenge_ws/src/build/ros2_navigation2': CMAKE_PREFIX_PATH=${CMAKE_PREFIX_PATH}:/opt/ros/jazzy DEBUGINFOD_URLS=https://debuginfod.ubuntu.com VIRTUAL_ENV_PROMPT=(venv-ardupilot) /usr/bin/cmake /home/netweaver/Projects/GSOC/JdeRobot/ros2_challenge_ws/src/ros2_navigation2 -DCMAKE_INSTALL_PREFIX=/home/netweaver/Projects/GSOC/JdeRobot/ros2_challenge_ws/src/install/ros2_navigation2
[0.379s] -- The C compiler identification is GNU 13.3.0
[0.753s] -- The CXX compiler identification is GNU 13.3.0
[0.883s] -- Detecting C compiler ABI info
[1.368s] -- Detecting C compiler ABI info - done
[1.408s] -- Check for working C compiler: /usr/lib/ccache/cc - skipped
[1.409s] -- Detecting C compile features
[1.410s] -- Detecting C compile features - done
[1.453s] -- Detecting CXX compiler ABI info
[1.967s] -- Detecting CXX compiler ABI info - done
[2.002s] -- Check for working CXX compiler: /usr/lib/ccache/c++ - skipped
[2.004s] -- Detecting CXX compile features
[2.006s] -- Detecting CXX compile features - done
[2.025s] -- Found ament_cmake: 2.5.3 (/opt/ros/jazzy/share/ament_cmake/cmake)
[2.664s] -- Found Python3: /home/netweaver/venv-ardupilot/bin/python3 (found version "3.12.3") found components: Interpreter 
[3.186s] -- Found ament_lint_auto: 0.17.1 (/opt/ros/jazzy/share/ament_lint_auto/cmake)
[3.680s] -- Added test 'cppcheck' to perform static code analysis on C / C++ code
[3.685s] -- Configured cppcheck include dirs: $<BUILD_INTERFACE:/home/netweaver/Projects/GSOC/JdeRobot/ros2_challenge_ws/src/ros2_navigation2/include>
[3.685s] -- Configured cppcheck exclude dirs and/or files: 
[3.687s] -- Added test 'lint_cmake' to check CMake code style
[3.694s] -- Added test 'uncrustify' to check C / C++ code style
[3.696s] -- Configured uncrustify additional arguments: 
[3.700s] -- Added test 'xmllint' to check XML markup files
[3.711s] -- Configuring done (3.6s)
[3.730s] -- Generating done (0.0s)
[3.740s] -- Build files have been written to: /home/netweaver/Projects/GSOC/JdeRobot/ros2_challenge_ws/src/build/ros2_navigation2
[3.759s] Invoked command in '/home/netweaver/Projects/GSOC/JdeRobot/ros2_challenge_ws/src/build/ros2_navigation2' returned '0': CMAKE_PREFIX_PATH=${CMAKE_PREFIX_PATH}:/opt/ros/jazzy DEBUGINFOD_URLS=https://debuginfod.ubuntu.com VIRTUAL_ENV_PROMPT=(venv-ardupilot) /usr/bin/cmake /home/netweaver/Projects/GSOC/JdeRobot/ros2_challenge_ws/src/ros2_navigation2 -DCMAKE_INSTALL_PREFIX=/home/netweaver/Projects/GSOC/JdeRobot/ros2_challenge_ws/src/install/ros2_navigation2
[3.761s] Invoking command in '/home/netweaver/Projects/GSOC/JdeRobot/ros2_challenge_ws/src/build/ros2_navigation2': CMAKE_PREFIX_PATH=${CMAKE_PREFIX_PATH}:/opt/ros/jazzy DEBUGINFOD_URLS=https://debuginfod.ubuntu.com VIRTUAL_ENV_PROMPT=(venv-ardupilot) /usr/bin/cmake --build /home/netweaver/Projects/GSOC/JdeRobot/ros2_challenge_ws/src/build/ros2_navigation2 -- -j8 -l8
[3.950s] [ 50%] [32mBuilding CXX object CMakeFiles/ros2_navigation2.dir/src/ros2_navigation2.cpp.o[0m
[4.157s] [100%] [32m[1mLinking CXX executable ros2_navigation2[0m
[4.320s] [100%] Built target ros2_navigation2
[4.377s] Invoked command in '/home/netweaver/Projects/GSOC/JdeRobot/ros2_challenge_ws/src/build/ros2_navigation2' returned '0': CMAKE_PREFIX_PATH=${CMAKE_PREFIX_PATH}:/opt/ros/jazzy DEBUGINFOD_URLS=https://debuginfod.ubuntu.com VIRTUAL_ENV_PROMPT=(venv-ardupilot) /usr/bin/cmake --build /home/netweaver/Projects/GSOC/JdeRobot/ros2_challenge_ws/src/build/ros2_navigation2 -- -j8 -l8
[4.381s] Invoking command in '/home/netweaver/Projects/GSOC/JdeRobot/ros2_challenge_ws/src/build/ros2_navigation2': CMAKE_PREFIX_PATH=${CMAKE_PREFIX_PATH}:/opt/ros/jazzy DEBUGINFOD_URLS=https://debuginfod.ubuntu.com VIRTUAL_ENV_PROMPT=(venv-ardupilot) /usr/bin/cmake --install /home/netweaver/Projects/GSOC/JdeRobot/ros2_challenge_ws/src/build/ros2_navigation2
[4.408s] -- Install configuration: ""
[4.408s] -- Installing: /home/netweaver/Projects/GSOC/JdeRobot/ros2_challenge_ws/src/install/ros2_navigation2/lib/ros2_navigation2/ros2_navigation2
[4.409s] -- Installing: /home/netweaver/Projects/GSOC/JdeRobot/ros2_challenge_ws/src/install/ros2_navigation2/share/ament_index/resource_index/package_run_dependencies/ros2_navigation2
[4.410s] -- Installing: /home/netweaver/Projects/GSOC/JdeRobot/ros2_challenge_ws/src/install/ros2_navigation2/share/ament_index/resource_index/parent_prefix_path/ros2_navigation2
[4.411s] -- Installing: /home/netweaver/Projects/GSOC/JdeRobot/ros2_challenge_ws/src/install/ros2_navigation2/share/ros2_navigation2/environment/ament_prefix_path.sh
[4.412s] -- Installing: /home/netweaver/Projects/GSOC/JdeRobot/ros2_challenge_ws/src/install/ros2_navigation2/share/ros2_navigation2/environment/ament_prefix_path.dsv
[4.412s] -- Installing: /home/netweaver/Projects/GSOC/JdeRobot/ros2_challenge_ws/src/install/ros2_navigation2/share/ros2_navigation2/environment/path.sh
[4.412s] -- Installing: /home/netweaver/Projects/GSOC/JdeRobot/ros2_challenge_ws/src/install/ros2_navigation2/share/ros2_navigation2/environment/path.dsv
[4.413s] -- Installing: /home/netweaver/Projects/GSOC/JdeRobot/ros2_challenge_ws/src/install/ros2_navigation2/share/ros2_navigation2/local_setup.bash
[4.413s] -- Installing: /home/netweaver/Projects/GSOC/JdeRobot/ros2_challenge_ws/src/install/ros2_navigation2/share/ros2_navigation2/local_setup.sh
[4.415s] -- Installing: /home/netweaver/Projects/GSOC/JdeRobot/ros2_challenge_ws/src/install/ros2_navigation2/share/ros2_navigation2/local_setup.zsh
[4.416s] -- Installing: /home/netweaver/Projects/GSOC/JdeRobot/ros2_challenge_ws/src/install/ros2_navigation2/share/ros2_navigation2/local_setup.dsv
[4.416s] -- Installing: /home/netweaver/Projects/GSOC/JdeRobot/ros2_challenge_ws/src/install/ros2_navigation2/share/ros2_navigation2/package.dsv
[4.416s] -- Installing: /home/netweaver/Projects/GSOC/JdeRobot/ros2_challenge_ws/src/install/ros2_navigation2/share/ament_index/resource_index/packages/ros2_navigation2
[4.416s] -- Installing: /home/netweaver/Projects/GSOC/JdeRobot/ros2_challenge_ws/src/install/ros2_navigation2/share/ros2_navigation2/cmake/ros2_navigation2Config.cmake
[4.417s] -- Installing: /home/netweaver/Projects/GSOC/JdeRobot/ros2_challenge_ws/src/install/ros2_navigation2/share/ros2_navigation2/cmake/ros2_navigation2Config-version.cmake
[4.417s] -- Installing: /home/netweaver/Projects/GSOC/JdeRobot/ros2_challenge_ws/src/install/ros2_navigation2/share/ros2_navigation2/package.xml
[4.420s] Invoked command in '/home/netweaver/Projects/GSOC/JdeRobot/ros2_challenge_ws/src/build/ros2_navigation2' returned '0': CMAKE_PREFIX_PATH=${CMAKE_PREFIX_PATH}:/opt/ros/jazzy DEBUGINFOD_URLS=https://debuginfod.ubuntu.com VIRTUAL_ENV_PROMPT=(venv-ardupilot) /usr/bin/cmake --install /home/netweaver/Projects/GSOC/JdeRobot/ros2_challenge_ws/src/build/ros2_navigation2
