[0.217s] Invoking command in '/home/netweaver/Projects/GSOC/JdeRobot/ros2_challenge_ws/build/introduction_to_ros2': CMAKE_PREFIX_PATH=${CMAKE_PREFIX_PATH}:/home/netweaver/Projects/GSOC/JdeRobot/turtlebot3_ws/install/turtlebot3_teleop:/home/netweaver/Projects/GSOC/JdeRobot/turtlebot3_ws/install/turtlebot3_example:/opt/ros/humble /usr/bin/cmake --build /home/netweaver/Projects/GSOC/JdeRobot/ros2_challenge_ws/build/introduction_to_ros2 -- -j8 -l8
[0.402s] [100%] Built target introduction_to_ros2
[0.428s] Invoked command in '/home/netweaver/Projects/GSOC/JdeRobot/ros2_challenge_ws/build/introduction_to_ros2' returned '0': CMAKE_PREFIX_PATH=${CMAKE_PREFIX_PATH}:/home/netweaver/Projects/GSOC/JdeRobot/turtlebot3_ws/install/turtlebot3_teleop:/home/netweaver/Projects/GSOC/JdeRobot/turtlebot3_ws/install/turtlebot3_example:/opt/ros/humble /usr/bin/cmake --build /home/netweaver/Projects/GSOC/JdeRobot/ros2_challenge_ws/build/introduction_to_ros2 -- -j8 -l8
[0.431s] Invoking command in '/home/netweaver/Projects/GSOC/JdeRobot/ros2_challenge_ws/build/introduction_to_ros2': CMAKE_PREFIX_PATH=${CMAKE_PREFIX_PATH}:/home/netweaver/Projects/GSOC/JdeRobot/turtlebot3_ws/install/turtlebot3_teleop:/home/netweaver/Projects/GSOC/JdeRobot/turtlebot3_ws/install/turtlebot3_example:/opt/ros/humble /usr/bin/cmake --install /home/netweaver/Projects/GSOC/JdeRobot/ros2_challenge_ws/build/introduction_to_ros2
[0.452s] -- Install configuration: ""
[0.456s] -- Execute custom install script
[0.458s] -- Up-to-date symlink: /home/netweaver/Projects/GSOC/JdeRobot/ros2_challenge_ws/install/introduction_to_ros2/lib/introduction_to_ros2/introduction_to_ros2
[0.459s] -- Up-to-date symlink: /home/netweaver/Projects/GSOC/JdeRobot/ros2_challenge_ws/install/introduction_to_ros2/share/introduction_to_ros2/launch/turtlebot3_gazebo_rviz.launch.py
[0.459s] -- Up-to-date symlink: /home/netweaver/Projects/GSOC/JdeRobot/ros2_challenge_ws/install/introduction_to_ros2/share/introduction_to_ros2//launch/turtlebot3_gazebo_rviz.launch.py
[0.459s] -- Up-to-date symlink: /home/netweaver/Projects/GSOC/JdeRobot/ros2_challenge_ws/install/introduction_to_ros2/share/introduction_to_ros2//rviz/turtlebot3_mode.rviz
[0.460s] -- Up-to-date symlink: /home/netweaver/Projects/GSOC/JdeRobot/ros2_challenge_ws/install/introduction_to_ros2/share/ament_index/resource_index/package_run_dependencies/introduction_to_ros2
[0.465s] -- Up-to-date symlink: /home/netweaver/Projects/GSOC/JdeRobot/ros2_challenge_ws/install/introduction_to_ros2/share/ament_index/resource_index/parent_prefix_path/introduction_to_ros2
[0.469s] -- Up-to-date symlink: /home/netweaver/Projects/GSOC/JdeRobot/ros2_challenge_ws/install/introduction_to_ros2/share/introduction_to_ros2/environment/ament_prefix_path.sh
[0.469s] -- Up-to-date symlink: /home/netweaver/Projects/GSOC/JdeRobot/ros2_challenge_ws/install/introduction_to_ros2/share/introduction_to_ros2/environment/ament_prefix_path.dsv
[0.470s] -- Up-to-date symlink: /home/netweaver/Projects/GSOC/JdeRobot/ros2_challenge_ws/install/introduction_to_ros2/share/introduction_to_ros2/environment/path.sh
[0.471s] -- Up-to-date symlink: /home/netweaver/Projects/GSOC/JdeRobot/ros2_challenge_ws/install/introduction_to_ros2/share/introduction_to_ros2/environment/path.dsv
[0.473s] -- Up-to-date symlink: /home/netweaver/Projects/GSOC/JdeRobot/ros2_challenge_ws/install/introduction_to_ros2/share/introduction_to_ros2/local_setup.bash
[0.476s] -- Up-to-date symlink: /home/netweaver/Projects/GSOC/JdeRobot/ros2_challenge_ws/install/introduction_to_ros2/share/introduction_to_ros2/local_setup.sh
[0.476s] -- Up-to-date symlink: /home/netweaver/Projects/GSOC/JdeRobot/ros2_challenge_ws/install/introduction_to_ros2/share/introduction_to_ros2/local_setup.zsh
[0.476s] -- Up-to-date symlink: /home/netweaver/Projects/GSOC/JdeRobot/ros2_challenge_ws/install/introduction_to_ros2/share/introduction_to_ros2/local_setup.dsv
[0.477s] -- Symlinking: /home/netweaver/Projects/GSOC/JdeRobot/ros2_challenge_ws/install/introduction_to_ros2/share/introduction_to_ros2/package.dsv
[0.497s] -- Up-to-date symlink: /home/netweaver/Projects/GSOC/JdeRobot/ros2_challenge_ws/install/introduction_to_ros2/share/ament_index/resource_index/packages/introduction_to_ros2
[0.501s] -- Up-to-date symlink: /home/netweaver/Projects/GSOC/JdeRobot/ros2_challenge_ws/install/introduction_to_ros2/share/introduction_to_ros2/cmake/introduction_to_ros2Config.cmake
[0.501s] -- Up-to-date symlink: /home/netweaver/Projects/GSOC/JdeRobot/ros2_challenge_ws/install/introduction_to_ros2/share/introduction_to_ros2/cmake/introduction_to_ros2Config-version.cmake
[0.502s] -- Up-to-date symlink: /home/netweaver/Projects/GSOC/JdeRobot/ros2_challenge_ws/install/introduction_to_ros2/share/introduction_to_ros2/package.xml
[0.556s] Invoked command in '/home/netweaver/Projects/GSOC/JdeRobot/ros2_challenge_ws/build/introduction_to_ros2' returned '0': CMAKE_PREFIX_PATH=${CMAKE_PREFIX_PATH}:/home/netweaver/Projects/GSOC/JdeRobot/turtlebot3_ws/install/turtlebot3_teleop:/home/netweaver/Projects/GSOC/JdeRobot/turtlebot3_ws/install/turtlebot3_example:/opt/ros/humble /usr/bin/cmake --install /home/netweaver/Projects/GSOC/JdeRobot/ros2_challenge_ws/build/introduction_to_ros2
