[0.120s] Invoking command in '/home/netweaver/Projects/GSOC/JdeRobot/ros2_challenge_ws/build/turtlebot3_msgs': CMAKE_PREFIX_PATH=${CMAKE_PREFIX_PATH}:/home/netweaver/Projects/GSOC/JdeRobot/ros2_challenge_ws/install/turtlebot3_teleop:/home/netweaver/Projects/GSOC/JdeRobot/ros2_challenge_ws/install/turtlebot3_example:/home/netweaver/Projects/GSOC/JdeRobot/turtlebot3_ws/install/turtlebot3_teleop:/home/netweaver/Projects/GSOC/JdeRobot/turtlebot3_ws/install/turtlebot3_example:/opt/ros/humble /usr/bin/cmake --build /home/netweaver/Projects/GSOC/JdeRobot/ros2_challenge_ws/build/turtlebot3_msgs -- -j8 -l8
[0.319s] [  1%] Built target turtlebot3_msgs__cpp
[0.321s] [ 12%] Built target turtlebot3_msgs__rosidl_generator_c
[0.358s] [ 12%] Built target ament_cmake_python_symlink_turtlebot3_msgs
[0.448s] [ 23%] Built target turtlebot3_msgs__rosidl_typesupport_cpp
[0.470s] [ 35%] Built target turtlebot3_msgs__rosidl_typesupport_introspection_cpp
[0.482s] [ 46%] Built target turtlebot3_msgs__rosidl_typesupport_fastrtps_cpp
[0.484s] [ 57%] Built target turtlebot3_msgs__rosidl_typesupport_c
[0.486s] [ 69%] Built target turtlebot3_msgs__rosidl_typesupport_introspection_c
[0.491s] [ 80%] Built target turtlebot3_msgs__rosidl_typesupport_fastrtps_c
[0.542s] [ 80%] Built target turtlebot3_msgs
[0.594s] [ 81%] Built target turtlebot3_msgs__py
[0.658s] [ 91%] Built target turtlebot3_msgs__rosidl_generator_py
[0.740s] [ 94%] Built target turtlebot3_msgs__rosidl_typesupport_fastrtps_c__pyext
[0.746s] [ 97%] Built target turtlebot3_msgs__rosidl_typesupport_introspection_c__pyext
[0.755s] [100%] Built target turtlebot3_msgs__rosidl_typesupport_c__pyext
[1.026s] running egg_info
[1.028s] writing turtlebot3_msgs.egg-info/PKG-INFO
[1.028s] writing dependency_links to turtlebot3_msgs.egg-info/dependency_links.txt
[1.028s] writing top-level names to turtlebot3_msgs.egg-info/top_level.txt
[1.035s] reading manifest file 'turtlebot3_msgs.egg-info/SOURCES.txt'
[1.037s] writing manifest file 'turtlebot3_msgs.egg-info/SOURCES.txt'
[1.096s] [100%] Built target ament_cmake_python_build_turtlebot3_msgs_egg
