[0.106s] Invoking command in '/home/netweaver/Projects/GSOC/JdeRobot/ros2_challenge_ws/build/dynamixel_sdk_custom_interfaces': CMAKE_PREFIX_PATH=${CMAKE_PREFIX_PATH}:/home/netweaver/Projects/GSOC/JdeRobot/ros2_challenge_ws/install/turtlebot3_teleop:/home/netweaver/Projects/GSOC/JdeRobot/ros2_challenge_ws/install/turtlebot3_example:/home/netweaver/Projects/GSOC/JdeRobot/turtlebot3_ws/install/turtlebot3_teleop:/home/netweaver/Projects/GSOC/JdeRobot/turtlebot3_ws/install/turtlebot3_example:/opt/ros/humble /usr/bin/cmake --build /home/netweaver/Projects/GSOC/JdeRobot/ros2_challenge_ws/build/dynamixel_sdk_custom_interfaces -- -j8 -l8
[0.291s] [  2%] Built target dynamixel_sdk_custom_interfaces__cpp
[0.292s] [ 12%] Built target dynamixel_sdk_custom_interfaces__rosidl_generator_c
[0.361s] [ 12%] Built target ament_cmake_python_symlink_dynamixel_sdk_custom_interfaces
[0.413s] [ 23%] Built target dynamixel_sdk_custom_interfaces__rosidl_typesupport_introspection_cpp
[0.414s] [ 41%] Built target dynamixel_sdk_custom_interfaces__rosidl_typesupport_fastrtps_cpp
[0.415s] [ 51%] Built target dynamixel_sdk_custom_interfaces__rosidl_typesupport_cpp
[0.415s] [ 53%] Built target dynamixel_sdk_custom_interfaces__rosidl_typesupport_introspection_c
[0.441s] [ 64%] Built target dynamixel_sdk_custom_interfaces__rosidl_typesupport_c
[0.490s] [ 74%] Built target dynamixel_sdk_custom_interfaces__rosidl_typesupport_fastrtps_c
[0.535s] [ 74%] Built target dynamixel_sdk_custom_interfaces
[0.580s] [ 76%] Built target dynamixel_sdk_custom_interfaces__py
[0.626s] [ 84%] Built target dynamixel_sdk_custom_interfaces__rosidl_generator_py
[0.709s] [ 89%] Built target dynamixel_sdk_custom_interfaces__rosidl_typesupport_c__pyext
[0.715s] [ 94%] Built target dynamixel_sdk_custom_interfaces__rosidl_typesupport_introspection_c__pyext
[0.716s] [100%] Built target dynamixel_sdk_custom_interfaces__rosidl_typesupport_fastrtps_c__pyext
[1.006s] running egg_info
[1.008s] writing dynamixel_sdk_custom_interfaces.egg-info/PKG-INFO
[1.008s] writing dependency_links to dynamixel_sdk_custom_interfaces.egg-info/dependency_links.txt
[1.008s] writing top-level names to dynamixel_sdk_custom_interfaces.egg-info/top_level.txt
[1.013s] reading manifest file 'dynamixel_sdk_custom_interfaces.egg-info/SOURCES.txt'
[1.014s] writing manifest file 'dynamixel_sdk_custom_interfaces.egg-info/SOURCES.txt'
[1.073s] [100%] Built target ament_cmake_python_build_dynamixel_sdk_custom_interfaces_egg
