[0.026s] Invoking command in '/home/netweaver/Projects/GSOC/JdeRobot/ros2_challenge_ws/src/build/introduction_to_ros2': CMAKE_PREFIX_PATH=${CMAKE_PREFIX_PATH}:/opt/ros/jazzy DEBUGINFOD_URLS=https://debuginfod.ubuntu.com VIRTUAL_ENV_PROMPT=(venv-ardupilot) /usr/bin/cmake /home/netweaver/Projects/GSOC/JdeRobot/ros2_challenge_ws/src/introduction_to_ros2 -DCMAKE_INSTALL_PREFIX=/home/netweaver/Projects/GSOC/JdeRobot/ros2_challenge_ws/src/install/introduction_to_ros2
[0.383s] -- The C compiler identification is GNU 13.3.0
[0.761s] -- The CXX compiler identification is GNU 13.3.0
[0.889s] -- Detecting C compiler ABI info
[1.350s] -- Detecting C compiler ABI info - done
[1.391s] -- Check for working C compiler: /usr/lib/ccache/cc - skipped
[1.393s] -- Detecting C compile features
[1.395s] -- Detecting C compile features - done
[1.435s] -- Detecting CXX compiler ABI info
[1.940s] -- Detecting CXX compiler ABI info - done
[1.976s] -- Check for working CXX compiler: /usr/lib/ccache/c++ - skipped
[1.977s] -- Detecting CXX compile features
[1.980s] -- Detecting CXX compile features - done
[1.999s] -- Found ament_cmake: 2.5.3 (/opt/ros/jazzy/share/ament_cmake/cmake)
[2.624s] -- Found Python3: /home/netweaver/venv-ardupilot/bin/python3 (found version "3.12.3") found components: Interpreter 
[3.188s] -- Found ament_lint_auto: 0.17.1 (/opt/ros/jazzy/share/ament_lint_auto/cmake)
[3.692s] -- Added test 'cppcheck' to perform static code analysis on C / C++ code
[3.693s] -- Configured cppcheck include dirs: $<BUILD_INTERFACE:/home/netweaver/Projects/GSOC/JdeRobot/ros2_challenge_ws/src/introduction_to_ros2/include>
[3.693s] -- Configured cppcheck exclude dirs and/or files: 
[3.698s] -- Added test 'lint_cmake' to check CMake code style
[3.707s] -- Added test 'uncrustify' to check C / C++ code style
[3.707s] -- Configured uncrustify additional arguments: 
[3.710s] -- Added test 'xmllint' to check XML markup files
[3.723s] -- Configuring done (3.6s)
[3.741s] -- Generating done (0.0s)
[3.751s] -- Build files have been written to: /home/netweaver/Projects/GSOC/JdeRobot/ros2_challenge_ws/src/build/introduction_to_ros2
[3.764s] Invoked command in '/home/netweaver/Projects/GSOC/JdeRobot/ros2_challenge_ws/src/build/introduction_to_ros2' returned '0': CMAKE_PREFIX_PATH=${CMAKE_PREFIX_PATH}:/opt/ros/jazzy DEBUGINFOD_URLS=https://debuginfod.ubuntu.com VIRTUAL_ENV_PROMPT=(venv-ardupilot) /usr/bin/cmake /home/netweaver/Projects/GSOC/JdeRobot/ros2_challenge_ws/src/introduction_to_ros2 -DCMAKE_INSTALL_PREFIX=/home/netweaver/Projects/GSOC/JdeRobot/ros2_challenge_ws/src/install/introduction_to_ros2
[3.768s] Invoking command in '/home/netweaver/Projects/GSOC/JdeRobot/ros2_challenge_ws/src/build/introduction_to_ros2': CMAKE_PREFIX_PATH=${CMAKE_PREFIX_PATH}:/opt/ros/jazzy DEBUGINFOD_URLS=https://debuginfod.ubuntu.com VIRTUAL_ENV_PROMPT=(venv-ardupilot) /usr/bin/cmake --build /home/netweaver/Projects/GSOC/JdeRobot/ros2_challenge_ws/src/build/introduction_to_ros2 -- -j8 -l8
[3.967s] [ 50%] [32mBuilding CXX object CMakeFiles/introduction_to_ros2.dir/src/introduction_to_ros2.cpp.o[0m
[4.160s] [100%] [32m[1mLinking CXX executable introduction_to_ros2[0m
[4.323s] [100%] Built target introduction_to_ros2
[4.355s] Invoked command in '/home/netweaver/Projects/GSOC/JdeRobot/ros2_challenge_ws/src/build/introduction_to_ros2' returned '0': CMAKE_PREFIX_PATH=${CMAKE_PREFIX_PATH}:/opt/ros/jazzy DEBUGINFOD_URLS=https://debuginfod.ubuntu.com VIRTUAL_ENV_PROMPT=(venv-ardupilot) /usr/bin/cmake --build /home/netweaver/Projects/GSOC/JdeRobot/ros2_challenge_ws/src/build/introduction_to_ros2 -- -j8 -l8
[4.384s] Invoking command in '/home/netweaver/Projects/GSOC/JdeRobot/ros2_challenge_ws/src/build/introduction_to_ros2': CMAKE_PREFIX_PATH=${CMAKE_PREFIX_PATH}:/opt/ros/jazzy DEBUGINFOD_URLS=https://debuginfod.ubuntu.com VIRTUAL_ENV_PROMPT=(venv-ardupilot) /usr/bin/cmake --install /home/netweaver/Projects/GSOC/JdeRobot/ros2_challenge_ws/src/build/introduction_to_ros2
[4.417s] -- Install configuration: ""
[4.417s] -- Installing: /home/netweaver/Projects/GSOC/JdeRobot/ros2_challenge_ws/src/install/introduction_to_ros2/lib/introduction_to_ros2/introduction_to_ros2
[4.418s] -- Installing: /home/netweaver/Projects/GSOC/JdeRobot/ros2_challenge_ws/src/install/introduction_to_ros2/share/ament_index/resource_index/package_run_dependencies/introduction_to_ros2
[4.419s] -- Installing: /home/netweaver/Projects/GSOC/JdeRobot/ros2_challenge_ws/src/install/introduction_to_ros2/share/ament_index/resource_index/parent_prefix_path/introduction_to_ros2
[4.420s] -- Installing: /home/netweaver/Projects/GSOC/JdeRobot/ros2_challenge_ws/src/install/introduction_to_ros2/share/introduction_to_ros2/environment/ament_prefix_path.sh
[4.421s] -- Installing: /home/netweaver/Projects/GSOC/JdeRobot/ros2_challenge_ws/src/install/introduction_to_ros2/share/introduction_to_ros2/environment/ament_prefix_path.dsv
[4.421s] -- Installing: /home/netweaver/Projects/GSOC/JdeRobot/ros2_challenge_ws/src/install/introduction_to_ros2/share/introduction_to_ros2/environment/path.sh
[4.422s] -- Installing: /home/netweaver/Projects/GSOC/JdeRobot/ros2_challenge_ws/src/install/introduction_to_ros2/share/introduction_to_ros2/environment/path.dsv
[4.423s] -- Installing: /home/netweaver/Projects/GSOC/JdeRobot/ros2_challenge_ws/src/install/introduction_to_ros2/share/introduction_to_ros2/local_setup.bash
[4.424s] -- Installing: /home/netweaver/Projects/GSOC/JdeRobot/ros2_challenge_ws/src/install/introduction_to_ros2/share/introduction_to_ros2/local_setup.sh
[4.424s] -- Installing: /home/netweaver/Projects/GSOC/JdeRobot/ros2_challenge_ws/src/install/introduction_to_ros2/share/introduction_to_ros2/local_setup.zsh
[4.425s] -- Installing: /home/netweaver/Projects/GSOC/JdeRobot/ros2_challenge_ws/src/install/introduction_to_ros2/share/introduction_to_ros2/local_setup.dsv
[4.426s] -- Installing: /home/netweaver/Projects/GSOC/JdeRobot/ros2_challenge_ws/src/install/introduction_to_ros2/share/introduction_to_ros2/package.dsv
[4.426s] -- Installing: /home/netweaver/Projects/GSOC/JdeRobot/ros2_challenge_ws/src/install/introduction_to_ros2/share/ament_index/resource_index/packages/introduction_to_ros2
[4.426s] -- Installing: /home/netweaver/Projects/GSOC/JdeRobot/ros2_challenge_ws/src/install/introduction_to_ros2/share/introduction_to_ros2/cmake/introduction_to_ros2Config.cmake
[4.427s] -- Installing: /home/netweaver/Projects/GSOC/JdeRobot/ros2_challenge_ws/src/install/introduction_to_ros2/share/introduction_to_ros2/cmake/introduction_to_ros2Config-version.cmake
[4.427s] -- Installing: /home/netweaver/Projects/GSOC/JdeRobot/ros2_challenge_ws/src/install/introduction_to_ros2/share/introduction_to_ros2/package.xml
[4.486s] Invoked command in '/home/netweaver/Projects/GSOC/JdeRobot/ros2_challenge_ws/src/build/introduction_to_ros2' returned '0': CMAKE_PREFIX_PATH=${CMAKE_PREFIX_PATH}:/opt/ros/jazzy DEBUGINFOD_URLS=https://debuginfod.ubuntu.com VIRTUAL_ENV_PROMPT=(venv-ardupilot) /usr/bin/cmake --install /home/netweaver/Projects/GSOC/JdeRobot/ros2_challenge_ws/src/build/introduction_to_ros2
