[10.958s] Invoking command in '/home/netweaver/Projects/GSOC/JdeRobot/ros2_challenge_ws/src/turtlebot3/turtlebot3_teleop': PYTHONPATH=/home/netweaver/Projects/GSOC/JdeRobot/ros2_challenge_ws/build/turtlebot3_teleop/prefix_override:/usr/lib/python3/dist-packages/colcon_core/task/python/colcon_distutils_commands:/home/netweaver/Projects/GSOC/JdeRobot/ros2_challenge_ws/install/turtlebot3_teleop/lib/python3.10/site-packages:${PYTHONPATH} /usr/bin/python3 -W ignore:setup.py install is deprecated -W ignore:easy_install command is deprecated setup.py egg_info --egg-base ../../../build/turtlebot3_teleop build --build-base /home/netweaver/Projects/GSOC/JdeRobot/ros2_challenge_ws/build/turtlebot3_teleop/build install --record /home/netweaver/Projects/GSOC/JdeRobot/ros2_challenge_ws/build/turtlebot3_teleop/install.log --single-version-externally-managed install_data
[14.029s] running egg_info
[14.037s] writing ../../../build/turtlebot3_teleop/turtlebot3_teleop.egg-info/PKG-INFO
[14.041s] writing dependency_links to ../../../build/turtlebot3_teleop/turtlebot3_teleop.egg-info/dependency_links.txt
[14.042s] writing entry points to ../../../build/turtlebot3_teleop/turtlebot3_teleop.egg-info/entry_points.txt
[14.054s] writing requirements to ../../../build/turtlebot3_teleop/turtlebot3_teleop.egg-info/requires.txt
[14.056s] writing top-level names to ../../../build/turtlebot3_teleop/turtlebot3_teleop.egg-info/top_level.txt
[14.064s] reading manifest file '../../../build/turtlebot3_teleop/turtlebot3_teleop.egg-info/SOURCES.txt'
[14.074s] writing manifest file '../../../build/turtlebot3_teleop/turtlebot3_teleop.egg-info/SOURCES.txt'
[14.076s] running build
[14.079s] running build_py
[14.083s] running install
[14.089s] running install_lib
[14.092s] running install_data
[14.096s] running install_egg_info
[14.117s] removing '/home/netweaver/Projects/GSOC/JdeRobot/ros2_challenge_ws/install/turtlebot3_teleop/lib/python3.10/site-packages/turtlebot3_teleop-2.2.5-py3.10.egg-info' (and everything under it)
[14.120s] Copying ../../../build/turtlebot3_teleop/turtlebot3_teleop.egg-info to /home/netweaver/Projects/GSOC/JdeRobot/ros2_challenge_ws/install/turtlebot3_teleop/lib/python3.10/site-packages/turtlebot3_teleop-2.2.5-py3.10.egg-info
[14.128s] running install_scripts
[14.317s] Installing teleop_keyboard script to /home/netweaver/Projects/GSOC/JdeRobot/ros2_challenge_ws/install/turtlebot3_teleop/lib/turtlebot3_teleop
[14.323s] writing list of installed files to '/home/netweaver/Projects/GSOC/JdeRobot/ros2_challenge_ws/build/turtlebot3_teleop/install.log'
[16.468s] Invoked command in '/home/netweaver/Projects/GSOC/JdeRobot/ros2_challenge_ws/src/turtlebot3/turtlebot3_teleop' returned '0': PYTHONPATH=/home/netweaver/Projects/GSOC/JdeRobot/ros2_challenge_ws/build/turtlebot3_teleop/prefix_override:/usr/lib/python3/dist-packages/colcon_core/task/python/colcon_distutils_commands:/home/netweaver/Projects/GSOC/JdeRobot/ros2_challenge_ws/install/turtlebot3_teleop/lib/python3.10/site-packages:${PYTHONPATH} /usr/bin/python3 -W ignore:setup.py install is deprecated -W ignore:easy_install command is deprecated setup.py egg_info --egg-base ../../../build/turtlebot3_teleop build --build-base /home/netweaver/Projects/GSOC/JdeRobot/ros2_challenge_ws/build/turtlebot3_teleop/build install --record /home/netweaver/Projects/GSOC/JdeRobot/ros2_challenge_ws/build/turtlebot3_teleop/install.log --single-version-externally-managed install_data
